Using pre-set license
Built from '2021.3/staging' branch; Version is '2021.3.9f1 (ad3870b89536) revision 11352176'; Using compiler version '192829333'; Build Type 'Release'
OS: 'Windows 11  (10.0.22621) 64bit CoreSingleLanguage' Language: 'en' Physical Memory: 8013 MB
BatchMode: 1, IsHumanControllingUs: 0, StartBugReporterOnCrash: 0, Is64bit: 1, IsPro: 1

COMMAND LINE ARGUMENTS:
C:\Program Files\Unity\Hub\Editor\2021.3.9f1\Editor\Unity.exe
-adb2
-batchMode
-noUpm
-name
AssetImportWorker5
-projectPath
D:/My project (3)
-logFile
Logs/AssetImportWorker5.log
-srvPort
57521
Successfully changed project path to: D:/My project (3)
D:/My project (3)
[UnityMemory] Configuration Parameters - Can be set up in boot.config
    "memorysetup-bucket-allocator-granularity=16"
    "memorysetup-bucket-allocator-bucket-count=8"
    "memorysetup-bucket-allocator-block-size=33554432"
    "memorysetup-bucket-allocator-block-count=8"
    "memorysetup-main-allocator-block-size=16777216"
    "memorysetup-thread-allocator-block-size=16777216"
    "memorysetup-gfx-main-allocator-block-size=16777216"
    "memorysetup-gfx-thread-allocator-block-size=16777216"
    "memorysetup-cache-allocator-block-size=4194304"
    "memorysetup-typetree-allocator-block-size=2097152"
    "memorysetup-profiler-bucket-allocator-granularity=16"
    "memorysetup-profiler-bucket-allocator-bucket-count=8"
    "memorysetup-profiler-bucket-allocator-block-size=33554432"
    "memorysetup-profiler-bucket-allocator-block-count=8"
    "memorysetup-profiler-allocator-block-size=16777216"
    "memorysetup-profiler-editor-allocator-block-size=1048576"
    "memorysetup-temp-allocator-size-main=16777216"
    "memorysetup-job-temp-allocator-block-size=2097152"
    "memorysetup-job-temp-allocator-block-size-background=1048576"
    "memorysetup-job-temp-allocator-reduction-small-platforms=262144"
    "memorysetup-temp-allocator-size-background-worker=32768"
    "memorysetup-temp-allocator-size-job-worker=262144"
    "memorysetup-temp-allocator-size-preload-manager=33554432"
    "memorysetup-temp-allocator-size-nav-mesh-worker=65536"
    "memorysetup-temp-allocator-size-audio-worker=65536"
    "memorysetup-temp-allocator-size-cloud-worker=32768"
    "memorysetup-temp-allocator-size-gi-baking-worker=262144"
    "memorysetup-temp-allocator-size-gfx=262144"
Refreshing native plugins compatible for Editor in 71.52 ms, found 3 plugins.
Preloading 0 native plugins for Editor in 0.00 ms.
Initialize engine version: 2021.3.9f1 (ad3870b89536)
[Subsystems] Discovering subsystems at path C:/Program Files/Unity/Hub/Editor/2021.3.9f1/Editor/Data/Resources/UnitySubsystems
[Subsystems] Discovering subsystems at path D:/My project (3)/Assets
GfxDevice: creating device client; threaded=0; jobified=0
Direct3D:
    Version:  Direct3D 11.0 [level 11.1]
    Renderer: NVIDIA GeForce RTX 3050 Laptop GPU (ID=0x25a2)
    Vendor:   NVIDIA
    VRAM:     3991 MB
    Driver:   31.0.15.1748
Initialize mono
Mono path[0] = 'C:/Program Files/Unity/Hub/Editor/2021.3.9f1/Editor/Data/Managed'
Mono path[1] = 'C:/Program Files/Unity/Hub/Editor/2021.3.9f1/Editor/Data/MonoBleedingEdge/lib/mono/unityjit-win32'
Mono config path = 'C:/Program Files/Unity/Hub/Editor/2021.3.9f1/Editor/Data/MonoBleedingEdge/etc'
Using monoOptions --debugger-agent=transport=dt_socket,embedding=1,server=y,suspend=n,address=127.0.0.1:56252
Begin MonoManager ReloadAssembly
Registering precompiled unity dll's ...
Register platform support module: C:/Program Files/Unity/Hub/Editor/2021.3.9f1/Editor/Data/PlaybackEngines/WebGLSupport/UnityEditor.WebGL.Extensions.dll
Register platform support module: C:/Program Files/Unity/Hub/Editor/2021.3.9f1/Editor/Data/PlaybackEngines/WindowsStandaloneSupport/UnityEditor.WindowsStandalone.Extensions.dll
Registered in 0.005016 seconds.
Native extension for WindowsStandalone target not found
Native extension for WebGL target not found
Refreshing native plugins compatible for Editor in 72.75 ms, found 3 plugins.
Preloading 0 native plugins for Editor in 0.00 ms.
Mono: successfully reloaded assembly
- Completed reload, in  0.554 seconds
Domain Reload Profiling:
	ReloadAssembly (555ms)
		BeginReloadAssembly (64ms)
			ExecutionOrderSort (0ms)
			DisableScriptedObjects (0ms)
			BackupInstance (0ms)
			ReleaseScriptingObjects (0ms)
			CreateAndSetChildDomain (1ms)
		EndReloadAssembly (394ms)
			LoadAssemblies (63ms)
			RebuildTransferFunctionScriptingTraits (0ms)
			SetupTypeCache (92ms)
			ReleaseScriptCaches (0ms)
			RebuildScriptCaches (24ms)
			SetupLoadedEditorAssemblies (234ms)
				LogAssemblyErrors (0ms)
				InitializePlatformSupportModulesInManaged (7ms)
				SetLoadedEditorAssemblies (0ms)
				RefreshPlugins (73ms)
				BeforeProcessingInitializeOnLoad (1ms)
				ProcessInitializeOnLoadAttributes (110ms)
				ProcessInitializeOnLoadMethodAttributes (42ms)
				AfterProcessingInitializeOnLoad (0ms)
				EditorAssembliesLoaded (0ms)
			ExecutionOrderSort2 (0ms)
			AwakeInstancesAfterBackupRestoration (0ms)
Platform modules already initialized, skipping
Registering precompiled user dll's ...
Registered in 0.003601 seconds.
Begin MonoManager ReloadAssembly
Symbol file LoadedFromMemory doesn't match image D:\My project (3)\Library\PackageCache\com.unity.visualscripting@1.7.8\Editor\VisualScripting.Core\Dependencies\YamlDotNet\Unity.VisualScripting.YamlDotNet.dll
Symbol file LoadedFromMemory doesn't match image D:\My project (3)\Library\PackageCache\com.unity.visualscripting@1.7.8\Editor\VisualScripting.Core\Dependencies\DotNetZip\Unity.VisualScripting.IonicZip.dll
Native extension for WindowsStandalone target not found
Native extension for WebGL target not found
Refreshing native plugins compatible for Editor in 0.57 ms, found 3 plugins.
Preloading 0 native plugins for Editor in 0.00 ms.
Mono: successfully reloaded assembly
- Completed reload, in  0.899 seconds
Domain Reload Profiling:
	ReloadAssembly (900ms)
		BeginReloadAssembly (96ms)
			ExecutionOrderSort (0ms)
			DisableScriptedObjects (5ms)
			BackupInstance (0ms)
			ReleaseScriptingObjects (0ms)
			CreateAndSetChildDomain (16ms)
		EndReloadAssembly (705ms)
			LoadAssemblies (70ms)
			RebuildTransferFunctionScriptingTraits (0ms)
			SetupTypeCache (224ms)
			ReleaseScriptCaches (1ms)
			RebuildScriptCaches (43ms)
			SetupLoadedEditorAssemblies (330ms)
				LogAssemblyErrors (0ms)
				InitializePlatformSupportModulesInManaged (6ms)
				SetLoadedEditorAssemblies (0ms)
				RefreshPlugins (1ms)
				BeforeProcessingInitializeOnLoad (74ms)
				ProcessInitializeOnLoadAttributes (218ms)
				ProcessInitializeOnLoadMethodAttributes (24ms)
				AfterProcessingInitializeOnLoad (6ms)
				EditorAssembliesLoaded (0ms)
			ExecutionOrderSort2 (0ms)
			AwakeInstancesAfterBackupRestoration (8ms)
Platform modules already initialized, skipping
========================================================================
Worker process is ready to serve import requests
Launched and connected shader compiler UnityShaderCompiler.exe after 0.05 seconds
Refreshing native plugins compatible for Editor in 0.62 ms, found 3 plugins.
Preloading 0 native plugins for Editor in 0.00 ms.
Unloading 3400 Unused Serialized files (Serialized files now loaded: 0)
Unloading 27 unused Assets / (112.7 KB). Loaded Objects now: 3882.
Memory consumption went from 156.1 MB to 156.0 MB.
Total: 2.834300 ms (FindLiveObjects: 0.291100 ms CreateObjectMapping: 0.233000 ms MarkObjects: 2.205200 ms  DeleteObjects: 0.104300 ms)

AssetImportParameters requested are different than current active one (requested -> active):
  custom:video-decoder-ogg-theora: a1e56fd34408186e4bbccfd4996cb3dc -> 
  custom:container-muxer-webm: aa71ff27fc2769a1b78a27578f13a17b -> 
  custom:container-demuxer-webm: 4f35f7cbe854078d1ac9338744f61a02 -> 
  custom:video-encoder-webm-vp8: eb34c28f22e8b96e1ab97ce403110664 -> 
  custom:audio-encoder-webm-vorbis: bf7c407c2cedff20999df2af8eb42d56 -> 
  custom:framework-win-MediaFoundation: 216162199b28c13a410421893ffa2e32 -> 
  custom:container-demuxer-ogg: 62fdf1f143b41e24485cea50d1cbac27 -> 
  custom:video-decoder-webm-vp8: 9c59270c3fd7afecdb556c50c9e8de78 -> 
  custom:audio-decoder-ogg-vorbis: bf7c407c2cedff20999df2af8eb42d56 -> 
========================================================================
Received Prepare
Registering precompiled user dll's ...
Registered in 0.003199 seconds.
Begin MonoManager ReloadAssembly
Symbol file LoadedFromMemory doesn't match image D:\My project (3)\Library\PackageCache\com.unity.visualscripting@1.7.8\Editor\VisualScripting.Core\Dependencies\YamlDotNet\Unity.VisualScripting.YamlDotNet.dll
Symbol file LoadedFromMemory doesn't match image D:\My project (3)\Library\PackageCache\com.unity.visualscripting@1.7.8\Editor\VisualScripting.Core\Dependencies\DotNetZip\Unity.VisualScripting.IonicZip.dll
Native extension for WindowsStandalone target not found
Native extension for WebGL target not found
Refreshing native plugins compatible for Editor in 0.58 ms, found 3 plugins.
Preloading 0 native plugins for Editor in 0.00 ms.
Mono: successfully reloaded assembly
- Completed reload, in  1.196 seconds
Domain Reload Profiling:
	ReloadAssembly (1197ms)
		BeginReloadAssembly (209ms)
			ExecutionOrderSort (0ms)
			DisableScriptedObjects (5ms)
			BackupInstance (0ms)
			ReleaseScriptingObjects (0ms)
			CreateAndSetChildDomain (49ms)
		EndReloadAssembly (855ms)
			LoadAssemblies (185ms)
			RebuildTransferFunctionScriptingTraits (0ms)
			SetupTypeCache (317ms)
			ReleaseScriptCaches (1ms)
			RebuildScriptCaches (37ms)
			SetupLoadedEditorAssemblies (339ms)
				LogAssemblyErrors (0ms)
				InitializePlatformSupportModulesInManaged (12ms)
				SetLoadedEditorAssemblies (0ms)
				RefreshPlugins (1ms)
				BeforeProcessingInitializeOnLoad (54ms)
				ProcessInitializeOnLoadAttributes (240ms)
				ProcessInitializeOnLoadMethodAttributes (25ms)
				AfterProcessingInitializeOnLoad (6ms)
				EditorAssembliesLoaded (0ms)
			ExecutionOrderSort2 (0ms)
			AwakeInstancesAfterBackupRestoration (6ms)
Platform modules already initialized, skipping
Refreshing native plugins compatible for Editor in 1.42 ms, found 3 plugins.
Preloading 0 native plugins for Editor in 0.00 ms.
Unloading 3384 Unused Serialized files (Serialized files now loaded: 0)
Unloading 21 unused Assets / (80.6 KB). Loaded Objects now: 3884.
Memory consumption went from 155.0 MB to 155.0 MB.
Total: 2.640900 ms (FindLiveObjects: 0.244200 ms CreateObjectMapping: 0.140000 ms MarkObjects: 2.166100 ms  DeleteObjects: 0.089800 ms)

AssetImportParameters requested are different than current active one (requested -> active):
  custom:video-decoder-ogg-theora: a1e56fd34408186e4bbccfd4996cb3dc -> 
  custom:container-muxer-webm: aa71ff27fc2769a1b78a27578f13a17b -> 
  custom:container-demuxer-webm: 4f35f7cbe854078d1ac9338744f61a02 -> 
  custom:video-encoder-webm-vp8: eb34c28f22e8b96e1ab97ce403110664 -> 
  custom:audio-encoder-webm-vorbis: bf7c407c2cedff20999df2af8eb42d56 -> 
  custom:framework-win-MediaFoundation: 216162199b28c13a410421893ffa2e32 -> 
  custom:container-demuxer-ogg: 62fdf1f143b41e24485cea50d1cbac27 -> 
  custom:video-decoder-webm-vp8: 9c59270c3fd7afecdb556c50c9e8de78 -> 
  custom:audio-decoder-ogg-vorbis: bf7c407c2cedff20999df2af8eb42d56 -> 
========================================================================
Received Prepare
Registering precompiled user dll's ...
Registered in 0.004209 seconds.
Begin MonoManager ReloadAssembly
Symbol file LoadedFromMemory doesn't match image D:\My project (3)\Library\PackageCache\com.unity.visualscripting@1.7.8\Editor\VisualScripting.Core\Dependencies\YamlDotNet\Unity.VisualScripting.YamlDotNet.dll
Symbol file LoadedFromMemory doesn't match image D:\My project (3)\Library\PackageCache\com.unity.visualscripting@1.7.8\Editor\VisualScripting.Core\Dependencies\DotNetZip\Unity.VisualScripting.IonicZip.dll
Native extension for WindowsStandalone target not found
Native extension for WebGL target not found
Refreshing native plugins compatible for Editor in 74.15 ms, found 3 plugins.
Preloading 0 native plugins for Editor in 0.00 ms.
CreateSerializedAsset is not supported while importing out-of-process
UnityEngine.StackTraceUtility:ExtractStackTrace ()
VladislavTsurikov.PhysicsSimulatorEditor.PhysicsSimulatorPath:GetPackage () (at Assets/Vladislav Tsurikov/Physics Simulator Editor/Scripts/PhysicsSimulatorPath.cs:43)
VladislavTsurikov.PhysicsSimulatorEditor.PhysicsSimulatorPath:.cctor () (at Assets/Vladislav Tsurikov/Physics Simulator Editor/Scripts/PhysicsSimulatorPath.cs:25)
System.Runtime.CompilerServices.RuntimeHelpers:RunClassConstructor (System.RuntimeTypeHandle)
UnityEditor.EditorAssemblies:ProcessInitializeOnLoadAttributes (System.Type[])

[Assets/Vladislav Tsurikov/Physics Simulator Editor/Scripts/PhysicsSimulatorPath.cs line 43]

UnityEngine.UnityException: Creating asset at path Assets/Resources/Physics Simulation Settings.asset failed.
  at (wrapper managed-to-native) UnityEditor.AssetDatabase.CreateAsset(UnityEngine.Object,string)
  at VladislavTsurikov.PhysicsSimulatorEditor.PhysicsSimulatorPath.GetPackage () [0x00041] in D:\My project (3)\Assets\Vladislav Tsurikov\Physics Simulator Editor\Scripts\PhysicsSimulatorPath.cs:43 
  at VladislavTsurikov.PhysicsSimulatorEditor.PhysicsSimulatorPath..cctor () [0x00017] in D:\My project (3)\Assets\Vladislav Tsurikov\Physics Simulator Editor\Scripts\PhysicsSimulatorPath.cs:25 
UnityEngine.StackTraceUtility:ExtractStackTrace ()
UnityEngine.DebugLogHandler:LogFormat (UnityEngine.LogType,UnityEngine.Object,string,object[])
UnityEngine.Logger:Log (UnityEngine.LogType,object)
UnityEngine.Debug:LogError (object)
UnityEditor.EditorAssemblies:ProcessInitializeOnLoadAttributes (System.Type[])

CreateSerializedAsset is not supported while importing out-of-process
UnityEngine.StackTraceUtility:ExtractStackTrace ()
VladislavTsurikov.MegaWorldSystem.SprayBrush.SprayBrushToolPath:GetPackage () (at Assets/Vladislav Tsurikov/Mega World/Scripts/Tools System/Tools/Spray Brush Tool/SprayBrushToolPath.cs:44)
VladislavTsurikov.MegaWorldSystem.SprayBrush.SprayBrushToolPath:.cctor () (at Assets/Vladislav Tsurikov/Mega World/Scripts/Tools System/Tools/Spray Brush Tool/SprayBrushToolPath.cs:26)
System.Runtime.CompilerServices.RuntimeHelpers:RunClassConstructor (System.RuntimeTypeHandle)
UnityEditor.EditorAssemblies:ProcessInitializeOnLoadAttributes (System.Type[])

[Assets/Vladislav Tsurikov/Mega World/Scripts/Tools System/Tools/Spray Brush Tool/SprayBrushToolPath.cs line 44]

UnityEngine.UnityException: Creating asset at path Assets/Resources/MegaWorld/Tools Settings/Spray Brush Tool.asset failed.
  at (wrapper managed-to-native) UnityEditor.AssetDatabase.CreateAsset(UnityEngine.Object,string)
  at VladislavTsurikov.MegaWorldSystem.SprayBrush.SprayBrushToolPath.GetPackage () [0x00045] in D:\My project (3)\Assets\Vladislav Tsurikov\Mega World\Scripts\Tools System\Tools\Spray Brush Tool\SprayBrushToolPath.cs:44 
  at VladislavTsurikov.MegaWorldSystem.SprayBrush.SprayBrushToolPath..cctor () [0x00017] in D:\My project (3)\Assets\Vladislav Tsurikov\Mega World\Scripts\Tools System\Tools\Spray Brush Tool\SprayBrushToolPath.cs:26 
UnityEngine.StackTraceUtility:ExtractStackTrace ()
UnityEngine.DebugLogHandler:LogFormat (UnityEngine.LogType,UnityEngine.Object,string,object[])
UnityEngine.Logger:Log (UnityEngine.LogType,object)
UnityEngine.Debug:LogError (object)
UnityEditor.EditorAssemblies:ProcessInitializeOnLoadAttributes (System.Type[])

CreateSerializedAsset is not supported while importing out-of-process
UnityEngine.StackTraceUtility:ExtractStackTrace ()
VladislavTsurikov.MegaWorldSystem.BrushErase.BrushEraseToolPath:GetPackage () (at Assets/Vladislav Tsurikov/Mega World/Scripts/Tools System/Tools/Brush Erase Tool/BrushEraseToolPath.cs:44)
VladislavTsurikov.MegaWorldSystem.BrushErase.BrushEraseToolPath:.cctor () (at Assets/Vladislav Tsurikov/Mega World/Scripts/Tools System/Tools/Brush Erase Tool/BrushEraseToolPath.cs:26)
System.Runtime.CompilerServices.RuntimeHelpers:RunClassConstructor (System.RuntimeTypeHandle)
UnityEditor.EditorAssemblies:ProcessInitializeOnLoadAttributes (System.Type[])

[Assets/Vladislav Tsurikov/Mega World/Scripts/Tools System/Tools/Brush Erase Tool/BrushEraseToolPath.cs line 44]

UnityEngine.UnityException: Creating asset at path Assets/Resources/MegaWorld/Tools Settings/Brush Erase Tool.asset failed.
  at (wrapper managed-to-native) UnityEditor.AssetDatabase.CreateAsset(UnityEngine.Object,string)
  at VladislavTsurikov.MegaWorldSystem.BrushErase.BrushEraseToolPath.GetPackage () [0x00045] in D:\My project (3)\Assets\Vladislav Tsurikov\Mega World\Scripts\Tools System\Tools\Brush Erase Tool\BrushEraseToolPath.cs:44 
  at VladislavTsurikov.MegaWorldSystem.BrushErase.BrushEraseToolPath..cctor () [0x00017] in D:\My project (3)\Assets\Vladislav Tsurikov\Mega World\Scripts\Tools System\Tools\Brush Erase Tool\BrushEraseToolPath.cs:26 
UnityEngine.StackTraceUtility:ExtractStackTrace ()
UnityEngine.DebugLogHandler:LogFormat (UnityEngine.LogType,UnityEngine.Object,string,object[])
UnityEngine.Logger:Log (UnityEngine.LogType,object)
UnityEngine.Debug:LogError (object)
UnityEditor.EditorAssemblies:ProcessInitializeOnLoadAttributes (System.Type[])

CreateSerializedAsset is not supported while importing out-of-process
UnityEngine.StackTraceUtility:ExtractStackTrace ()
VladislavTsurikov.MegaWorldSystem.AdvancedBrush.AdvancedBrushToolPath:GetPackage () (at Assets/Vladislav Tsurikov/Mega World/Scripts/Tools System/Tools/Advanced Brush Tool/AdvancedBrushToolPath.cs:44)
VladislavTsurikov.MegaWorldSystem.AdvancedBrush.AdvancedBrushToolPath:.cctor () (at Assets/Vladislav Tsurikov/Mega World/Scripts/Tools System/Tools/Advanced Brush Tool/AdvancedBrushToolPath.cs:26)
System.Runtime.CompilerServices.RuntimeHelpers:RunClassConstructor (System.RuntimeTypeHandle)
UnityEditor.EditorAssemblies:ProcessInitializeOnLoadAttributes (System.Type[])

[Assets/Vladislav Tsurikov/Mega World/Scripts/Tools System/Tools/Advanced Brush Tool/AdvancedBrushToolPath.cs line 44]

UnityEngine.UnityException: Creating asset at path Assets/Resources/MegaWorld/Tools Settings/Advanced Brush Tool.asset failed.
  at (wrapper managed-to-native) UnityEditor.AssetDatabase.CreateAsset(UnityEngine.Object,string)
  at VladislavTsurikov.MegaWorldSystem.AdvancedBrush.AdvancedBrushToolPath.GetPackage () [0x00045] in D:\My project (3)\Assets\Vladislav Tsurikov\Mega World\Scripts\Tools System\Tools\Advanced Brush Tool\AdvancedBrushToolPath.cs:44 
  at VladislavTsurikov.MegaWorldSystem.AdvancedBrush.AdvancedBrushToolPath..cctor () [0x00017] in D:\My project (3)\Assets\Vladislav Tsurikov\Mega World\Scripts\Tools System\Tools\Advanced Brush Tool\AdvancedBrushToolPath.cs:26 
UnityEngine.StackTraceUtility:ExtractStackTrace ()
UnityEngine.DebugLogHandler:LogFormat (UnityEngine.LogType,UnityEngine.Object,string,object[])
UnityEngine.Logger:Log (UnityEngine.LogType,object)
UnityEngine.Debug:LogError (object)
UnityEditor.EditorAssemblies:ProcessInitializeOnLoadAttributes (System.Type[])

Mono: successfully reloaded assembly
- Completed reload, in  1.244 seconds
Domain Reload Profiling:
	ReloadAssembly (1244ms)
		BeginReloadAssembly (129ms)
			ExecutionOrderSort (0ms)
			DisableScriptedObjects (5ms)
			BackupInstance (0ms)
			ReleaseScriptingObjects (0ms)
			CreateAndSetChildDomain (36ms)
		EndReloadAssembly (1027ms)
			LoadAssemblies (84ms)
			RebuildTransferFunctionScriptingTraits (0ms)
			SetupTypeCache (252ms)
			ReleaseScriptCaches (1ms)
			RebuildScriptCaches (37ms)
			SetupLoadedEditorAssemblies (618ms)
				LogAssemblyErrors (0ms)
				InitializePlatformSupportModulesInManaged (12ms)
				SetLoadedEditorAssemblies (0ms)
				RefreshPlugins (74ms)
				BeforeProcessingInitializeOnLoad (56ms)
				ProcessInitializeOnLoadAttributes (449ms)
				ProcessInitializeOnLoadMethodAttributes (22ms)
				AfterProcessingInitializeOnLoad (6ms)
				EditorAssembliesLoaded (0ms)
			ExecutionOrderSort2 (0ms)
			AwakeInstancesAfterBackupRestoration (6ms)
Platform modules already initialized, skipping
Refreshing native plugins compatible for Editor in 1.43 ms, found 3 plugins.
Preloading 0 native plugins for Editor in 0.00 ms.
Unloading 3703 Unused Serialized files (Serialized files now loaded: 0)
Unloading 20 unused Assets / (80.8 KB). Loaded Objects now: 4216.
Memory consumption went from 165.4 MB to 165.3 MB.
Total: 3.353200 ms (FindLiveObjects: 0.275400 ms CreateObjectMapping: 0.225800 ms MarkObjects: 2.757800 ms  DeleteObjects: 0.093100 ms)

AssetImportParameters requested are different than current active one (requested -> active):
  custom:video-decoder-ogg-theora: a1e56fd34408186e4bbccfd4996cb3dc -> 
  custom:container-muxer-webm: aa71ff27fc2769a1b78a27578f13a17b -> 
  custom:container-demuxer-webm: 4f35f7cbe854078d1ac9338744f61a02 -> 
  custom:video-encoder-webm-vp8: eb34c28f22e8b96e1ab97ce403110664 -> 
  custom:audio-encoder-webm-vorbis: bf7c407c2cedff20999df2af8eb42d56 -> 
  custom:framework-win-MediaFoundation: 216162199b28c13a410421893ffa2e32 -> 
  custom:container-demuxer-ogg: 62fdf1f143b41e24485cea50d1cbac27 -> 
  custom:video-decoder-webm-vp8: 9c59270c3fd7afecdb556c50c9e8de78 -> 
  custom:audio-decoder-ogg-vorbis: bf7c407c2cedff20999df2af8eb42d56 -> 
========================================================================
Received Import Request.
  Time since last request: 7965.779666 seconds.
  path: Assets/Vladislav Tsurikov/Mega World/Resources/Polaris Brushes/BuiltinNoise02.psd
  artifactKey: Guid(ae19f9c3299070140807dae7b7aa769f) Importer(815301076,1909f56bfc062723c751e8b465ee728b)
Start importing Assets/Vladislav Tsurikov/Mega World/Resources/Polaris Brushes/BuiltinNoise02.psd using Guid(ae19f9c3299070140807dae7b7aa769f) Importer(815301076,1909f56bfc062723c751e8b465ee728b)  -> (artifact id: 'dbd4e109faaeb9f2eff90454eec83f00') in 0.072249 seconds 
========================================================================
Received Import Request.
  Time since last request: 4.100639 seconds.
  path: Assets/Vladislav Tsurikov/Mega World/Resources/Polaris Brushes/BuiltinShape02.psd
  artifactKey: Guid(079dca8db87dca14089b87649416e1e5) Importer(815301076,1909f56bfc062723c751e8b465ee728b)
Start importing Assets/Vladislav Tsurikov/Mega World/Resources/Polaris Brushes/BuiltinShape02.psd using Guid(079dca8db87dca14089b87649416e1e5) Importer(815301076,1909f56bfc062723c751e8b465ee728b)  -> (artifact id: '06cf3ea82fff5f0ea2688bdc3fce4221') in 0.018361 seconds 
========================================================================
Received Import Request.
  Time since last request: 0.000023 seconds.
  path: Assets/Vladislav Tsurikov/Mega World/Resources/Polaris Brushes/BuiltinSmooth03.psd
  artifactKey: Guid(5c6164788fb5fe249897f295005501a0) Importer(815301076,1909f56bfc062723c751e8b465ee728b)
Start importing Assets/Vladislav Tsurikov/Mega World/Resources/Polaris Brushes/BuiltinSmooth03.psd using Guid(5c6164788fb5fe249897f295005501a0) Importer(815301076,1909f56bfc062723c751e8b465ee728b)  -> (artifact id: '05a0419ea52e6b2e7c83299f8e4defaa') in 0.010977 seconds 
========================================================================
Received Import Request.
  Time since last request: 0.000021 seconds.
  path: Assets/Vladislav Tsurikov/Mega World/Resources/Polaris Brushes/SharpCircle.png
  artifactKey: Guid(7887f4b2af6d9e84180d5180c062e4f9) Importer(815301076,1909f56bfc062723c751e8b465ee728b)
Start importing Assets/Vladislav Tsurikov/Mega World/Resources/Polaris Brushes/SharpCircle.png using Guid(7887f4b2af6d9e84180d5180c062e4f9) Importer(815301076,1909f56bfc062723c751e8b465ee728b)  -> (artifact id: '3665d7003c55bc2c2bed8ff4edbce98b') in 0.015262 seconds 
========================================================================
Received Import Request.
  Time since last request: 0.000028 seconds.
  path: Assets/Vladislav Tsurikov/Mega World/Resources/Polaris Brushes/BuiltinSmooth02.psd
  artifactKey: Guid(19a6510749097754ea3dfa7bfcda86d3) Importer(815301076,1909f56bfc062723c751e8b465ee728b)
Start importing Assets/Vladislav Tsurikov/Mega World/Resources/Polaris Brushes/BuiltinSmooth02.psd using Guid(19a6510749097754ea3dfa7bfcda86d3) Importer(815301076,1909f56bfc062723c751e8b465ee728b)  -> (artifact id: '3bfd8ee35656e9b8d6a8a58eeee3f508') in 0.014920 seconds 
========================================================================
Received Import Request.
  Time since last request: 0.000028 seconds.
  path: Assets/Vladislav Tsurikov/Mega World/Resources/Polaris Brushes/WhiteSquare.png
  artifactKey: Guid(296acee8c6e148844a377827cc3108b5) Importer(815301076,1909f56bfc062723c751e8b465ee728b)
Start importing Assets/Vladislav Tsurikov/Mega World/Resources/Polaris Brushes/WhiteSquare.png using Guid(296acee8c6e148844a377827cc3108b5) Importer(815301076,1909f56bfc062723c751e8b465ee728b)  -> (artifact id: '80680d07fa12ab6b658250c91814d4ae') in 0.012667 seconds 
Editor requested this worker to shutdown with reason: Scaling down because of idle timeout
AssetImportWorker is now disconnected from the server
Process exiting
Exiting without the bug reporter. Application will terminate with return code 0