Using pre-set license
Built from '2021.3/staging' branch; Version is '2021.3.9f1 (ad3870b89536) revision 11352176'; Using compiler version '192829333'; Build Type 'Release'
OS: 'Windows 11  (10.0.22621) 64bit CoreSingleLanguage' Language: 'en' Physical Memory: 8013 MB
BatchMode: 1, IsHumanControllingUs: 0, StartBugReporterOnCrash: 0, Is64bit: 1, IsPro: 1

COMMAND LINE ARGUMENTS:
C:\Program Files\Unity\Hub\Editor\2021.3.9f1\Editor\Unity.exe
-adb2
-batchMode
-noUpm
-name
AssetImportWorker7
-projectPath
D:/My project (3)
-logFile
Logs/AssetImportWorker7.log
-srvPort
57521
Successfully changed project path to: D:/My project (3)
D:/My project (3)
[UnityMemory] Configuration Parameters - Can be set up in boot.config
    "memorysetup-bucket-allocator-granularity=16"
    "memorysetup-bucket-allocator-bucket-count=8"
    "memorysetup-bucket-allocator-block-size=33554432"
    "memorysetup-bucket-allocator-block-count=8"
    "memorysetup-main-allocator-block-size=16777216"
    "memorysetup-thread-allocator-block-size=16777216"
    "memorysetup-gfx-main-allocator-block-size=16777216"
    "memorysetup-gfx-thread-allocator-block-size=16777216"
    "memorysetup-cache-allocator-block-size=4194304"
    "memorysetup-typetree-allocator-block-size=2097152"
    "memorysetup-profiler-bucket-allocator-granularity=16"
    "memorysetup-profiler-bucket-allocator-bucket-count=8"
    "memorysetup-profiler-bucket-allocator-block-size=33554432"
    "memorysetup-profiler-bucket-allocator-block-count=8"
    "memorysetup-profiler-allocator-block-size=16777216"
    "memorysetup-profiler-editor-allocator-block-size=1048576"
    "memorysetup-temp-allocator-size-main=16777216"
    "memorysetup-job-temp-allocator-block-size=2097152"
    "memorysetup-job-temp-allocator-block-size-background=1048576"
    "memorysetup-job-temp-allocator-reduction-small-platforms=262144"
    "memorysetup-temp-allocator-size-background-worker=32768"
    "memorysetup-temp-allocator-size-job-worker=262144"
    "memorysetup-temp-allocator-size-preload-manager=33554432"
    "memorysetup-temp-allocator-size-nav-mesh-worker=65536"
    "memorysetup-temp-allocator-size-audio-worker=65536"
    "memorysetup-temp-allocator-size-cloud-worker=32768"
    "memorysetup-temp-allocator-size-gi-baking-worker=262144"
    "memorysetup-temp-allocator-size-gfx=262144"
Refreshing native plugins compatible for Editor in 87.77 ms, found 3 plugins.
Preloading 0 native plugins for Editor in 0.00 ms.
Initialize engine version: 2021.3.9f1 (ad3870b89536)
[Subsystems] Discovering subsystems at path C:/Program Files/Unity/Hub/Editor/2021.3.9f1/Editor/Data/Resources/UnitySubsystems
[Subsystems] Discovering subsystems at path D:/My project (3)/Assets
GfxDevice: creating device client; threaded=0; jobified=0
Direct3D:
    Version:  Direct3D 11.0 [level 11.1]
    Renderer: NVIDIA GeForce RTX 3050 Laptop GPU (ID=0x25a2)
    Vendor:   NVIDIA
    VRAM:     3991 MB
    Driver:   31.0.15.1748
Initialize mono
Mono path[0] = 'C:/Program Files/Unity/Hub/Editor/2021.3.9f1/Editor/Data/Managed'
Mono path[1] = 'C:/Program Files/Unity/Hub/Editor/2021.3.9f1/Editor/Data/MonoBleedingEdge/lib/mono/unityjit-win32'
Mono config path = 'C:/Program Files/Unity/Hub/Editor/2021.3.9f1/Editor/Data/MonoBleedingEdge/etc'
Using monoOptions --debugger-agent=transport=dt_socket,embedding=1,server=y,suspend=n,address=127.0.0.1:56104
Begin MonoManager ReloadAssembly
Registering precompiled unity dll's ...
Register platform support module: C:/Program Files/Unity/Hub/Editor/2021.3.9f1/Editor/Data/PlaybackEngines/WebGLSupport/UnityEditor.WebGL.Extensions.dll
Register platform support module: C:/Program Files/Unity/Hub/Editor/2021.3.9f1/Editor/Data/PlaybackEngines/WindowsStandaloneSupport/UnityEditor.WindowsStandalone.Extensions.dll
Registered in 0.007337 seconds.
Native extension for WindowsStandalone target not found
Native extension for WebGL target not found
Refreshing native plugins compatible for Editor in 75.11 ms, found 3 plugins.
Preloading 0 native plugins for Editor in 0.00 ms.
Mono: successfully reloaded assembly
- Completed reload, in  0.622 seconds
Domain Reload Profiling:
	ReloadAssembly (622ms)
		BeginReloadAssembly (112ms)
			ExecutionOrderSort (0ms)
			DisableScriptedObjects (0ms)
			BackupInstance (0ms)
			ReleaseScriptingObjects (0ms)
			CreateAndSetChildDomain (1ms)
		EndReloadAssembly (412ms)
			LoadAssemblies (111ms)
			RebuildTransferFunctionScriptingTraits (0ms)
			SetupTypeCache (104ms)
			ReleaseScriptCaches (0ms)
			RebuildScriptCaches (28ms)
			SetupLoadedEditorAssemblies (233ms)
				LogAssemblyErrors (0ms)
				InitializePlatformSupportModulesInManaged (7ms)
				SetLoadedEditorAssemblies (0ms)
				RefreshPlugins (75ms)
				BeforeProcessingInitializeOnLoad (1ms)
				ProcessInitializeOnLoadAttributes (109ms)
				ProcessInitializeOnLoadMethodAttributes (40ms)
				AfterProcessingInitializeOnLoad (0ms)
				EditorAssembliesLoaded (0ms)
			ExecutionOrderSort2 (0ms)
			AwakeInstancesAfterBackupRestoration (0ms)
Platform modules already initialized, skipping
Registering precompiled user dll's ...
Registered in 0.014968 seconds.
Begin MonoManager ReloadAssembly
Symbol file LoadedFromMemory doesn't match image D:\My project (3)\Library\PackageCache\com.unity.visualscripting@1.7.8\Editor\VisualScripting.Core\Dependencies\YamlDotNet\Unity.VisualScripting.YamlDotNet.dll
Symbol file LoadedFromMemory doesn't match image D:\My project (3)\Library\PackageCache\com.unity.visualscripting@1.7.8\Editor\VisualScripting.Core\Dependencies\DotNetZip\Unity.VisualScripting.IonicZip.dll
Native extension for WindowsStandalone target not found
Native extension for WebGL target not found
Refreshing native plugins compatible for Editor in 75.04 ms, found 3 plugins.
Preloading 0 native plugins for Editor in 0.00 ms.
Mono: successfully reloaded assembly
- Completed reload, in  1.335 seconds
Domain Reload Profiling:
	ReloadAssembly (1335ms)
		BeginReloadAssembly (140ms)
			ExecutionOrderSort (0ms)
			DisableScriptedObjects (7ms)
			BackupInstance (0ms)
			ReleaseScriptingObjects (0ms)
			CreateAndSetChildDomain (25ms)
		EndReloadAssembly (1071ms)
			LoadAssemblies (131ms)
			RebuildTransferFunctionScriptingTraits (0ms)
			SetupTypeCache (233ms)
			ReleaseScriptCaches (1ms)
			RebuildScriptCaches (47ms)
			SetupLoadedEditorAssemblies (643ms)
				LogAssemblyErrors (0ms)
				InitializePlatformSupportModulesInManaged (5ms)
				SetLoadedEditorAssemblies (0ms)
				RefreshPlugins (75ms)
				BeforeProcessingInitializeOnLoad (73ms)
				ProcessInitializeOnLoadAttributes (458ms)
				ProcessInitializeOnLoadMethodAttributes (25ms)
				AfterProcessingInitializeOnLoad (6ms)
				EditorAssembliesLoaded (0ms)
			ExecutionOrderSort2 (0ms)
			AwakeInstancesAfterBackupRestoration (6ms)
Platform modules already initialized, skipping
========================================================================
Worker process is ready to serve import requests
Launched and connected shader compiler UnityShaderCompiler.exe after 0.04 seconds
Refreshing native plugins compatible for Editor in 1.20 ms, found 3 plugins.
Preloading 0 native plugins for Editor in 0.00 ms.
Unloading 3739 Unused Serialized files (Serialized files now loaded: 0)
Unloading 39 unused Assets / (289.5 KB). Loaded Objects now: 4223.
Memory consumption went from 169.6 MB to 169.4 MB.
Total: 4.118400 ms (FindLiveObjects: 0.350200 ms CreateObjectMapping: 0.269800 ms MarkObjects: 3.250900 ms  DeleteObjects: 0.246400 ms)

AssetImportParameters requested are different than current active one (requested -> active):
  custom:video-decoder-ogg-theora: a1e56fd34408186e4bbccfd4996cb3dc -> 
  custom:container-muxer-webm: aa71ff27fc2769a1b78a27578f13a17b -> 
  custom:container-demuxer-webm: 4f35f7cbe854078d1ac9338744f61a02 -> 
  custom:video-encoder-webm-vp8: eb34c28f22e8b96e1ab97ce403110664 -> 
  custom:audio-encoder-webm-vorbis: bf7c407c2cedff20999df2af8eb42d56 -> 
  custom:framework-win-MediaFoundation: 216162199b28c13a410421893ffa2e32 -> 
  custom:container-demuxer-ogg: 62fdf1f143b41e24485cea50d1cbac27 -> 
  custom:video-decoder-webm-vp8: 9c59270c3fd7afecdb556c50c9e8de78 -> 
  custom:audio-decoder-ogg-vorbis: bf7c407c2cedff20999df2af8eb42d56 -> 
========================================================================
Received Import Request.
  Time since last request: 8259.771838 seconds.
  path: Assets/ADG_Textures/ground_vol1/ground12/ground12_Ambient_Occlusion.tga
  artifactKey: Guid(486d05903420710488646c5c8e8fd3a6) Importer(815301076,1909f56bfc062723c751e8b465ee728b)
Start importing Assets/ADG_Textures/ground_vol1/ground12/ground12_Ambient_Occlusion.tga using Guid(486d05903420710488646c5c8e8fd3a6) Importer(815301076,1909f56bfc062723c751e8b465ee728b)  -> (artifact id: 'ce85dc2c3759a017672fb2c25b35a31f') in 0.111437 seconds 
========================================================================
Received Import Request.
  Time since last request: 0.000030 seconds.
  path: Assets/ADG_Textures/ground_vol1/ground13/ground13_Normal.tga
  artifactKey: Guid(b2fb145365da39b43bb38b3d3d3db1eb) Importer(815301076,1909f56bfc062723c751e8b465ee728b)
Start importing Assets/ADG_Textures/ground_vol1/ground13/ground13_Normal.tga using Guid(b2fb145365da39b43bb38b3d3d3db1eb) Importer(815301076,1909f56bfc062723c751e8b465ee728b)  -> (artifact id: 'b5e234fb2c6d3ec47871f756424f0188') in 0.065591 seconds 
========================================================================
Received Import Request.
  Time since last request: 0.000034 seconds.
  path: Assets/Vladislav Tsurikov/Custom GUI/GUISkin/Images/IconButton/IconButtonOkActive.png
  artifactKey: Guid(9dcf82a90e9b16346afcc51c076b4c78) Importer(815301076,1909f56bfc062723c751e8b465ee728b)
Start importing Assets/Vladislav Tsurikov/Custom GUI/GUISkin/Images/IconButton/IconButtonOkActive.png using Guid(9dcf82a90e9b16346afcc51c076b4c78) Importer(815301076,1909f56bfc062723c751e8b465ee728b)  -> (artifact id: 'cfbd17ad8f35f142c95cd6c582e1486f') in 0.023798 seconds 
========================================================================
Received Import Request.
  Time since last request: 0.000021 seconds.
  path: Assets/Vladislav Tsurikov/Custom GUI/GUISkin/Images/IconButton/IconButtonCancelHover.png
  artifactKey: Guid(122b621c2b299f84bb371c5d7c2fb274) Importer(815301076,1909f56bfc062723c751e8b465ee728b)
Start importing Assets/Vladislav Tsurikov/Custom GUI/GUISkin/Images/IconButton/IconButtonCancelHover.png using Guid(122b621c2b299f84bb371c5d7c2fb274) Importer(815301076,1909f56bfc062723c751e8b465ee728b)  -> (artifact id: 'a7b1fa36901b3006bab2c31972948d45') in 0.011655 seconds 
========================================================================
Received Import Request.
  Time since last request: 0.000047 seconds.
  path: Assets/ADG_Textures/ground_vol1/ground14/ground14_Metallic.tga
  artifactKey: Guid(65f04b330297cc244aaa78ae4015f466) Importer(815301076,1909f56bfc062723c751e8b465ee728b)
Start importing Assets/ADG_Textures/ground_vol1/ground14/ground14_Metallic.tga using Guid(65f04b330297cc244aaa78ae4015f466) Importer(815301076,1909f56bfc062723c751e8b465ee728b)  -> (artifact id: '7c321b712df4e48c61a6635b4d8ed53d') in 0.026530 seconds 
========================================================================
Received Import Request.
  Time since last request: 0.000050 seconds.
  path: Assets/ADG_Textures/ground_vol1/ground12/ground12_Metallic.tga
  artifactKey: Guid(a3aed34c5d04f4f43a8e671599061421) Importer(815301076,1909f56bfc062723c751e8b465ee728b)
Start importing Assets/ADG_Textures/ground_vol1/ground12/ground12_Metallic.tga using Guid(a3aed34c5d04f4f43a8e671599061421) Importer(815301076,1909f56bfc062723c751e8b465ee728b)  -> (artifact id: '7b7f97197acad07e3c61809b0e9504f8') in 0.018534 seconds 
========================================================================
Received Import Request.
  Time since last request: 0.113024 seconds.
  path: Assets/Vladislav Tsurikov/Custom GUI/GUISkin/Images/IconButton/IconButtonPlusActive.png
  artifactKey: Guid(f302507b339a4da40abb54975f6f764f) Importer(815301076,1909f56bfc062723c751e8b465ee728b)
Start importing Assets/Vladislav Tsurikov/Custom GUI/GUISkin/Images/IconButton/IconButtonPlusActive.png using Guid(f302507b339a4da40abb54975f6f764f) Importer(815301076,1909f56bfc062723c751e8b465ee728b)  -> (artifact id: 'aec0f76e060dcdd683ff5213a748cd34') in 0.012297 seconds 
========================================================================
Received Import Request.
  Time since last request: 0.000030 seconds.
  path: Assets/SimpleCloudSystem by RM/SceneComponents/LABELS/LABEL1.png
  artifactKey: Guid(9c2e403b28a50f54e8cf73b92388d311) Importer(815301076,1909f56bfc062723c751e8b465ee728b)
Start importing Assets/SimpleCloudSystem by RM/SceneComponents/LABELS/LABEL1.png using Guid(9c2e403b28a50f54e8cf73b92388d311) Importer(815301076,1909f56bfc062723c751e8b465ee728b)  -> (artifact id: '3d51cb58fcfb17790af2a7c2544a3949') in 0.016627 seconds 
========================================================================
Received Import Request.
  Time since last request: 0.021491 seconds.
  path: Assets/SimpleCloudSystem by RM/SceneComponents/LABELS/LABEL4.png
  artifactKey: Guid(d285f29c83049994eb608bc1e7339280) Importer(815301076,1909f56bfc062723c751e8b465ee728b)
Start importing Assets/SimpleCloudSystem by RM/SceneComponents/LABELS/LABEL4.png using Guid(d285f29c83049994eb608bc1e7339280) Importer(815301076,1909f56bfc062723c751e8b465ee728b)  -> (artifact id: '559a38e9d31330757531ef7b11ec35a1') in 0.016274 seconds 
========================================================================
Received Import Request.
  Time since last request: 0.000030 seconds.
  path: Assets/Vladislav Tsurikov/Mega World/Resources/Images/move.png
  artifactKey: Guid(e3f38dee2c025e247a63c98e9879a20c) Importer(815301076,1909f56bfc062723c751e8b465ee728b)
Start importing Assets/Vladislav Tsurikov/Mega World/Resources/Images/move.png using Guid(e3f38dee2c025e247a63c98e9879a20c) Importer(815301076,1909f56bfc062723c751e8b465ee728b)  -> (artifact id: '677a5fce507a2f20daccac0b91d281cd') in 0.016994 seconds 
========================================================================
Received Import Request.
  Time since last request: 0.000124 seconds.
  path: Assets/SimpleCloudSystem by RM/SceneComponents/Landscape/Landscape_D.png
  artifactKey: Guid(27451811a3f0be54a9673effd9e4ff04) Importer(815301076,1909f56bfc062723c751e8b465ee728b)
Start importing Assets/SimpleCloudSystem by RM/SceneComponents/Landscape/Landscape_D.png using Guid(27451811a3f0be54a9673effd9e4ff04) Importer(815301076,1909f56bfc062723c751e8b465ee728b)  -> (artifact id: '250ac40b94d4536b1c2d71575eb4f354') in 0.017614 seconds 
========================================================================
Received Import Request.
  Time since last request: 0.256874 seconds.
  path: Assets/SimpleCloudSystem by RM/Clouds/SunnyClouds_Materials/SunnyClouds_Textures/S_Cloud4.png
  artifactKey: Guid(7c12ff35c08d3564bae9ab5fc49388e0) Importer(815301076,1909f56bfc062723c751e8b465ee728b)
Start importing Assets/SimpleCloudSystem by RM/Clouds/SunnyClouds_Materials/SunnyClouds_Textures/S_Cloud4.png using Guid(7c12ff35c08d3564bae9ab5fc49388e0) Importer(815301076,1909f56bfc062723c751e8b465ee728b)  -> (artifact id: '478adfec4137e5a37cafe7e57251e86b') in 0.022262 seconds 
========================================================================
Received Import Request.
  Time since last request: 0.000025 seconds.
  path: Assets/SimpleCloudSystem by RM/Clouds/SunnyClouds_Materials/SunnyClouds_Textures/S_Cloud6.png
  artifactKey: Guid(94fbf9cf945abe54e8d6962352b88fa6) Importer(815301076,1909f56bfc062723c751e8b465ee728b)
Start importing Assets/SimpleCloudSystem by RM/Clouds/SunnyClouds_Materials/SunnyClouds_Textures/S_Cloud6.png using Guid(94fbf9cf945abe54e8d6962352b88fa6) Importer(815301076,1909f56bfc062723c751e8b465ee728b)  -> (artifact id: '1d16ecd73d6afadb98c6f067a2bfe120') in 0.012952 seconds 
========================================================================
Received Import Request.
  Time since last request: 0.028633 seconds.
  path: Assets/Realistic Rock/Rock/TileDiffuse.tga
  artifactKey: Guid(2fdde73f26a14594cbfb1a5f29b39db1) Importer(815301076,1909f56bfc062723c751e8b465ee728b)
Start importing Assets/Realistic Rock/Rock/TileDiffuse.tga using Guid(2fdde73f26a14594cbfb1a5f29b39db1) Importer(815301076,1909f56bfc062723c751e8b465ee728b)  -> (artifact id: 'ad1a626484daab1967cf73a50ef9eb94') in 0.017293 seconds 
========================================================================
Received Prepare
Registering precompiled user dll's ...
Registered in 0.003224 seconds.
Begin MonoManager ReloadAssembly
Symbol file LoadedFromMemory doesn't match image D:\My project (3)\Library\PackageCache\com.unity.visualscripting@1.7.8\Editor\VisualScripting.Core\Dependencies\YamlDotNet\Unity.VisualScripting.YamlDotNet.dll
Symbol file LoadedFromMemory doesn't match image D:\My project (3)\Library\PackageCache\com.unity.visualscripting@1.7.8\Editor\VisualScripting.Core\Dependencies\DotNetZip\Unity.VisualScripting.IonicZip.dll
Native extension for WindowsStandalone target not found
Native extension for WebGL target not found
Refreshing native plugins compatible for Editor in 0.66 ms, found 3 plugins.
Preloading 0 native plugins for Editor in 0.00 ms.
Mono: successfully reloaded assembly
- Completed reload, in  1.290 seconds
Domain Reload Profiling:
	ReloadAssembly (1291ms)
		BeginReloadAssembly (165ms)
			ExecutionOrderSort (0ms)
			DisableScriptedObjects (5ms)
			BackupInstance (0ms)
			ReleaseScriptingObjects (0ms)
			CreateAndSetChildDomain (54ms)
		EndReloadAssembly (1004ms)
			LoadAssemblies (100ms)
			RebuildTransferFunctionScriptingTraits (0ms)
			SetupTypeCache (255ms)
			ReleaseScriptCaches (1ms)
			RebuildScriptCaches (37ms)
			SetupLoadedEditorAssemblies (579ms)
				LogAssemblyErrors (0ms)
				InitializePlatformSupportModulesInManaged (12ms)
				SetLoadedEditorAssemblies (0ms)
				RefreshPlugins (1ms)
				BeforeProcessingInitializeOnLoad (53ms)
				ProcessInitializeOnLoadAttributes (475ms)
				ProcessInitializeOnLoadMethodAttributes (30ms)
				AfterProcessingInitializeOnLoad (7ms)
				EditorAssembliesLoaded (0ms)
			ExecutionOrderSort2 (0ms)
			AwakeInstancesAfterBackupRestoration (7ms)
Platform modules already initialized, skipping
Refreshing native plugins compatible for Editor in 1.65 ms, found 3 plugins.
Preloading 0 native plugins for Editor in 0.00 ms.
Unloading 3708 Unused Serialized files (Serialized files now loaded: 0)
Unloading 25 unused Assets / (257.7 KB). Loaded Objects now: 4236.
Memory consumption went from 171.6 MB to 171.4 MB.
Total: 2.910200 ms (FindLiveObjects: 0.257600 ms CreateObjectMapping: 0.175100 ms MarkObjects: 2.369100 ms  DeleteObjects: 0.107800 ms)

AssetImportParameters requested are different than current active one (requested -> active):
  custom:video-decoder-ogg-theora: a1e56fd34408186e4bbccfd4996cb3dc -> 
  custom:container-muxer-webm: aa71ff27fc2769a1b78a27578f13a17b -> 
  custom:container-demuxer-webm: 4f35f7cbe854078d1ac9338744f61a02 -> 
  custom:video-encoder-webm-vp8: eb34c28f22e8b96e1ab97ce403110664 -> 
  custom:audio-encoder-webm-vorbis: bf7c407c2cedff20999df2af8eb42d56 -> 
  custom:framework-win-MediaFoundation: 216162199b28c13a410421893ffa2e32 -> 
  custom:container-demuxer-ogg: 62fdf1f143b41e24485cea50d1cbac27 -> 
  custom:video-decoder-webm-vp8: 9c59270c3fd7afecdb556c50c9e8de78 -> 
  custom:audio-decoder-ogg-vorbis: bf7c407c2cedff20999df2af8eb42d56 -> 
Editor requested this worker to shutdown with reason: Scaling down because of idle timeout
AssetImportWorker is now disconnected from the server
Process exiting
Exiting without the bug reporter. Application will terminate with return code 0