Using pre-set license
Built from '2021.3/staging' branch; Version is '2021.3.9f1 (ad3870b89536) revision 11352176'; Using compiler version '192829333'; Build Type 'Release'
OS: 'Windows 11  (10.0.22621) 64bit CoreSingleLanguage' Language: 'en' Physical Memory: 8013 MB
BatchMode: 1, IsHumanControllingUs: 0, StartBugReporterOnCrash: 0, Is64bit: 1, IsPro: 1

COMMAND LINE ARGUMENTS:
C:\Program Files\Unity\Hub\Editor\2021.3.9f1\Editor\Unity.exe
-adb2
-batchMode
-noUpm
-name
AssetImportWorker6
-projectPath
D:/My project (3)
-logFile
Logs/AssetImportWorker6.log
-srvPort
57521
Successfully changed project path to: D:/My project (3)
D:/My project (3)
[UnityMemory] Configuration Parameters - Can be set up in boot.config
    "memorysetup-bucket-allocator-granularity=16"
    "memorysetup-bucket-allocator-bucket-count=8"
    "memorysetup-bucket-allocator-block-size=33554432"
    "memorysetup-bucket-allocator-block-count=8"
    "memorysetup-main-allocator-block-size=16777216"
    "memorysetup-thread-allocator-block-size=16777216"
    "memorysetup-gfx-main-allocator-block-size=16777216"
    "memorysetup-gfx-thread-allocator-block-size=16777216"
    "memorysetup-cache-allocator-block-size=4194304"
    "memorysetup-typetree-allocator-block-size=2097152"
    "memorysetup-profiler-bucket-allocator-granularity=16"
    "memorysetup-profiler-bucket-allocator-bucket-count=8"
    "memorysetup-profiler-bucket-allocator-block-size=33554432"
    "memorysetup-profiler-bucket-allocator-block-count=8"
    "memorysetup-profiler-allocator-block-size=16777216"
    "memorysetup-profiler-editor-allocator-block-size=1048576"
    "memorysetup-temp-allocator-size-main=16777216"
    "memorysetup-job-temp-allocator-block-size=2097152"
    "memorysetup-job-temp-allocator-block-size-background=1048576"
    "memorysetup-job-temp-allocator-reduction-small-platforms=262144"
    "memorysetup-temp-allocator-size-background-worker=32768"
    "memorysetup-temp-allocator-size-job-worker=262144"
    "memorysetup-temp-allocator-size-preload-manager=33554432"
    "memorysetup-temp-allocator-size-nav-mesh-worker=65536"
    "memorysetup-temp-allocator-size-audio-worker=65536"
    "memorysetup-temp-allocator-size-cloud-worker=32768"
    "memorysetup-temp-allocator-size-gi-baking-worker=262144"
    "memorysetup-temp-allocator-size-gfx=262144"
Refreshing native plugins compatible for Editor in 91.78 ms, found 3 plugins.
Preloading 0 native plugins for Editor in 0.00 ms.
Initialize engine version: 2021.3.9f1 (ad3870b89536)
[Subsystems] Discovering subsystems at path C:/Program Files/Unity/Hub/Editor/2021.3.9f1/Editor/Data/Resources/UnitySubsystems
[Subsystems] Discovering subsystems at path D:/My project (3)/Assets
GfxDevice: creating device client; threaded=0; jobified=0
Direct3D:
    Version:  Direct3D 11.0 [level 11.1]
    Renderer: NVIDIA GeForce RTX 3050 Laptop GPU (ID=0x25a2)
    Vendor:   NVIDIA
    VRAM:     3991 MB
    Driver:   31.0.15.1748
Initialize mono
Mono path[0] = 'C:/Program Files/Unity/Hub/Editor/2021.3.9f1/Editor/Data/Managed'
Mono path[1] = 'C:/Program Files/Unity/Hub/Editor/2021.3.9f1/Editor/Data/MonoBleedingEdge/lib/mono/unityjit-win32'
Mono config path = 'C:/Program Files/Unity/Hub/Editor/2021.3.9f1/Editor/Data/MonoBleedingEdge/etc'
Using monoOptions --debugger-agent=transport=dt_socket,embedding=1,server=y,suspend=n,address=127.0.0.1:56412
Begin MonoManager ReloadAssembly
Registering precompiled unity dll's ...
Register platform support module: C:/Program Files/Unity/Hub/Editor/2021.3.9f1/Editor/Data/PlaybackEngines/WebGLSupport/UnityEditor.WebGL.Extensions.dll
Register platform support module: C:/Program Files/Unity/Hub/Editor/2021.3.9f1/Editor/Data/PlaybackEngines/WindowsStandaloneSupport/UnityEditor.WindowsStandalone.Extensions.dll
Registered in 0.011555 seconds.
Native extension for WindowsStandalone target not found
Native extension for WebGL target not found
Refreshing native plugins compatible for Editor in 74.08 ms, found 3 plugins.
Preloading 0 native plugins for Editor in 0.00 ms.
Mono: successfully reloaded assembly
- Completed reload, in  0.706 seconds
Domain Reload Profiling:
	ReloadAssembly (707ms)
		BeginReloadAssembly (189ms)
			ExecutionOrderSort (0ms)
			DisableScriptedObjects (0ms)
			BackupInstance (0ms)
			ReleaseScriptingObjects (0ms)
			CreateAndSetChildDomain (1ms)
		EndReloadAssembly (405ms)
			LoadAssemblies (188ms)
			RebuildTransferFunctionScriptingTraits (0ms)
			SetupTypeCache (104ms)
			ReleaseScriptCaches (0ms)
			RebuildScriptCaches (25ms)
			SetupLoadedEditorAssemblies (230ms)
				LogAssemblyErrors (0ms)
				InitializePlatformSupportModulesInManaged (7ms)
				SetLoadedEditorAssemblies (0ms)
				RefreshPlugins (74ms)
				BeforeProcessingInitializeOnLoad (1ms)
				ProcessInitializeOnLoadAttributes (106ms)
				ProcessInitializeOnLoadMethodAttributes (41ms)
				AfterProcessingInitializeOnLoad (0ms)
				EditorAssembliesLoaded (0ms)
			ExecutionOrderSort2 (0ms)
			AwakeInstancesAfterBackupRestoration (0ms)
Platform modules already initialized, skipping
Registering precompiled user dll's ...
Registered in 5.940577 seconds.
Begin MonoManager ReloadAssembly
Symbol file LoadedFromMemory doesn't match image D:\My project (3)\Library\PackageCache\com.unity.visualscripting@1.7.8\Editor\VisualScripting.Core\Dependencies\YamlDotNet\Unity.VisualScripting.YamlDotNet.dll
Symbol file LoadedFromMemory doesn't match image D:\My project (3)\Library\PackageCache\com.unity.visualscripting@1.7.8\Editor\VisualScripting.Core\Dependencies\DotNetZip\Unity.VisualScripting.IonicZip.dll
Native extension for WindowsStandalone target not found
Native extension for WebGL target not found
Refreshing native plugins compatible for Editor in 75.48 ms, found 3 plugins.
Preloading 0 native plugins for Editor in 0.00 ms.
Mono: successfully reloaded assembly
- Completed reload, in  6.726 seconds
Domain Reload Profiling:
	ReloadAssembly (6727ms)
		BeginReloadAssembly (97ms)
			ExecutionOrderSort (0ms)
			DisableScriptedObjects (5ms)
			BackupInstance (0ms)
			ReleaseScriptingObjects (0ms)
			CreateAndSetChildDomain (16ms)
		EndReloadAssembly (6517ms)
			LoadAssemblies (5543ms)
			RebuildTransferFunctionScriptingTraits (0ms)
			SetupTypeCache (249ms)
			ReleaseScriptCaches (1ms)
			RebuildScriptCaches (47ms)
			SetupLoadedEditorAssemblies (643ms)
				LogAssemblyErrors (0ms)
				InitializePlatformSupportModulesInManaged (5ms)
				SetLoadedEditorAssemblies (0ms)
				RefreshPlugins (76ms)
				BeforeProcessingInitializeOnLoad (73ms)
				ProcessInitializeOnLoadAttributes (459ms)
				ProcessInitializeOnLoadMethodAttributes (26ms)
				AfterProcessingInitializeOnLoad (6ms)
				EditorAssembliesLoaded (0ms)
			ExecutionOrderSort2 (0ms)
			AwakeInstancesAfterBackupRestoration (5ms)
Platform modules already initialized, skipping
========================================================================
Worker process is ready to serve import requests
Launched and connected shader compiler UnityShaderCompiler.exe after 0.05 seconds
Refreshing native plugins compatible for Editor in 1.25 ms, found 3 plugins.
Preloading 0 native plugins for Editor in 0.00 ms.
Unloading 3739 Unused Serialized files (Serialized files now loaded: 0)
Unloading 39 unused Assets / (289.5 KB). Loaded Objects now: 4223.
Memory consumption went from 169.6 MB to 169.3 MB.
Total: 3.848800 ms (FindLiveObjects: 0.352600 ms CreateObjectMapping: 0.324800 ms MarkObjects: 2.905200 ms  DeleteObjects: 0.265000 ms)

AssetImportParameters requested are different than current active one (requested -> active):
  custom:video-decoder-ogg-theora: a1e56fd34408186e4bbccfd4996cb3dc -> 
  custom:container-muxer-webm: aa71ff27fc2769a1b78a27578f13a17b -> 
  custom:container-demuxer-webm: 4f35f7cbe854078d1ac9338744f61a02 -> 
  custom:video-encoder-webm-vp8: eb34c28f22e8b96e1ab97ce403110664 -> 
  custom:audio-encoder-webm-vorbis: bf7c407c2cedff20999df2af8eb42d56 -> 
  custom:framework-win-MediaFoundation: 216162199b28c13a410421893ffa2e32 -> 
  custom:container-demuxer-ogg: 62fdf1f143b41e24485cea50d1cbac27 -> 
  custom:video-decoder-webm-vp8: 9c59270c3fd7afecdb556c50c9e8de78 -> 
  custom:audio-decoder-ogg-vorbis: bf7c407c2cedff20999df2af8eb42d56 -> 
========================================================================
Received Prepare
Refreshing native plugins compatible for Editor in 3.16 ms, found 3 plugins.
Preloading 0 native plugins for Editor in 0.00 ms.
Unloading 25 Unused Serialized files (Serialized files now loaded: 0)
Unloading 25 unused Assets / (254.9 KB). Loaded Objects now: 4223.
Memory consumption went from 93.3 MB to 93.0 MB.
Total: 3.115200 ms (FindLiveObjects: 0.292900 ms CreateObjectMapping: 0.222800 ms MarkObjects: 2.491400 ms  DeleteObjects: 0.107400 ms)

AssetImportParameters requested are different than current active one (requested -> active):
  custom:video-decoder-ogg-theora: a1e56fd34408186e4bbccfd4996cb3dc -> 
  custom:container-muxer-webm: aa71ff27fc2769a1b78a27578f13a17b -> 
  custom:container-demuxer-webm: 4f35f7cbe854078d1ac9338744f61a02 -> 
  custom:video-encoder-webm-vp8: eb34c28f22e8b96e1ab97ce403110664 -> 
  custom:audio-encoder-webm-vorbis: bf7c407c2cedff20999df2af8eb42d56 -> 
  custom:framework-win-MediaFoundation: 216162199b28c13a410421893ffa2e32 -> 
  custom:container-demuxer-ogg: 62fdf1f143b41e24485cea50d1cbac27 -> 
  custom:video-decoder-webm-vp8: 9c59270c3fd7afecdb556c50c9e8de78 -> 
  custom:audio-decoder-ogg-vorbis: bf7c407c2cedff20999df2af8eb42d56 -> 
========================================================================
Received Import Request.
  Time since last request: 8249.372310 seconds.
  path: Assets/Vladislav Tsurikov/Custom GUI/GUISkin/Images/Button/ButtonDisabledActiveLight.png
  artifactKey: Guid(a089c687dc38a6842bfaa50294032741) Importer(815301076,1909f56bfc062723c751e8b465ee728b)
Start importing Assets/Vladislav Tsurikov/Custom GUI/GUISkin/Images/Button/ButtonDisabledActiveLight.png using Guid(a089c687dc38a6842bfaa50294032741) Importer(815301076,1909f56bfc062723c751e8b465ee728b)  -> (artifact id: '0df8006ea03564f958d82c92c621685d') in 0.076617 seconds 
========================================================================
Received Import Request.
  Time since last request: 4.137722 seconds.
  path: Assets/Vladislav Tsurikov/Custom GUI/GUISkin/Images/Button/ButtonDisabledHoverDark.png
  artifactKey: Guid(6722109f153db0147a56cfd7cb1b22e0) Importer(815301076,1909f56bfc062723c751e8b465ee728b)
Start importing Assets/Vladislav Tsurikov/Custom GUI/GUISkin/Images/Button/ButtonDisabledHoverDark.png using Guid(6722109f153db0147a56cfd7cb1b22e0) Importer(815301076,1909f56bfc062723c751e8b465ee728b)  -> (artifact id: 'fc19c512e60b6a6a9e8a902e05a61685') in 0.012521 seconds 
========================================================================
Received Import Request.
  Time since last request: 0.000029 seconds.
  path: Assets/Vladislav Tsurikov/Custom GUI/GUISkin/Images/Button/ButtonEnabledActiveLight.png
  artifactKey: Guid(a40ae67d3908319469e0d22537b04baf) Importer(815301076,1909f56bfc062723c751e8b465ee728b)
Start importing Assets/Vladislav Tsurikov/Custom GUI/GUISkin/Images/Button/ButtonEnabledActiveLight.png using Guid(a40ae67d3908319469e0d22537b04baf) Importer(815301076,1909f56bfc062723c751e8b465ee728b)  -> (artifact id: 'bcd19278299b4c4e825ae953423bc1c7') in 0.011772 seconds 
========================================================================
Received Import Request.
  Time since last request: 0.000036 seconds.
  path: Assets/Vladislav Tsurikov/Custom GUI/GUISkin/Images/Button/ButtonEnabledActiveDark.png
  artifactKey: Guid(0d4655b887aa7d84a88ef912aedff820) Importer(815301076,1909f56bfc062723c751e8b465ee728b)
Start importing Assets/Vladislav Tsurikov/Custom GUI/GUISkin/Images/Button/ButtonEnabledActiveDark.png using Guid(0d4655b887aa7d84a88ef912aedff820) Importer(815301076,1909f56bfc062723c751e8b465ee728b)  -> (artifact id: 'fde93b9b4f70e8c572a9de17155de541') in 0.018572 seconds 
========================================================================
Received Import Request.
  Time since last request: 0.000038 seconds.
  path: Assets/Vladislav Tsurikov/Custom GUI/GUISkin/Images/Button/ButtonEnabledNormalDark.png
  artifactKey: Guid(ffd1c76ec477626478fcc10dacd46691) Importer(815301076,1909f56bfc062723c751e8b465ee728b)
Start importing Assets/Vladislav Tsurikov/Custom GUI/GUISkin/Images/Button/ButtonEnabledNormalDark.png using Guid(ffd1c76ec477626478fcc10dacd46691) Importer(815301076,1909f56bfc062723c751e8b465ee728b)  -> (artifact id: 'e320c6ff47db70e0bb21d4493117139e') in 0.010849 seconds 
========================================================================
Received Import Request.
  Time since last request: 3.269197 seconds.
  path: Assets/Vladislav Tsurikov/Custom GUI/GUISkin/Images/Foldout/FoldoutRight.png
  artifactKey: Guid(0ce9ebd67e4b9ff47b500cde899711df) Importer(815301076,1909f56bfc062723c751e8b465ee728b)
Start importing Assets/Vladislav Tsurikov/Custom GUI/GUISkin/Images/Foldout/FoldoutRight.png using Guid(0ce9ebd67e4b9ff47b500cde899711df) Importer(815301076,1909f56bfc062723c751e8b465ee728b)  -> (artifact id: 'fc44cbc0a98c68c6e356f9cd6a7d1382') in 0.014656 seconds 
========================================================================
Received Import Request.
  Time since last request: 0.078278 seconds.
  path: Assets/Vladislav Tsurikov/Custom GUI/GUISkin/Fonts/OpenSansBold.ttf
  artifactKey: Guid(87c316b602156405d92e616621658222) Importer(815301076,1909f56bfc062723c751e8b465ee728b)
Start importing Assets/Vladislav Tsurikov/Custom GUI/GUISkin/Fonts/OpenSansBold.ttf using Guid(87c316b602156405d92e616621658222) Importer(815301076,1909f56bfc062723c751e8b465ee728b)  -> (artifact id: 'e1105b5c576a721e7c7554c400ad6e6d') in 0.090581 seconds 
========================================================================
Received Import Request.
  Time since last request: 2.259058 seconds.
  path: Assets/ADG_Textures/ground_vol1/ground11/ground11_Height.tga
  artifactKey: Guid(cd4707edccbd4f549a34eebe19497b9a) Importer(815301076,1909f56bfc062723c751e8b465ee728b)
Start importing Assets/ADG_Textures/ground_vol1/ground11/ground11_Height.tga using Guid(cd4707edccbd4f549a34eebe19497b9a) Importer(815301076,1909f56bfc062723c751e8b465ee728b)  -> (artifact id: '830b2123aae3663322508e491bafa88f') in 0.022408 seconds 
========================================================================
Received Import Request.
  Time since last request: 0.323088 seconds.
  path: Assets/ADG_Textures/ground_vol1/ground11/ground11_Normal.tga
  artifactKey: Guid(18065c20143a44f479d7c439a3455795) Importer(815301076,1909f56bfc062723c751e8b465ee728b)
Start importing Assets/ADG_Textures/ground_vol1/ground11/ground11_Normal.tga using Guid(18065c20143a44f479d7c439a3455795) Importer(815301076,1909f56bfc062723c751e8b465ee728b)  -> (artifact id: '9793e0bf2cfdd613d0d26c45a063e3a2') in 0.046566 seconds 
========================================================================
Received Import Request.
  Time since last request: 0.000037 seconds.
  path: Assets/ADG_Textures/ground_vol1/ground12/ground12_Height.tga
  artifactKey: Guid(b320db6f22b011142b1e27bce43eb699) Importer(815301076,1909f56bfc062723c751e8b465ee728b)
Start importing Assets/ADG_Textures/ground_vol1/ground12/ground12_Height.tga using Guid(b320db6f22b011142b1e27bce43eb699) Importer(815301076,1909f56bfc062723c751e8b465ee728b)  -> (artifact id: 'caff05f28565fb2e54ce3e2356967c05') in 0.020627 seconds 
========================================================================
Received Import Request.
  Time since last request: 0.000048 seconds.
  path: Assets/ADG_Textures/ground_vol1/ground12/ground12_Normal.tga
  artifactKey: Guid(817358eba3aa2e34e9a0f73eb7850fe9) Importer(815301076,1909f56bfc062723c751e8b465ee728b)
Start importing Assets/ADG_Textures/ground_vol1/ground12/ground12_Normal.tga using Guid(817358eba3aa2e34e9a0f73eb7850fe9) Importer(815301076,1909f56bfc062723c751e8b465ee728b)  -> (artifact id: '4625ac4bed3362794c4528cf774606db') in 0.028724 seconds 
========================================================================
Received Import Request.
  Time since last request: 0.000029 seconds.
  path: Assets/ADG_Textures/ground_vol1/ground13/ground13_Diffuse.tga
  artifactKey: Guid(cce9f7be0e1b10244979707127c0bfc5) Importer(815301076,1909f56bfc062723c751e8b465ee728b)
Start importing Assets/ADG_Textures/ground_vol1/ground13/ground13_Diffuse.tga using Guid(cce9f7be0e1b10244979707127c0bfc5) Importer(815301076,1909f56bfc062723c751e8b465ee728b)  -> (artifact id: 'd75e3a5821203deb03d88826317b6e54') in 0.028610 seconds 
========================================================================
Received Import Request.
  Time since last request: 0.000067 seconds.
  path: Assets/ADG_Textures/ground_vol1/ground14/ground14_Height.tga
  artifactKey: Guid(019c9c14a59c63f40aa359f74a836a1f) Importer(815301076,1909f56bfc062723c751e8b465ee728b)
Start importing Assets/ADG_Textures/ground_vol1/ground14/ground14_Height.tga using Guid(019c9c14a59c63f40aa359f74a836a1f) Importer(815301076,1909f56bfc062723c751e8b465ee728b)  -> (artifact id: '9f4175ca4d20b9ddf53a399a0b4b0d02') in 0.024888 seconds 
========================================================================
Received Import Request.
  Time since last request: 0.000025 seconds.
  path: Assets/ADG_Textures/ground_vol1/ground14/ground14_Normal.tga
  artifactKey: Guid(bb9441ad1e914614c84125c92ac95253) Importer(815301076,1909f56bfc062723c751e8b465ee728b)
Start importing Assets/ADG_Textures/ground_vol1/ground14/ground14_Normal.tga using Guid(bb9441ad1e914614c84125c92ac95253) Importer(815301076,1909f56bfc062723c751e8b465ee728b)  -> (artifact id: '0b620f7769207fe381a9472805fcc373') in 0.027118 seconds 
========================================================================
Received Import Request.
  Time since last request: 0.000032 seconds.
  path: Assets/Vladislav Tsurikov/Custom GUI/GUISkin/Images/IconButton/IconButtonCancelActive.png
  artifactKey: Guid(902d23feb7b8e154692eeec0e3c2dcca) Importer(815301076,1909f56bfc062723c751e8b465ee728b)
Start importing Assets/Vladislav Tsurikov/Custom GUI/GUISkin/Images/IconButton/IconButtonCancelActive.png using Guid(902d23feb7b8e154692eeec0e3c2dcca) Importer(815301076,1909f56bfc062723c751e8b465ee728b)  -> (artifact id: '38c3913ecf4bf7967706b06ed97168cb') in 0.018874 seconds 
========================================================================
Received Import Request.
  Time since last request: 0.000031 seconds.
  path: Assets/ADG_Textures/ground_vol1/ground14/ground14_Diffuse.tga
  artifactKey: Guid(b0701a45fb6c40346a84f5fd65653318) Importer(815301076,1909f56bfc062723c751e8b465ee728b)
Start importing Assets/ADG_Textures/ground_vol1/ground14/ground14_Diffuse.tga using Guid(b0701a45fb6c40346a84f5fd65653318) Importer(815301076,1909f56bfc062723c751e8b465ee728b)  -> (artifact id: 'e0b3a258d5fbcc9bc5aff41193838787') in 0.020460 seconds 
========================================================================
Received Import Request.
  Time since last request: 0.128583 seconds.
  path: Assets/Vladislav Tsurikov/Custom GUI/GUISkin/Images/IconButton/IconButtonOkNormal.png
  artifactKey: Guid(91c51ff1d167ef24487d5c943d7a6afd) Importer(815301076,1909f56bfc062723c751e8b465ee728b)
Start importing Assets/Vladislav Tsurikov/Custom GUI/GUISkin/Images/IconButton/IconButtonOkNormal.png using Guid(91c51ff1d167ef24487d5c943d7a6afd) Importer(815301076,1909f56bfc062723c751e8b465ee728b)  -> (artifact id: 'f2b46ea8359a50c48e9f73a14b2ce2f5') in 0.013250 seconds 
========================================================================
Received Import Request.
  Time since last request: 0.000024 seconds.
  path: Assets/Vladislav Tsurikov/Custom GUI/GUISkin/Images/IconButton/IconButtonPlusHover.png
  artifactKey: Guid(7f4a1afebcff4e643ba853c40560d0d3) Importer(815301076,1909f56bfc062723c751e8b465ee728b)
Start importing Assets/Vladislav Tsurikov/Custom GUI/GUISkin/Images/IconButton/IconButtonPlusHover.png using Guid(7f4a1afebcff4e643ba853c40560d0d3) Importer(815301076,1909f56bfc062723c751e8b465ee728b)  -> (artifact id: 'e2869dd45fc8eb42f4ecc1504021ea5b') in 0.014492 seconds 
========================================================================
Received Import Request.
  Time since last request: 0.021646 seconds.
  path: Assets/SimpleCloudSystem by RM/SceneComponents/LABELS/LABEL3.png
  artifactKey: Guid(8dca7551a95514e43ab652411b4226e4) Importer(815301076,1909f56bfc062723c751e8b465ee728b)
Start importing Assets/SimpleCloudSystem by RM/SceneComponents/LABELS/LABEL3.png using Guid(8dca7551a95514e43ab652411b4226e4) Importer(815301076,1909f56bfc062723c751e8b465ee728b)  -> (artifact id: '158a7fce4d59b86ec57568849d86db0f') in 0.016782 seconds 
========================================================================
Received Import Request.
  Time since last request: 0.000032 seconds.
  path: Assets/SimpleCloudSystem by RM/SceneComponents/Landscape/Landscape_N.png
  artifactKey: Guid(1bfd160738ef57241a5ded6ff59d07da) Importer(815301076,1909f56bfc062723c751e8b465ee728b)
Start importing Assets/SimpleCloudSystem by RM/SceneComponents/Landscape/Landscape_N.png using Guid(1bfd160738ef57241a5ded6ff59d07da) Importer(815301076,1909f56bfc062723c751e8b465ee728b)  -> (artifact id: 'fa01b5f5848eebcb3e45227604263051') in 0.029491 seconds 
========================================================================
Received Import Request.
  Time since last request: 0.275425 seconds.
  path: Assets/SimpleCloudSystem by RM/Clouds/SunnyClouds_Materials/SunnyClouds_Textures/S_Cloud2.png
  artifactKey: Guid(7863d6eca4490d84da6bd2db72595ca7) Importer(815301076,1909f56bfc062723c751e8b465ee728b)
Start importing Assets/SimpleCloudSystem by RM/Clouds/SunnyClouds_Materials/SunnyClouds_Textures/S_Cloud2.png using Guid(7863d6eca4490d84da6bd2db72595ca7) Importer(815301076,1909f56bfc062723c751e8b465ee728b)  -> (artifact id: 'afe6ac7f5ae19e92393387bce6867c49') in 0.022842 seconds 
========================================================================
Received Import Request.
  Time since last request: 0.000028 seconds.
  path: Assets/SimpleCloudSystem by RM/Clouds/SunnyClouds_Materials/SunnyClouds_Textures/S_Cloud7.png
  artifactKey: Guid(9df31aba23c2752409d951335955b3a6) Importer(815301076,1909f56bfc062723c751e8b465ee728b)
Start importing Assets/SimpleCloudSystem by RM/Clouds/SunnyClouds_Materials/SunnyClouds_Textures/S_Cloud7.png using Guid(9df31aba23c2752409d951335955b3a6) Importer(815301076,1909f56bfc062723c751e8b465ee728b)  -> (artifact id: '60c653e1e9d8afdf0a24d1f02ca94253') in 0.015174 seconds 
========================================================================
Received Import Request.
  Time since last request: 0.027017 seconds.
  path: Assets/AQUAS-Lite/Demo/ALiteDemoTerrain.asset
  artifactKey: Guid(9a203924af969ff4e9e93eb1129c14a9) Importer(815301076,1909f56bfc062723c751e8b465ee728b)
Start importing Assets/AQUAS-Lite/Demo/ALiteDemoTerrain.asset using Guid(9a203924af969ff4e9e93eb1129c14a9) Importer(815301076,1909f56bfc062723c751e8b465ee728b)  -> (artifact id: 'cf1940bb13d74ffeae6398d995f62f05') in 0.174629 seconds 
========================================================================
Received Prepare
Registering precompiled user dll's ...
Registered in 0.003204 seconds.
Begin MonoManager ReloadAssembly
Symbol file LoadedFromMemory doesn't match image D:\My project (3)\Library\PackageCache\com.unity.visualscripting@1.7.8\Editor\VisualScripting.Core\Dependencies\YamlDotNet\Unity.VisualScripting.YamlDotNet.dll
Symbol file LoadedFromMemory doesn't match image D:\My project (3)\Library\PackageCache\com.unity.visualscripting@1.7.8\Editor\VisualScripting.Core\Dependencies\DotNetZip\Unity.VisualScripting.IonicZip.dll
Native extension for WindowsStandalone target not found
Native extension for WebGL target not found
Refreshing native plugins compatible for Editor in 0.70 ms, found 3 plugins.
Preloading 0 native plugins for Editor in 0.00 ms.
Mono: successfully reloaded assembly
- Completed reload, in  1.278 seconds
Domain Reload Profiling:
	ReloadAssembly (1279ms)
		BeginReloadAssembly (150ms)
			ExecutionOrderSort (0ms)
			DisableScriptedObjects (4ms)
			BackupInstance (0ms)
			ReleaseScriptingObjects (0ms)
			CreateAndSetChildDomain (45ms)
		EndReloadAssembly (1022ms)
			LoadAssemblies (101ms)
			RebuildTransferFunctionScriptingTraits (0ms)
			SetupTypeCache (250ms)
			ReleaseScriptCaches (1ms)
			RebuildScriptCaches (38ms)
			SetupLoadedEditorAssemblies (584ms)
				LogAssemblyErrors (0ms)
				InitializePlatformSupportModulesInManaged (12ms)
				SetLoadedEditorAssemblies (0ms)
				RefreshPlugins (1ms)
				BeforeProcessingInitializeOnLoad (56ms)
				ProcessInitializeOnLoadAttributes (477ms)
				ProcessInitializeOnLoadMethodAttributes (30ms)
				AfterProcessingInitializeOnLoad (7ms)
				EditorAssembliesLoaded (0ms)
			ExecutionOrderSort2 (0ms)
			AwakeInstancesAfterBackupRestoration (7ms)
Platform modules already initialized, skipping
Refreshing native plugins compatible for Editor in 1.60 ms, found 3 plugins.
Preloading 0 native plugins for Editor in 0.00 ms.
Unloading 3708 Unused Serialized files (Serialized files now loaded: 0)
Unloading 25 unused Assets / (257.5 KB). Loaded Objects now: 4277.
Memory consumption went from 172.1 MB to 171.8 MB.
Total: 3.353300 ms (FindLiveObjects: 0.349600 ms CreateObjectMapping: 0.257400 ms MarkObjects: 2.601600 ms  DeleteObjects: 0.143500 ms)

AssetImportParameters requested are different than current active one (requested -> active):
  custom:video-decoder-ogg-theora: a1e56fd34408186e4bbccfd4996cb3dc -> 
  custom:container-muxer-webm: aa71ff27fc2769a1b78a27578f13a17b -> 
  custom:container-demuxer-webm: 4f35f7cbe854078d1ac9338744f61a02 -> 
  custom:video-encoder-webm-vp8: eb34c28f22e8b96e1ab97ce403110664 -> 
  custom:audio-encoder-webm-vorbis: bf7c407c2cedff20999df2af8eb42d56 -> 
  custom:framework-win-MediaFoundation: 216162199b28c13a410421893ffa2e32 -> 
  custom:container-demuxer-ogg: 62fdf1f143b41e24485cea50d1cbac27 -> 
  custom:video-decoder-webm-vp8: 9c59270c3fd7afecdb556c50c9e8de78 -> 
  custom:audio-decoder-ogg-vorbis: bf7c407c2cedff20999df2af8eb42d56 -> 
========================================================================
Received Import Request.
  Time since last request: 658.947322 seconds.
  path: Assets/Grass And Flowers Pack 1/Small Tree/Small Tree 2.png
  artifactKey: Guid(e6f2c743f802ea44ab20fc856e9ed337) Importer(815301076,1909f56bfc062723c751e8b465ee728b)
Start importing Assets/Grass And Flowers Pack 1/Small Tree/Small Tree 2.png using Guid(e6f2c743f802ea44ab20fc856e9ed337) Importer(815301076,1909f56bfc062723c751e8b465ee728b)  -> (artifact id: '3e72628a76735ca32b5c116bd62fc7af') in 0.050626 seconds 
========================================================================
Received Import Request.
  Time since last request: 4.208386 seconds.
  path: Assets/Grass And Flowers Pack 1/Small Tree/Small Tree 4.png
  artifactKey: Guid(493f6a5a5044c0c4ba0f79af81d56bc3) Importer(815301076,1909f56bfc062723c751e8b465ee728b)
Start importing Assets/Grass And Flowers Pack 1/Small Tree/Small Tree 4.png using Guid(493f6a5a5044c0c4ba0f79af81d56bc3) Importer(815301076,1909f56bfc062723c751e8b465ee728b)  -> (artifact id: '020b46feeee58c99c8b9f245251f4abc') in 0.018784 seconds 
========================================================================
Received Import Request.
  Time since last request: 0.000050 seconds.
  path: Assets/Grass And Flowers Pack 1/Small Tree/Small Tree 5.png
  artifactKey: Guid(04952c56a0d42784a91102c43a3b1fb3) Importer(815301076,1909f56bfc062723c751e8b465ee728b)
Start importing Assets/Grass And Flowers Pack 1/Small Tree/Small Tree 5.png using Guid(04952c56a0d42784a91102c43a3b1fb3) Importer(815301076,1909f56bfc062723c751e8b465ee728b)  -> (artifact id: 'da899237097655eb599f7deaff28b57a') in 0.025885 seconds 
========================================================================
Received Import Request.
  Time since last request: 833.867257 seconds.
  path: Assets/Conifers [BOTD]/Shared Sources/Meshes/SM Conifer Bare LOD1.asset
  artifactKey: Guid(c6029981137bd4653b2149d26518cf28) Importer(815301076,1909f56bfc062723c751e8b465ee728b)
Start importing Assets/Conifers [BOTD]/Shared Sources/Meshes/SM Conifer Bare LOD1.asset using Guid(c6029981137bd4653b2149d26518cf28) Importer(815301076,1909f56bfc062723c751e8b465ee728b)  -> (artifact id: 'bfa198ddc9c13c40f812e2de59d967cf') in 0.053595 seconds 
========================================================================
Received Import Request.
  Time since last request: 4.223097 seconds.
  path: Assets/Conifers [BOTD]/Shared Sources/Meshes/SM Conifer Medium LOD0.asset
  artifactKey: Guid(8edab6f6d01b34b44bc0dc2a7ff8ea7d) Importer(815301076,1909f56bfc062723c751e8b465ee728b)
Start importing Assets/Conifers [BOTD]/Shared Sources/Meshes/SM Conifer Medium LOD0.asset using Guid(8edab6f6d01b34b44bc0dc2a7ff8ea7d) Importer(815301076,1909f56bfc062723c751e8b465ee728b)  -> (artifact id: '10de57e80d7b823dbc91e0e47a3e7f33') in 0.022015 seconds 
========================================================================
Received Import Request.
  Time since last request: 0.000028 seconds.
  path: Assets/Conifers [BOTD]/Shared Sources/Meshes/SM Conifer Tall LOD0.asset
  artifactKey: Guid(92c53119942ac4923b00037455001238) Importer(815301076,1909f56bfc062723c751e8b465ee728b)
Start importing Assets/Conifers [BOTD]/Shared Sources/Meshes/SM Conifer Tall LOD0.asset using Guid(92c53119942ac4923b00037455001238) Importer(815301076,1909f56bfc062723c751e8b465ee728b)  -> (artifact id: 'e556039dbafe1953b4c7e209285bc6d1') in 0.027655 seconds 
========================================================================
Received Import Request.
  Time since last request: 0.000020 seconds.
  path: Assets/Conifers [BOTD]/Shared Sources/Meshes/SM Conifer Small LOD0.asset
  artifactKey: Guid(aaf76b55071db41b0bde5e2ebb830601) Importer(815301076,1909f56bfc062723c751e8b465ee728b)
Start importing Assets/Conifers [BOTD]/Shared Sources/Meshes/SM Conifer Small LOD0.asset using Guid(aaf76b55071db41b0bde5e2ebb830601) Importer(815301076,1909f56bfc062723c751e8b465ee728b)  -> (artifact id: 'c6b884ad74decf223dc30a5615073e93') in 0.013474 seconds 
========================================================================
Received Prepare
Registering precompiled user dll's ...
Registered in 0.033575 seconds.
Begin MonoManager ReloadAssembly
Symbol file LoadedFromMemory doesn't match image D:\My project (3)\Library\PackageCache\com.unity.visualscripting@1.7.8\Editor\VisualScripting.Core\Dependencies\YamlDotNet\Unity.VisualScripting.YamlDotNet.dll
Symbol file LoadedFromMemory doesn't match image D:\My project (3)\Library\PackageCache\com.unity.visualscripting@1.7.8\Editor\VisualScripting.Core\Dependencies\DotNetZip\Unity.VisualScripting.IonicZip.dll
Native extension for WindowsStandalone target not found
Native extension for WebGL target not found
Refreshing native plugins compatible for Editor in 1.67 ms, found 3 plugins.
Preloading 0 native plugins for Editor in 0.00 ms.
[ScriptCompilation] NOT recompiling all scripts because this is an import worker process. Reason to compile was: Define symbols changed
Mono: successfully reloaded assembly
- Completed reload, in  1.653 seconds
Domain Reload Profiling:
	ReloadAssembly (1654ms)
		BeginReloadAssembly (222ms)
			ExecutionOrderSort (0ms)
			DisableScriptedObjects (10ms)
			BackupInstance (0ms)
			ReleaseScriptingObjects (0ms)
			CreateAndSetChildDomain (90ms)
		EndReloadAssembly (1323ms)
			LoadAssemblies (81ms)
			RebuildTransferFunctionScriptingTraits (0ms)
			SetupTypeCache (365ms)
			ReleaseScriptCaches (5ms)
			RebuildScriptCaches (48ms)
			SetupLoadedEditorAssemblies (745ms)
				LogAssemblyErrors (0ms)
				InitializePlatformSupportModulesInManaged (15ms)
				SetLoadedEditorAssemblies (1ms)
				RefreshPlugins (2ms)
				BeforeProcessingInitializeOnLoad (73ms)
				ProcessInitializeOnLoadAttributes (616ms)
				ProcessInitializeOnLoadMethodAttributes (31ms)
				AfterProcessingInitializeOnLoad (6ms)
				EditorAssembliesLoaded (0ms)
			ExecutionOrderSort2 (0ms)
			AwakeInstancesAfterBackupRestoration (7ms)
Platform modules already initialized, skipping
Refreshing native plugins compatible for Editor in 1.93 ms, found 3 plugins.
Preloading 0 native plugins for Editor in 0.00 ms.
Unloading 3841 Unused Serialized files (Serialized files now loaded: 0)
Unloading 64 unused Assets / (3.5 MB). Loaded Objects now: 4378.
Memory consumption went from 182.7 MB to 179.2 MB.
Total: 5.790900 ms (FindLiveObjects: 0.312200 ms CreateObjectMapping: 0.199100 ms MarkObjects: 4.371200 ms  DeleteObjects: 0.907500 ms)

AssetImportParameters requested are different than current active one (requested -> active):
  custom:video-decoder-ogg-theora: a1e56fd34408186e4bbccfd4996cb3dc -> 
  custom:container-muxer-webm: aa71ff27fc2769a1b78a27578f13a17b -> 
  custom:container-demuxer-webm: 4f35f7cbe854078d1ac9338744f61a02 -> 
  custom:video-encoder-webm-vp8: eb34c28f22e8b96e1ab97ce403110664 -> 
  custom:audio-encoder-webm-vorbis: bf7c407c2cedff20999df2af8eb42d56 -> 
  custom:framework-win-MediaFoundation: 216162199b28c13a410421893ffa2e32 -> 
  custom:container-demuxer-ogg: 62fdf1f143b41e24485cea50d1cbac27 -> 
  custom:video-decoder-webm-vp8: 9c59270c3fd7afecdb556c50c9e8de78 -> 
  custom:audio-decoder-ogg-vorbis: bf7c407c2cedff20999df2af8eb42d56 -> 
========================================================================
Received Import Request.
  Time since last request: 623.158188 seconds.
  path: Assets/SimpleCloudSystem by RM/Clouds/DarkClouds_Materials/D_Cloud2.mat
  artifactKey: Guid(98e682932a65f08428d31f14fe299304) Importer(815301076,1909f56bfc062723c751e8b465ee728b)
Start importing Assets/SimpleCloudSystem by RM/Clouds/DarkClouds_Materials/D_Cloud2.mat using Guid(98e682932a65f08428d31f14fe299304) Importer(815301076,1909f56bfc062723c751e8b465ee728b)  -> (artifact id: 'ce7c8b392ae152f41d632f8560bf1ce0') in 0.104558 seconds 
========================================================================
Received Import Request.
  Time since last request: 4.047019 seconds.
  path: Assets/SimpleCloudSystem by RM/Clouds/DarkClouds_Materials/D_Cloud3.mat
  artifactKey: Guid(986c6ea9acf341342813acbad644e588) Importer(815301076,1909f56bfc062723c751e8b465ee728b)
Start importing Assets/SimpleCloudSystem by RM/Clouds/DarkClouds_Materials/D_Cloud3.mat using Guid(986c6ea9acf341342813acbad644e588) Importer(815301076,1909f56bfc062723c751e8b465ee728b)  -> (artifact id: '14aba7f8c22be84fbe29c3b7417e4683') in 0.017202 seconds 
========================================================================
Received Import Request.
  Time since last request: 0.000032 seconds.
  path: Assets/SimpleCloudSystem by RM/Clouds/DarkClouds_Materials/D_Cloud4.mat
  artifactKey: Guid(7a0efdabf37fd23468f4780e7810ff49) Importer(815301076,1909f56bfc062723c751e8b465ee728b)
Start importing Assets/SimpleCloudSystem by RM/Clouds/DarkClouds_Materials/D_Cloud4.mat using Guid(7a0efdabf37fd23468f4780e7810ff49) Importer(815301076,1909f56bfc062723c751e8b465ee728b)  -> (artifact id: '2c734755d506685197c442faa1cea355') in 0.018393 seconds 
========================================================================
Received Prepare
Registering precompiled user dll's ...
Registered in 0.003300 seconds.
Begin MonoManager ReloadAssembly
Symbol file LoadedFromMemory doesn't match image D:\My project (3)\Library\PackageCache\com.unity.visualscripting@1.7.8\Editor\VisualScripting.Core\Dependencies\YamlDotNet\Unity.VisualScripting.YamlDotNet.dll
Symbol file LoadedFromMemory doesn't match image D:\My project (3)\Library\PackageCache\com.unity.visualscripting@1.7.8\Editor\VisualScripting.Core\Dependencies\DotNetZip\Unity.VisualScripting.IonicZip.dll
Native extension for WindowsStandalone target not found
Native extension for WebGL target not found
Refreshing native plugins compatible for Editor in 0.79 ms, found 3 plugins.
Preloading 0 native plugins for Editor in 0.00 ms.
Mono: successfully reloaded assembly
- Completed reload, in  1.279 seconds
Domain Reload Profiling:
	ReloadAssembly (1279ms)
		BeginReloadAssembly (164ms)
			ExecutionOrderSort (0ms)
			DisableScriptedObjects (4ms)
			BackupInstance (0ms)
			ReleaseScriptingObjects (0ms)
			CreateAndSetChildDomain (57ms)
		EndReloadAssembly (1013ms)
			LoadAssemblies (106ms)
			RebuildTransferFunctionScriptingTraits (0ms)
			SetupTypeCache (283ms)
			ReleaseScriptCaches (1ms)
			RebuildScriptCaches (36ms)
			SetupLoadedEditorAssemblies (545ms)
				LogAssemblyErrors (0ms)
				InitializePlatformSupportModulesInManaged (16ms)
				SetLoadedEditorAssemblies (1ms)
				RefreshPlugins (1ms)
				BeforeProcessingInitializeOnLoad (67ms)
				ProcessInitializeOnLoadAttributes (430ms)
				ProcessInitializeOnLoadMethodAttributes (23ms)
				AfterProcessingInitializeOnLoad (8ms)
				EditorAssembliesLoaded (0ms)
			ExecutionOrderSort2 (0ms)
			AwakeInstancesAfterBackupRestoration (6ms)
Platform modules already initialized, skipping
Refreshing native plugins compatible for Editor in 1.83 ms, found 3 plugins.
Preloading 0 native plugins for Editor in 0.00 ms.
Unloading 3862 Unused Serialized files (Serialized files now loaded: 0)
Unloading 70 unused Assets / (3.6 MB). Loaded Objects now: 4400.
Memory consumption went from 183.9 MB to 180.3 MB.
Total: 5.370700 ms (FindLiveObjects: 0.638500 ms CreateObjectMapping: 0.311000 ms MarkObjects: 3.356500 ms  DeleteObjects: 1.063800 ms)

AssetImportParameters requested are different than current active one (requested -> active):
  custom:video-decoder-ogg-theora: a1e56fd34408186e4bbccfd4996cb3dc -> 
  custom:container-muxer-webm: aa71ff27fc2769a1b78a27578f13a17b -> 
  custom:container-demuxer-webm: 4f35f7cbe854078d1ac9338744f61a02 -> 
  custom:video-encoder-webm-vp8: eb34c28f22e8b96e1ab97ce403110664 -> 
  custom:audio-encoder-webm-vorbis: bf7c407c2cedff20999df2af8eb42d56 -> 
  custom:framework-win-MediaFoundation: 216162199b28c13a410421893ffa2e32 -> 
  custom:container-demuxer-ogg: 62fdf1f143b41e24485cea50d1cbac27 -> 
  custom:video-decoder-webm-vp8: 9c59270c3fd7afecdb556c50c9e8de78 -> 
  custom:audio-decoder-ogg-vorbis: bf7c407c2cedff20999df2af8eb42d56 -> 
========================================================================
Received Import Request.
  Time since last request: 945.278246 seconds.
  path: Assets/CloudsToy/Models 3D/Rocks/RockBasic 2.fbx
  artifactKey: Guid(2cafdcbdf76783b42b50607fa4f277a5) Importer(815301076,1909f56bfc062723c751e8b465ee728b)
Start importing Assets/CloudsToy/Models 3D/Rocks/RockBasic 2.fbx using Guid(2cafdcbdf76783b42b50607fa4f277a5) Importer(815301076,1909f56bfc062723c751e8b465ee728b)  -> (artifact id: '5ea194e9b90129a03f345ef7b8908769') in 0.087633 seconds 
========================================================================
Received Import Request.
  Time since last request: 30.614684 seconds.
  path: Assets/CloudsToy/Textures/Clouds/Cirrus2.psd
  artifactKey: Guid(12fc7494136c2784e820b038a6e26775) Importer(815301076,1909f56bfc062723c751e8b465ee728b)
Start importing Assets/CloudsToy/Textures/Clouds/Cirrus2.psd using Guid(12fc7494136c2784e820b038a6e26775) Importer(815301076,1909f56bfc062723c751e8b465ee728b)  -> (artifact id: '16868e5a0229d5f7f6308eca76d9d23f') in 0.019822 seconds 
========================================================================
Received Import Request.
  Time since last request: 4.130902 seconds.
  path: Assets/CloudsToy/Textures/Clouds/smoke2.tif
  artifactKey: Guid(1a5d8cd24a805cd44b00c7f1e1e4d287) Importer(815301076,1909f56bfc062723c751e8b465ee728b)
Start importing Assets/CloudsToy/Textures/Clouds/smoke2.tif using Guid(1a5d8cd24a805cd44b00c7f1e1e4d287) Importer(815301076,1909f56bfc062723c751e8b465ee728b)  -> (artifact id: 'dd22613b21107a82a0dc58b2b8514a98') in 0.017495 seconds 
========================================================================
Received Import Request.
  Time since last request: 0.000022 seconds.
  path: Assets/CloudsToy/Textures/Clouds/smokepuff1.psd
  artifactKey: Guid(6e77d387966489d6cb6bb6ba39e09c45) Importer(815301076,1909f56bfc062723c751e8b465ee728b)
Start importing Assets/CloudsToy/Textures/Clouds/smokepuff1.psd using Guid(6e77d387966489d6cb6bb6ba39e09c45) Importer(815301076,1909f56bfc062723c751e8b465ee728b)  -> (artifact id: '485d5889b1330fea2fcc85a2e079bea9') in 0.015543 seconds 
========================================================================
Received Import Request.
  Time since last request: 0.000029 seconds.
  path: Assets/CloudsToy/Textures/Clouds/smoketest2.psd
  artifactKey: Guid(2a49aa5b76842305fc65897abcdcf30f) Importer(815301076,1909f56bfc062723c751e8b465ee728b)
Start importing Assets/CloudsToy/Textures/Clouds/smoketest2.psd using Guid(2a49aa5b76842305fc65897abcdcf30f) Importer(815301076,1909f56bfc062723c751e8b465ee728b)  -> (artifact id: 'a9db8ec8d26494d50c9a80dea8128fad') in 0.017115 seconds 
========================================================================
Received Import Request.
  Time since last request: 0.000040 seconds.
  path: Assets/CloudsToy/Textures/Clouds/smokepuff1 Alpha.psd
  artifactKey: Guid(5aa49c4981b056640a1a0e03104ed729) Importer(815301076,1909f56bfc062723c751e8b465ee728b)
Start importing Assets/CloudsToy/Textures/Clouds/smokepuff1 Alpha.psd using Guid(5aa49c4981b056640a1a0e03104ed729) Importer(815301076,1909f56bfc062723c751e8b465ee728b)  -> (artifact id: '3331baa306bf864c6aa8e227f96519af') in 0.013583 seconds 
========================================================================
Received Import Request.
  Time since last request: 0.000028 seconds.
  path: Assets/CloudsToy/Textures/Clouds/smoke4 alpha.psd
  artifactKey: Guid(587c1727a13db6e4f97e85139efd350f) Importer(815301076,1909f56bfc062723c751e8b465ee728b)
Start importing Assets/CloudsToy/Textures/Clouds/smoke4 alpha.psd using Guid(587c1727a13db6e4f97e85139efd350f) Importer(815301076,1909f56bfc062723c751e8b465ee728b)  -> (artifact id: 'b838e184454759d3347e82eb94642713') in 0.015019 seconds 
========================================================================
Received Import Request.
  Time since last request: 100.952241 seconds.
  path: Assets/CloudsToy/Textures/CloudShadow/Shadow_Light.psd
  artifactKey: Guid(a601423d28b42cb44a9b584923cbad1a) Importer(815301076,1909f56bfc062723c751e8b465ee728b)
Start importing Assets/CloudsToy/Textures/CloudShadow/Shadow_Light.psd using Guid(a601423d28b42cb44a9b584923cbad1a) Importer(815301076,1909f56bfc062723c751e8b465ee728b)  -> (artifact id: 'f6964880d91bb0af3beb3aa79d127257') in 0.009789 seconds 
========================================================================
Received Import Request.
  Time since last request: 0.000020 seconds.
  path: Assets/CloudsToy/Textures/CloudShadow/Shadow_Strong.psd
  artifactKey: Guid(05b0ef00331ff274dba43fcf059870c8) Importer(815301076,1909f56bfc062723c751e8b465ee728b)
Start importing Assets/CloudsToy/Textures/CloudShadow/Shadow_Strong.psd using Guid(05b0ef00331ff274dba43fcf059870c8) Importer(815301076,1909f56bfc062723c751e8b465ee728b)  -> (artifact id: '6e9af50bbbf6107c5a12318101c0cbe9') in 0.010105 seconds 
========================================================================
Received Import Request.
  Time since last request: 2.534208 seconds.
  path: Assets/CloudsToy/Textures/Procedural/PTAdd2.png
  artifactKey: Guid(664cffc2fe024754d83d382cc7005610) Importer(815301076,1909f56bfc062723c751e8b465ee728b)
Start importing Assets/CloudsToy/Textures/Procedural/PTAdd2.png using Guid(664cffc2fe024754d83d382cc7005610) Importer(815301076,1909f56bfc062723c751e8b465ee728b)  -> (artifact id: '910f0d1ce91b255c395ce54e2ead94ea') in 0.013398 seconds 
========================================================================
Received Import Request.
  Time since last request: 4.162095 seconds.
  path: Assets/CloudsToy/Textures/Procedural/PTBlended2.png
  artifactKey: Guid(1037da496040d4944a7e8854f83b70d6) Importer(815301076,1909f56bfc062723c751e8b465ee728b)
Start importing Assets/CloudsToy/Textures/Procedural/PTBlended2.png using Guid(1037da496040d4944a7e8854f83b70d6) Importer(815301076,1909f56bfc062723c751e8b465ee728b)  -> (artifact id: 'c3928666ad502fa3d2fb59a015544abd') in 0.015485 seconds 
========================================================================
Received Import Request.
  Time since last request: 0.000071 seconds.
  path: Assets/CloudsToy/Textures/Procedural/PTAdd3.png
  artifactKey: Guid(adb13a09d300a394bbf2e5f865a57473) Importer(815301076,1909f56bfc062723c751e8b465ee728b)
Start importing Assets/CloudsToy/Textures/Procedural/PTAdd3.png using Guid(adb13a09d300a394bbf2e5f865a57473) Importer(815301076,1909f56bfc062723c751e8b465ee728b)  -> (artifact id: '06b8f45f57aad8641cdbc0db4bb85d95') in 0.013891 seconds 
========================================================================
Received Import Request.
  Time since last request: 82.149623 seconds.
  path: Assets/CloudsToy/Prefabs/SimpleClouds/CloudsToy Simple.prefab
  artifactKey: Guid(de3754df72272894489e3e5f31bc9648) Importer(815301076,1909f56bfc062723c751e8b465ee728b)
Start importing Assets/CloudsToy/Prefabs/SimpleClouds/CloudsToy Simple.prefab using Guid(de3754df72272894489e3e5f31bc9648) Importer(815301076,1909f56bfc062723c751e8b465ee728b)  -> (artifact id: '02fbdb2508e0e3de1b9f427ec6ffaec7') in 0.078501 seconds 
========================================================================
Received Import Request.
  Time since last request: 4.155763 seconds.
  path: Assets/CloudsToy/Prefabs/Other Particles/Floating Particles.prefab
  artifactKey: Guid(98f601da697a7b4479692caf13c6a8c3) Importer(815301076,1909f56bfc062723c751e8b465ee728b)
Start importing Assets/CloudsToy/Prefabs/Other Particles/Floating Particles.prefab using Guid(98f601da697a7b4479692caf13c6a8c3) Importer(815301076,1909f56bfc062723c751e8b465ee728b)  -> (artifact id: '4ddda3ace6c5aae7051cfe877077b534') in 0.016617 seconds 
========================================================================
Received Import Request.
  Time since last request: 0.000034 seconds.
  path: Assets/CloudsToy/Prefabs/Stars/Night Falling Stars.prefab
  artifactKey: Guid(5f013999bb6ea0d4da28ce9e1b8cd2b8) Importer(815301076,1909f56bfc062723c751e8b465ee728b)
Start importing Assets/CloudsToy/Prefabs/Stars/Night Falling Stars.prefab using Guid(5f013999bb6ea0d4da28ce9e1b8cd2b8) Importer(815301076,1909f56bfc062723c751e8b465ee728b)  -> (artifact id: 'c9eb877bc8324422bb78e984b1f334c6') in 0.018398 seconds 
========================================================================
Received Import Request.
  Time since last request: 0.000034 seconds.
  path: Assets/CloudsToy/Prefabs/Stars/Night Stars.prefab
  artifactKey: Guid(a0132f158ceef3549b6b94f7b1c2c95b) Importer(815301076,1909f56bfc062723c751e8b465ee728b)
Start importing Assets/CloudsToy/Prefabs/Stars/Night Stars.prefab using Guid(a0132f158ceef3549b6b94f7b1c2c95b) Importer(815301076,1909f56bfc062723c751e8b465ee728b)  -> (artifact id: '55433eeb7707e61fa8db6753e17521e5') in 0.015844 seconds 
========================================================================
Received Import Request.
  Time since last request: 0.000040 seconds.
  path: Assets/CloudsToy/FPS Basics/FPS Prefabs/First Person Controller.prefab
  artifactKey: Guid(4ba2bbd92e1c5da4db0c949dcb932ec0) Importer(815301076,1909f56bfc062723c751e8b465ee728b)
Start importing Assets/CloudsToy/FPS Basics/FPS Prefabs/First Person Controller.prefab using Guid(4ba2bbd92e1c5da4db0c949dcb932ec0) Importer(815301076,1909f56bfc062723c751e8b465ee728b)  -> (artifact id: '4b076e38dba3fb5c5d29001e6e907745') in 0.013507 seconds 
========================================================================
Received Import Request.
  Time since last request: 0.000030 seconds.
  path: Assets/CloudsToy/Prefabs/Trees/Palm Tree.prefab
  artifactKey: Guid(13929cf059768e641ac2e9c79f112a25) Importer(815301076,1909f56bfc062723c751e8b465ee728b)
Start importing Assets/CloudsToy/Prefabs/Trees/Palm Tree.prefab using Guid(13929cf059768e641ac2e9c79f112a25) Importer(815301076,1909f56bfc062723c751e8b465ee728b)  -> (artifact id: '90999fe84161689c61cb05f9147454f8') in 0.542109 seconds 
========================================================================
Received Import Request.
  Time since last request: 0.000049 seconds.
  path: Assets/CloudsToy/Prefabs/Managers.prefab
  artifactKey: Guid(fb062ec67f6a48448b8a214ce77b28a3) Importer(815301076,1909f56bfc062723c751e8b465ee728b)
Start importing Assets/CloudsToy/Prefabs/Managers.prefab using Guid(fb062ec67f6a48448b8a214ce77b28a3) Importer(815301076,1909f56bfc062723c751e8b465ee728b)  -> (artifact id: 'c30accd69307e27155401304804fef61') in 0.005408 seconds 
========================================================================
Received Import Request.
  Time since last request: 4.659999 seconds.
  path: Assets/CloudsToy/Prefabs/Trees/tree_high_2.prefab
  artifactKey: Guid(cbb0a3241b8d02a408b819218902bab1) Importer(815301076,1909f56bfc062723c751e8b465ee728b)
Start importing Assets/CloudsToy/Prefabs/Trees/tree_high_2.prefab using Guid(cbb0a3241b8d02a408b819218902bab1) Importer(815301076,1909f56bfc062723c751e8b465ee728b)  -> (artifact id: '8934cc197d0f11bcb2787269414c0c4c') in 0.046374 seconds 
========================================================================
Received Import Request.
  Time since last request: 0.000023 seconds.
  path: Assets/CloudsToy/Prefabs/Trees/tree_small_3.prefab
  artifactKey: Guid(d5b6fc5ba9eee1243ad10ad7f0f28c3b) Importer(815301076,1909f56bfc062723c751e8b465ee728b)
Start importing Assets/CloudsToy/Prefabs/Trees/tree_small_3.prefab using Guid(d5b6fc5ba9eee1243ad10ad7f0f28c3b) Importer(815301076,1909f56bfc062723c751e8b465ee728b)  -> (artifact id: '44d5dd6a77f86996f65bb2c14f62f73a') in 0.223110 seconds 
Editor requested this worker to shutdown with reason: Scaling down because of idle timeout
AssetImportWorker is now disconnected from the server
Process exiting
Exiting without the bug reporter. Application will terminate with return code 0