Using pre-set license
Built from '2021.3/staging' branch; Version is '2021.3.9f1 (ad3870b89536) revision 11352176'; Using compiler version '192829333'; Build Type 'Release'
OS: 'Windows 11  (10.0.22621) 64bit CoreSingleLanguage' Language: 'en' Physical Memory: 8013 MB
BatchMode: 1, IsHumanControllingUs: 0, StartBugReporterOnCrash: 0, Is64bit: 1, IsPro: 1

COMMAND LINE ARGUMENTS:
C:\Program Files\Unity\Hub\Editor\2021.3.9f1\Editor\Unity.exe
-adb2
-batchMode
-noUpm
-name
AssetImportWorker4
-projectPath
D:/My project (3)
-logFile
Logs/AssetImportWorker4.log
-srvPort
57521
Successfully changed project path to: D:/My project (3)
D:/My project (3)
[UnityMemory] Configuration Parameters - Can be set up in boot.config
    "memorysetup-bucket-allocator-granularity=16"
    "memorysetup-bucket-allocator-bucket-count=8"
    "memorysetup-bucket-allocator-block-size=33554432"
    "memorysetup-bucket-allocator-block-count=8"
    "memorysetup-main-allocator-block-size=16777216"
    "memorysetup-thread-allocator-block-size=16777216"
    "memorysetup-gfx-main-allocator-block-size=16777216"
    "memorysetup-gfx-thread-allocator-block-size=16777216"
    "memorysetup-cache-allocator-block-size=4194304"
    "memorysetup-typetree-allocator-block-size=2097152"
    "memorysetup-profiler-bucket-allocator-granularity=16"
    "memorysetup-profiler-bucket-allocator-bucket-count=8"
    "memorysetup-profiler-bucket-allocator-block-size=33554432"
    "memorysetup-profiler-bucket-allocator-block-count=8"
    "memorysetup-profiler-allocator-block-size=16777216"
    "memorysetup-profiler-editor-allocator-block-size=1048576"
    "memorysetup-temp-allocator-size-main=16777216"
    "memorysetup-job-temp-allocator-block-size=2097152"
    "memorysetup-job-temp-allocator-block-size-background=1048576"
    "memorysetup-job-temp-allocator-reduction-small-platforms=262144"
    "memorysetup-temp-allocator-size-background-worker=32768"
    "memorysetup-temp-allocator-size-job-worker=262144"
    "memorysetup-temp-allocator-size-preload-manager=33554432"
    "memorysetup-temp-allocator-size-nav-mesh-worker=65536"
    "memorysetup-temp-allocator-size-audio-worker=65536"
    "memorysetup-temp-allocator-size-cloud-worker=32768"
    "memorysetup-temp-allocator-size-gi-baking-worker=262144"
    "memorysetup-temp-allocator-size-gfx=262144"
Refreshing native plugins compatible for Editor in 95.86 ms, found 3 plugins.
Preloading 0 native plugins for Editor in 0.00 ms.
Initialize engine version: 2021.3.9f1 (ad3870b89536)
[Subsystems] Discovering subsystems at path C:/Program Files/Unity/Hub/Editor/2021.3.9f1/Editor/Data/Resources/UnitySubsystems
[Subsystems] Discovering subsystems at path D:/My project (3)/Assets
GfxDevice: creating device client; threaded=0; jobified=0
Direct3D:
    Version:  Direct3D 11.0 [level 11.1]
    Renderer: NVIDIA GeForce RTX 3050 Laptop GPU (ID=0x25a2)
    Vendor:   NVIDIA
    VRAM:     3991 MB
    Driver:   31.0.15.1748
Initialize mono
Mono path[0] = 'C:/Program Files/Unity/Hub/Editor/2021.3.9f1/Editor/Data/Managed'
Mono path[1] = 'C:/Program Files/Unity/Hub/Editor/2021.3.9f1/Editor/Data/MonoBleedingEdge/lib/mono/unityjit-win32'
Mono config path = 'C:/Program Files/Unity/Hub/Editor/2021.3.9f1/Editor/Data/MonoBleedingEdge/etc'
Using monoOptions --debugger-agent=transport=dt_socket,embedding=1,server=y,suspend=n,address=127.0.0.1:56396
Begin MonoManager ReloadAssembly
Registering precompiled unity dll's ...
Register platform support module: C:/Program Files/Unity/Hub/Editor/2021.3.9f1/Editor/Data/PlaybackEngines/WebGLSupport/UnityEditor.WebGL.Extensions.dll
Register platform support module: C:/Program Files/Unity/Hub/Editor/2021.3.9f1/Editor/Data/PlaybackEngines/WindowsStandaloneSupport/UnityEditor.WindowsStandalone.Extensions.dll
Registered in 0.005030 seconds.
Native extension for WindowsStandalone target not found
Native extension for WebGL target not found
Refreshing native plugins compatible for Editor in 78.47 ms, found 3 plugins.
Preloading 0 native plugins for Editor in 0.00 ms.
Mono: successfully reloaded assembly
- Completed reload, in  0.614 seconds
Domain Reload Profiling:
	ReloadAssembly (614ms)
		BeginReloadAssembly (81ms)
			ExecutionOrderSort (0ms)
			DisableScriptedObjects (0ms)
			BackupInstance (0ms)
			ReleaseScriptingObjects (0ms)
			CreateAndSetChildDomain (1ms)
		EndReloadAssembly (431ms)
			LoadAssemblies (79ms)
			RebuildTransferFunctionScriptingTraits (0ms)
			SetupTypeCache (104ms)
			ReleaseScriptCaches (0ms)
			RebuildScriptCaches (28ms)
			SetupLoadedEditorAssemblies (252ms)
				LogAssemblyErrors (0ms)
				InitializePlatformSupportModulesInManaged (8ms)
				SetLoadedEditorAssemblies (0ms)
				RefreshPlugins (79ms)
				BeforeProcessingInitializeOnLoad (1ms)
				ProcessInitializeOnLoadAttributes (120ms)
				ProcessInitializeOnLoadMethodAttributes (43ms)
				AfterProcessingInitializeOnLoad (0ms)
				EditorAssembliesLoaded (0ms)
			ExecutionOrderSort2 (0ms)
			AwakeInstancesAfterBackupRestoration (0ms)
Platform modules already initialized, skipping
Registering precompiled user dll's ...
Registered in 0.003854 seconds.
Begin MonoManager ReloadAssembly
Symbol file LoadedFromMemory doesn't match image D:\My project (3)\Library\PackageCache\com.unity.visualscripting@1.7.8\Editor\VisualScripting.Core\Dependencies\YamlDotNet\Unity.VisualScripting.YamlDotNet.dll
Symbol file LoadedFromMemory doesn't match image D:\My project (3)\Library\PackageCache\com.unity.visualscripting@1.7.8\Editor\VisualScripting.Core\Dependencies\DotNetZip\Unity.VisualScripting.IonicZip.dll
Native extension for WindowsStandalone target not found
Native extension for WebGL target not found
Refreshing native plugins compatible for Editor in 0.65 ms, found 3 plugins.
Preloading 0 native plugins for Editor in 0.00 ms.
Mono: successfully reloaded assembly
- Completed reload, in  0.976 seconds
Domain Reload Profiling:
	ReloadAssembly (976ms)
		BeginReloadAssembly (111ms)
			ExecutionOrderSort (0ms)
			DisableScriptedObjects (7ms)
			BackupInstance (0ms)
			ReleaseScriptingObjects (0ms)
			CreateAndSetChildDomain (19ms)
		EndReloadAssembly (754ms)
			LoadAssemblies (86ms)
			RebuildTransferFunctionScriptingTraits (0ms)
			SetupTypeCache (258ms)
			ReleaseScriptCaches (1ms)
			RebuildScriptCaches (51ms)
			SetupLoadedEditorAssemblies (330ms)
				LogAssemblyErrors (0ms)
				InitializePlatformSupportModulesInManaged (6ms)
				SetLoadedEditorAssemblies (0ms)
				RefreshPlugins (1ms)
				BeforeProcessingInitializeOnLoad (79ms)
				ProcessInitializeOnLoadAttributes (211ms)
				ProcessInitializeOnLoadMethodAttributes (27ms)
				AfterProcessingInitializeOnLoad (6ms)
				EditorAssembliesLoaded (0ms)
			ExecutionOrderSort2 (0ms)
			AwakeInstancesAfterBackupRestoration (6ms)
Platform modules already initialized, skipping
========================================================================
Worker process is ready to serve import requests
Launched and connected shader compiler UnityShaderCompiler.exe after 0.05 seconds
Refreshing native plugins compatible for Editor in 0.57 ms, found 3 plugins.
Preloading 0 native plugins for Editor in 0.00 ms.
Unloading 3400 Unused Serialized files (Serialized files now loaded: 0)
Unloading 27 unused Assets / (112.4 KB). Loaded Objects now: 3880.
Memory consumption went from 155.0 MB to 154.9 MB.
Total: 3.468300 ms (FindLiveObjects: 0.272500 ms CreateObjectMapping: 0.209400 ms MarkObjects: 2.641300 ms  DeleteObjects: 0.343200 ms)

AssetImportParameters requested are different than current active one (requested -> active):
  custom:video-decoder-ogg-theora: a1e56fd34408186e4bbccfd4996cb3dc -> 
  custom:container-muxer-webm: aa71ff27fc2769a1b78a27578f13a17b -> 
  custom:container-demuxer-webm: 4f35f7cbe854078d1ac9338744f61a02 -> 
  custom:video-encoder-webm-vp8: eb34c28f22e8b96e1ab97ce403110664 -> 
  custom:audio-encoder-webm-vorbis: bf7c407c2cedff20999df2af8eb42d56 -> 
  custom:framework-win-MediaFoundation: 216162199b28c13a410421893ffa2e32 -> 
  custom:container-demuxer-ogg: 62fdf1f143b41e24485cea50d1cbac27 -> 
  custom:video-decoder-webm-vp8: 9c59270c3fd7afecdb556c50c9e8de78 -> 
  custom:audio-decoder-ogg-vorbis: bf7c407c2cedff20999df2af8eb42d56 -> 
========================================================================
Received Import Request.
  Time since last request: 5488.942990 seconds.
  path: Assets/AQUAS-Lite/Materials/NewLayer.terrainlayer
  artifactKey: Guid(b77d52be792dcc248832591321e0adb8) Importer(815301076,1909f56bfc062723c751e8b465ee728b)
Start importing Assets/AQUAS-Lite/Materials/NewLayer.terrainlayer using Guid(b77d52be792dcc248832591321e0adb8) Importer(815301076,1909f56bfc062723c751e8b465ee728b)  -> (artifact id: '326fc7ed5add35be5746b894aed4395c') in 0.137345 seconds 
========================================================================
Received Import Request.
  Time since last request: 164.863745 seconds.
  path: Assets/Flooded_Grounds/PostProcessing
  artifactKey: Guid(86c33bd30cdaf2544ae2e5e9d9ebdb89) Importer(815301076,1909f56bfc062723c751e8b465ee728b)
Start importing Assets/Flooded_Grounds/PostProcessing using Guid(86c33bd30cdaf2544ae2e5e9d9ebdb89) Importer(815301076,1909f56bfc062723c751e8b465ee728b)  -> (artifact id: 'a4e858c04f95e8261616407a4681ff70') in 0.002814 seconds 
========================================================================
Received Import Request.
  Time since last request: 3.572404 seconds.
  path: Assets/Flooded_Grounds/PostProcessing/Editor
  artifactKey: Guid(e0e418747b892364db5c5f4451e67ede) Importer(815301076,1909f56bfc062723c751e8b465ee728b)
Start importing Assets/Flooded_Grounds/PostProcessing/Editor using Guid(e0e418747b892364db5c5f4451e67ede) Importer(815301076,1909f56bfc062723c751e8b465ee728b)  -> (artifact id: 'af15d89b544fdc0cbfddfb5b9de3f5d8') in 0.001473 seconds 
========================================================================
Received Import Request.
  Time since last request: 2.610026 seconds.
  path: Assets/Flooded_Grounds/PostProcessing/Editor/PropertyDrawers
  artifactKey: Guid(ced92f1cc2085ae48acacc79a2b8e196) Importer(815301076,1909f56bfc062723c751e8b465ee728b)
Start importing Assets/Flooded_Grounds/PostProcessing/Editor/PropertyDrawers using Guid(ced92f1cc2085ae48acacc79a2b8e196) Importer(815301076,1909f56bfc062723c751e8b465ee728b)  -> (artifact id: 'a461ae8df185470b327295908c43245e') in 0.001843 seconds 
========================================================================
Received Import Request.
  Time since last request: 4.154739 seconds.
  path: Assets/Flooded_Grounds/PostProcessing/Editor/PropertyDrawers/MinDrawer.cs
  artifactKey: Guid(8995f52f410f0fb4cb1bdaa71a16e04e) Importer(815301076,1909f56bfc062723c751e8b465ee728b)
Start importing Assets/Flooded_Grounds/PostProcessing/Editor/PropertyDrawers/MinDrawer.cs using Guid(8995f52f410f0fb4cb1bdaa71a16e04e) Importer(815301076,1909f56bfc062723c751e8b465ee728b)  -> (artifact id: '8b5e757c10fb4b7bb38051b0dd892bf1') in 0.715480 seconds 
========================================================================
Received Import Request.
  Time since last request: 404.087151 seconds.
  path: Assets/Flooded_Grounds/PostProcessing/Editor/PropertyDrawers/MinDrawer.cs
  artifactKey: Guid(8995f52f410f0fb4cb1bdaa71a16e04e) Importer(815301076,1909f56bfc062723c751e8b465ee728b)
Start importing Assets/Flooded_Grounds/PostProcessing/Editor/PropertyDrawers/MinDrawer.cs using Guid(8995f52f410f0fb4cb1bdaa71a16e04e) Importer(815301076,1909f56bfc062723c751e8b465ee728b)  -> (artifact id: '06c5d6f546694182f02fda5597b0b1d1') in 0.001856 seconds 
========================================================================
Received Import Request.
  Time since last request: 28.472807 seconds.
  path: Assets/Flooded_Grounds/PostProcessing/Editor/PropertyDrawers/MinDrawer.cs
  artifactKey: Guid(8995f52f410f0fb4cb1bdaa71a16e04e) Importer(815301076,1909f56bfc062723c751e8b465ee728b)
Start importing Assets/Flooded_Grounds/PostProcessing/Editor/PropertyDrawers/MinDrawer.cs using Guid(8995f52f410f0fb4cb1bdaa71a16e04e) Importer(815301076,1909f56bfc062723c751e8b465ee728b)  -> (artifact id: '86a52885b522b054ad9382b5236e2a30') in 0.002964 seconds 
========================================================================
Received Import Request.
  Time since last request: 44.905215 seconds.
  path: Assets/New Terrain.asset
  artifactKey: Guid(84ce9f0fb96f0d84c85331bd7923667c) Importer(815301076,1909f56bfc062723c751e8b465ee728b)
Start importing Assets/New Terrain.asset using Guid(84ce9f0fb96f0d84c85331bd7923667c) Importer(815301076,1909f56bfc062723c751e8b465ee728b)  -> (artifact id: '96bcfcd7f0e91f0481bc5c7f1ed9a37c') in 0.066650 seconds 
========================================================================
Received Prepare
Registering precompiled user dll's ...
Registered in 0.003627 seconds.
Begin MonoManager ReloadAssembly
Symbol file LoadedFromMemory doesn't match image D:\My project (3)\Library\PackageCache\com.unity.visualscripting@1.7.8\Editor\VisualScripting.Core\Dependencies\YamlDotNet\Unity.VisualScripting.YamlDotNet.dll
Symbol file LoadedFromMemory doesn't match image D:\My project (3)\Library\PackageCache\com.unity.visualscripting@1.7.8\Editor\VisualScripting.Core\Dependencies\DotNetZip\Unity.VisualScripting.IonicZip.dll
Native extension for WindowsStandalone target not found
Native extension for WebGL target not found
Refreshing native plugins compatible for Editor in 0.60 ms, found 3 plugins.
Preloading 0 native plugins for Editor in 0.00 ms.
Mono: successfully reloaded assembly
- Completed reload, in  0.871 seconds
Domain Reload Profiling:
	ReloadAssembly (871ms)
		BeginReloadAssembly (138ms)
			ExecutionOrderSort (0ms)
			DisableScriptedObjects (5ms)
			BackupInstance (0ms)
			ReleaseScriptingObjects (0ms)
			CreateAndSetChildDomain (42ms)
		EndReloadAssembly (645ms)
			LoadAssemblies (80ms)
			RebuildTransferFunctionScriptingTraits (0ms)
			SetupTypeCache (236ms)
			ReleaseScriptCaches (1ms)
			RebuildScriptCaches (35ms)
			SetupLoadedEditorAssemblies (268ms)
				LogAssemblyErrors (0ms)
				InitializePlatformSupportModulesInManaged (13ms)
				SetLoadedEditorAssemblies (0ms)
				RefreshPlugins (1ms)
				BeforeProcessingInitializeOnLoad (53ms)
				ProcessInitializeOnLoadAttributes (171ms)
				ProcessInitializeOnLoadMethodAttributes (26ms)
				AfterProcessingInitializeOnLoad (6ms)
				EditorAssembliesLoaded (0ms)
			ExecutionOrderSort2 (0ms)
			AwakeInstancesAfterBackupRestoration (6ms)
Platform modules already initialized, skipping
Refreshing native plugins compatible for Editor in 1.41 ms, found 3 plugins.
Preloading 0 native plugins for Editor in 0.00 ms.
Unloading 3385 Unused Serialized files (Serialized files now loaded: 0)
Unloading 20 unused Assets / (80.1 KB). Loaded Objects now: 3889.
Memory consumption went from 158.4 MB to 158.3 MB.
Total: 3.467400 ms (FindLiveObjects: 0.283000 ms CreateObjectMapping: 0.186500 ms MarkObjects: 2.920600 ms  DeleteObjects: 0.076600 ms)

AssetImportParameters requested are different than current active one (requested -> active):
  custom:video-decoder-ogg-theora: a1e56fd34408186e4bbccfd4996cb3dc -> 
  custom:container-muxer-webm: aa71ff27fc2769a1b78a27578f13a17b -> 
  custom:container-demuxer-webm: 4f35f7cbe854078d1ac9338744f61a02 -> 
  custom:video-encoder-webm-vp8: eb34c28f22e8b96e1ab97ce403110664 -> 
  custom:audio-encoder-webm-vorbis: bf7c407c2cedff20999df2af8eb42d56 -> 
  custom:framework-win-MediaFoundation: 216162199b28c13a410421893ffa2e32 -> 
  custom:container-demuxer-ogg: 62fdf1f143b41e24485cea50d1cbac27 -> 
  custom:video-decoder-webm-vp8: 9c59270c3fd7afecdb556c50c9e8de78 -> 
  custom:audio-decoder-ogg-vorbis: bf7c407c2cedff20999df2af8eb42d56 -> 
========================================================================
Received Import Request.
  Time since last request: 19.931752 seconds.
  path: Assets/AQUAS-Lite/Models/WaterPlane.fbx
  artifactKey: Guid(c9c3797c5d4107747a25bfa19fd7ae39) Importer(815301076,1909f56bfc062723c751e8b465ee728b)
Start importing Assets/AQUAS-Lite/Models/WaterPlane.fbx using Guid(c9c3797c5d4107747a25bfa19fd7ae39) Importer(815301076,1909f56bfc062723c751e8b465ee728b)  -> (artifact id: 'a1d83f6594ca42b396f7f1224ffaf6df') in 0.120677 seconds 
========================================================================
Received Import Request.
  Time since last request: 129.018553 seconds.
  path: Assets/SimpleCloudSystem by RM/Clouds
  artifactKey: Guid(2297d4dfd057446429a6685f378622fc) Importer(815301076,1909f56bfc062723c751e8b465ee728b)
Start importing Assets/SimpleCloudSystem by RM/Clouds using Guid(2297d4dfd057446429a6685f378622fc) Importer(815301076,1909f56bfc062723c751e8b465ee728b)  -> (artifact id: '739f988479d9b386e14a6934a4a0f31b') in 0.001861 seconds 
========================================================================
Received Import Request.
  Time since last request: 0.965267 seconds.
  path: Assets/SimpleCloudSystem by RM/Clouds/SunnyClouds_Materials
  artifactKey: Guid(6322001f02b5dcc4d89e40503546592b) Importer(815301076,1909f56bfc062723c751e8b465ee728b)
Start importing Assets/SimpleCloudSystem by RM/Clouds/SunnyClouds_Materials using Guid(6322001f02b5dcc4d89e40503546592b) Importer(815301076,1909f56bfc062723c751e8b465ee728b)  -> (artifact id: 'd47d22340898f8ab88f927f51301b5f2') in 0.002006 seconds 
========================================================================
Received Import Request.
  Time since last request: 0.047242 seconds.
  path: Assets/SimpleCloudSystem by RM/Clouds/SunnyClouds_Materials/S_Cloud1.mat
  artifactKey: Guid(737f3df95e8407a4c800dab3319303a2) Importer(815301076,1909f56bfc062723c751e8b465ee728b)
Start importing Assets/SimpleCloudSystem by RM/Clouds/SunnyClouds_Materials/S_Cloud1.mat using Guid(737f3df95e8407a4c800dab3319303a2) Importer(815301076,1909f56bfc062723c751e8b465ee728b)  -> (artifact id: 'a68676abac1bbbb4e1f2a0f73df5e4be') in 0.076976 seconds 
========================================================================
Received Import Request.
  Time since last request: 0.939692 seconds.
  path: Assets/SimpleCloudSystem by RM/Clouds/SunnyClouds_Materials/S_Cloud5.mat
  artifactKey: Guid(18b93a545d857bc4188a4c36cdf48283) Importer(815301076,1909f56bfc062723c751e8b465ee728b)
Start importing Assets/SimpleCloudSystem by RM/Clouds/SunnyClouds_Materials/S_Cloud5.mat using Guid(18b93a545d857bc4188a4c36cdf48283) Importer(815301076,1909f56bfc062723c751e8b465ee728b)  -> (artifact id: 'f7de05213bfc50e4559edce89c18cc91') in 0.013484 seconds 
========================================================================
Received Import Request.
  Time since last request: 0.000036 seconds.
  path: Assets/SimpleCloudSystem by RM/Clouds/SunnyClouds_Materials/S_Cloud7.mat
  artifactKey: Guid(63e631b9dcf375e40950e538ef1370b7) Importer(815301076,1909f56bfc062723c751e8b465ee728b)
Start importing Assets/SimpleCloudSystem by RM/Clouds/SunnyClouds_Materials/S_Cloud7.mat using Guid(63e631b9dcf375e40950e538ef1370b7) Importer(815301076,1909f56bfc062723c751e8b465ee728b)  -> (artifact id: 'a134bb307a6286e84457ea3796ecd4d2') in 0.021519 seconds 
========================================================================
Received Import Request.
  Time since last request: 0.000037 seconds.
  path: Assets/SimpleCloudSystem by RM/Clouds/SunnyClouds_Materials/S_Cloud4.mat
  artifactKey: Guid(9ffe9e5b9218d0749952c1a374bcc834) Importer(815301076,1909f56bfc062723c751e8b465ee728b)
Start importing Assets/SimpleCloudSystem by RM/Clouds/SunnyClouds_Materials/S_Cloud4.mat using Guid(9ffe9e5b9218d0749952c1a374bcc834) Importer(815301076,1909f56bfc062723c751e8b465ee728b)  -> (artifact id: '91b8c0b047174718f60d42c72cd078c2') in 0.018735 seconds 
========================================================================
Received Prepare
Registering precompiled user dll's ...
Registered in 0.003278 seconds.
Begin MonoManager ReloadAssembly
Symbol file LoadedFromMemory doesn't match image D:\My project (3)\Library\PackageCache\com.unity.visualscripting@1.7.8\Editor\VisualScripting.Core\Dependencies\YamlDotNet\Unity.VisualScripting.YamlDotNet.dll
Symbol file LoadedFromMemory doesn't match image D:\My project (3)\Library\PackageCache\com.unity.visualscripting@1.7.8\Editor\VisualScripting.Core\Dependencies\DotNetZip\Unity.VisualScripting.IonicZip.dll
Native extension for WindowsStandalone target not found
Native extension for WebGL target not found
Refreshing native plugins compatible for Editor in 0.58 ms, found 3 plugins.
Preloading 0 native plugins for Editor in 0.00 ms.
Mono: successfully reloaded assembly
- Completed reload, in  1.187 seconds
Domain Reload Profiling:
	ReloadAssembly (1188ms)
		BeginReloadAssembly (198ms)
			ExecutionOrderSort (0ms)
			DisableScriptedObjects (4ms)
			BackupInstance (0ms)
			ReleaseScriptingObjects (0ms)
			CreateAndSetChildDomain (56ms)
		EndReloadAssembly (850ms)
			LoadAssemblies (175ms)
			RebuildTransferFunctionScriptingTraits (0ms)
			SetupTypeCache (316ms)
			ReleaseScriptCaches (1ms)
			RebuildScriptCaches (37ms)
			SetupLoadedEditorAssemblies (334ms)
				LogAssemblyErrors (0ms)
				InitializePlatformSupportModulesInManaged (12ms)
				SetLoadedEditorAssemblies (0ms)
				RefreshPlugins (1ms)
				BeforeProcessingInitializeOnLoad (54ms)
				ProcessInitializeOnLoadAttributes (235ms)
				ProcessInitializeOnLoadMethodAttributes (26ms)
				AfterProcessingInitializeOnLoad (6ms)
				EditorAssembliesLoaded (0ms)
			ExecutionOrderSort2 (0ms)
			AwakeInstancesAfterBackupRestoration (7ms)
Platform modules already initialized, skipping
Refreshing native plugins compatible for Editor in 1.41 ms, found 3 plugins.
Preloading 0 native plugins for Editor in 0.00 ms.
Unloading 3384 Unused Serialized files (Serialized files now loaded: 0)
Unloading 21 unused Assets / (80.1 KB). Loaded Objects now: 3932.
Memory consumption went from 158.9 MB to 158.8 MB.
Total: 3.354100 ms (FindLiveObjects: 0.296900 ms CreateObjectMapping: 0.221100 ms MarkObjects: 2.696000 ms  DeleteObjects: 0.139300 ms)

AssetImportParameters requested are different than current active one (requested -> active):
  custom:video-decoder-ogg-theora: a1e56fd34408186e4bbccfd4996cb3dc -> 
  custom:container-muxer-webm: aa71ff27fc2769a1b78a27578f13a17b -> 
  custom:container-demuxer-webm: 4f35f7cbe854078d1ac9338744f61a02 -> 
  custom:video-encoder-webm-vp8: eb34c28f22e8b96e1ab97ce403110664 -> 
  custom:audio-encoder-webm-vorbis: bf7c407c2cedff20999df2af8eb42d56 -> 
  custom:framework-win-MediaFoundation: 216162199b28c13a410421893ffa2e32 -> 
  custom:container-demuxer-ogg: 62fdf1f143b41e24485cea50d1cbac27 -> 
  custom:video-decoder-webm-vp8: 9c59270c3fd7afecdb556c50c9e8de78 -> 
  custom:audio-decoder-ogg-vorbis: bf7c407c2cedff20999df2af8eb42d56 -> 
========================================================================
Received Import Request.
  Time since last request: 736.231178 seconds.
  path: Assets/New Terrain.asset
  artifactKey: Guid(84ce9f0fb96f0d84c85331bd7923667c) Importer(815301076,1909f56bfc062723c751e8b465ee728b)
Start importing Assets/New Terrain.asset using Guid(84ce9f0fb96f0d84c85331bd7923667c) Importer(815301076,1909f56bfc062723c751e8b465ee728b)  -> (artifact id: '4fdd77d6f74282c497c3d4fa648c88ad') in 0.128161 seconds 
========================================================================
Received Prepare
Registering precompiled user dll's ...
Registered in 0.004508 seconds.
Begin MonoManager ReloadAssembly
Symbol file LoadedFromMemory doesn't match image D:\My project (3)\Library\PackageCache\com.unity.visualscripting@1.7.8\Editor\VisualScripting.Core\Dependencies\YamlDotNet\Unity.VisualScripting.YamlDotNet.dll
Symbol file LoadedFromMemory doesn't match image D:\My project (3)\Library\PackageCache\com.unity.visualscripting@1.7.8\Editor\VisualScripting.Core\Dependencies\DotNetZip\Unity.VisualScripting.IonicZip.dll
Native extension for WindowsStandalone target not found
Native extension for WebGL target not found
Refreshing native plugins compatible for Editor in 72.81 ms, found 3 plugins.
Preloading 0 native plugins for Editor in 0.00 ms.
CreateSerializedAsset is not supported while importing out-of-process
UnityEngine.StackTraceUtility:ExtractStackTrace ()
VladislavTsurikov.PhysicsSimulatorEditor.PhysicsSimulatorPath:GetPackage () (at Assets/Vladislav Tsurikov/Physics Simulator Editor/Scripts/PhysicsSimulatorPath.cs:43)
VladislavTsurikov.PhysicsSimulatorEditor.PhysicsSimulatorPath:.cctor () (at Assets/Vladislav Tsurikov/Physics Simulator Editor/Scripts/PhysicsSimulatorPath.cs:25)
System.Runtime.CompilerServices.RuntimeHelpers:RunClassConstructor (System.RuntimeTypeHandle)
UnityEditor.EditorAssemblies:ProcessInitializeOnLoadAttributes (System.Type[])

[Assets/Vladislav Tsurikov/Physics Simulator Editor/Scripts/PhysicsSimulatorPath.cs line 43]

UnityEngine.UnityException: Creating asset at path Assets/Resources/Physics Simulation Settings.asset failed.
  at (wrapper managed-to-native) UnityEditor.AssetDatabase.CreateAsset(UnityEngine.Object,string)
  at VladislavTsurikov.PhysicsSimulatorEditor.PhysicsSimulatorPath.GetPackage () [0x00041] in D:\My project (3)\Assets\Vladislav Tsurikov\Physics Simulator Editor\Scripts\PhysicsSimulatorPath.cs:43 
  at VladislavTsurikov.PhysicsSimulatorEditor.PhysicsSimulatorPath..cctor () [0x00017] in D:\My project (3)\Assets\Vladislav Tsurikov\Physics Simulator Editor\Scripts\PhysicsSimulatorPath.cs:25 
UnityEngine.StackTraceUtility:ExtractStackTrace ()
UnityEngine.DebugLogHandler:LogFormat (UnityEngine.LogType,UnityEngine.Object,string,object[])
UnityEngine.Logger:Log (UnityEngine.LogType,object)
UnityEngine.Debug:LogError (object)
UnityEditor.EditorAssemblies:ProcessInitializeOnLoadAttributes (System.Type[])

CreateSerializedAsset is not supported while importing out-of-process
UnityEngine.StackTraceUtility:ExtractStackTrace ()
VladislavTsurikov.MegaWorldSystem.SprayBrush.SprayBrushToolPath:GetPackage () (at Assets/Vladislav Tsurikov/Mega World/Scripts/Tools System/Tools/Spray Brush Tool/SprayBrushToolPath.cs:44)
VladislavTsurikov.MegaWorldSystem.SprayBrush.SprayBrushToolPath:.cctor () (at Assets/Vladislav Tsurikov/Mega World/Scripts/Tools System/Tools/Spray Brush Tool/SprayBrushToolPath.cs:26)
System.Runtime.CompilerServices.RuntimeHelpers:RunClassConstructor (System.RuntimeTypeHandle)
UnityEditor.EditorAssemblies:ProcessInitializeOnLoadAttributes (System.Type[])

[Assets/Vladislav Tsurikov/Mega World/Scripts/Tools System/Tools/Spray Brush Tool/SprayBrushToolPath.cs line 44]

UnityEngine.UnityException: Creating asset at path Assets/Resources/MegaWorld/Tools Settings/Spray Brush Tool.asset failed.
  at (wrapper managed-to-native) UnityEditor.AssetDatabase.CreateAsset(UnityEngine.Object,string)
  at VladislavTsurikov.MegaWorldSystem.SprayBrush.SprayBrushToolPath.GetPackage () [0x00045] in D:\My project (3)\Assets\Vladislav Tsurikov\Mega World\Scripts\Tools System\Tools\Spray Brush Tool\SprayBrushToolPath.cs:44 
  at VladislavTsurikov.MegaWorldSystem.SprayBrush.SprayBrushToolPath..cctor () [0x00017] in D:\My project (3)\Assets\Vladislav Tsurikov\Mega World\Scripts\Tools System\Tools\Spray Brush Tool\SprayBrushToolPath.cs:26 
UnityEngine.StackTraceUtility:ExtractStackTrace ()
UnityEngine.DebugLogHandler:LogFormat (UnityEngine.LogType,UnityEngine.Object,string,object[])
UnityEngine.Logger:Log (UnityEngine.LogType,object)
UnityEngine.Debug:LogError (object)
UnityEditor.EditorAssemblies:ProcessInitializeOnLoadAttributes (System.Type[])

CreateSerializedAsset is not supported while importing out-of-process
UnityEngine.StackTraceUtility:ExtractStackTrace ()
VladislavTsurikov.MegaWorldSystem.BrushErase.BrushEraseToolPath:GetPackage () (at Assets/Vladislav Tsurikov/Mega World/Scripts/Tools System/Tools/Brush Erase Tool/BrushEraseToolPath.cs:44)
VladislavTsurikov.MegaWorldSystem.BrushErase.BrushEraseToolPath:.cctor () (at Assets/Vladislav Tsurikov/Mega World/Scripts/Tools System/Tools/Brush Erase Tool/BrushEraseToolPath.cs:26)
System.Runtime.CompilerServices.RuntimeHelpers:RunClassConstructor (System.RuntimeTypeHandle)
UnityEditor.EditorAssemblies:ProcessInitializeOnLoadAttributes (System.Type[])

[Assets/Vladislav Tsurikov/Mega World/Scripts/Tools System/Tools/Brush Erase Tool/BrushEraseToolPath.cs line 44]

UnityEngine.UnityException: Creating asset at path Assets/Resources/MegaWorld/Tools Settings/Brush Erase Tool.asset failed.
  at (wrapper managed-to-native) UnityEditor.AssetDatabase.CreateAsset(UnityEngine.Object,string)
  at VladislavTsurikov.MegaWorldSystem.BrushErase.BrushEraseToolPath.GetPackage () [0x00045] in D:\My project (3)\Assets\Vladislav Tsurikov\Mega World\Scripts\Tools System\Tools\Brush Erase Tool\BrushEraseToolPath.cs:44 
  at VladislavTsurikov.MegaWorldSystem.BrushErase.BrushEraseToolPath..cctor () [0x00017] in D:\My project (3)\Assets\Vladislav Tsurikov\Mega World\Scripts\Tools System\Tools\Brush Erase Tool\BrushEraseToolPath.cs:26 
UnityEngine.StackTraceUtility:ExtractStackTrace ()
UnityEngine.DebugLogHandler:LogFormat (UnityEngine.LogType,UnityEngine.Object,string,object[])
UnityEngine.Logger:Log (UnityEngine.LogType,object)
UnityEngine.Debug:LogError (object)
UnityEditor.EditorAssemblies:ProcessInitializeOnLoadAttributes (System.Type[])

CreateSerializedAsset is not supported while importing out-of-process
UnityEngine.StackTraceUtility:ExtractStackTrace ()
VladislavTsurikov.MegaWorldSystem.AdvancedBrush.AdvancedBrushToolPath:GetPackage () (at Assets/Vladislav Tsurikov/Mega World/Scripts/Tools System/Tools/Advanced Brush Tool/AdvancedBrushToolPath.cs:44)
VladislavTsurikov.MegaWorldSystem.AdvancedBrush.AdvancedBrushToolPath:.cctor () (at Assets/Vladislav Tsurikov/Mega World/Scripts/Tools System/Tools/Advanced Brush Tool/AdvancedBrushToolPath.cs:26)
System.Runtime.CompilerServices.RuntimeHelpers:RunClassConstructor (System.RuntimeTypeHandle)
UnityEditor.EditorAssemblies:ProcessInitializeOnLoadAttributes (System.Type[])

[Assets/Vladislav Tsurikov/Mega World/Scripts/Tools System/Tools/Advanced Brush Tool/AdvancedBrushToolPath.cs line 44]

UnityEngine.UnityException: Creating asset at path Assets/Resources/MegaWorld/Tools Settings/Advanced Brush Tool.asset failed.
  at (wrapper managed-to-native) UnityEditor.AssetDatabase.CreateAsset(UnityEngine.Object,string)
  at VladislavTsurikov.MegaWorldSystem.AdvancedBrush.AdvancedBrushToolPath.GetPackage () [0x00045] in D:\My project (3)\Assets\Vladislav Tsurikov\Mega World\Scripts\Tools System\Tools\Advanced Brush Tool\AdvancedBrushToolPath.cs:44 
  at VladislavTsurikov.MegaWorldSystem.AdvancedBrush.AdvancedBrushToolPath..cctor () [0x00017] in D:\My project (3)\Assets\Vladislav Tsurikov\Mega World\Scripts\Tools System\Tools\Advanced Brush Tool\AdvancedBrushToolPath.cs:26 
UnityEngine.StackTraceUtility:ExtractStackTrace ()
UnityEngine.DebugLogHandler:LogFormat (UnityEngine.LogType,UnityEngine.Object,string,object[])
UnityEngine.Logger:Log (UnityEngine.LogType,object)
UnityEngine.Debug:LogError (object)
UnityEditor.EditorAssemblies:ProcessInitializeOnLoadAttributes (System.Type[])

Mono: successfully reloaded assembly
- Completed reload, in  1.268 seconds
Domain Reload Profiling:
	ReloadAssembly (1269ms)
		BeginReloadAssembly (130ms)
			ExecutionOrderSort (0ms)
			DisableScriptedObjects (4ms)
			BackupInstance (0ms)
			ReleaseScriptingObjects (0ms)
			CreateAndSetChildDomain (38ms)
		EndReloadAssembly (1050ms)
			LoadAssemblies (82ms)
			RebuildTransferFunctionScriptingTraits (0ms)
			SetupTypeCache (283ms)
			ReleaseScriptCaches (1ms)
			RebuildScriptCaches (41ms)
			SetupLoadedEditorAssemblies (611ms)
				LogAssemblyErrors (0ms)
				InitializePlatformSupportModulesInManaged (11ms)
				SetLoadedEditorAssemblies (0ms)
				RefreshPlugins (73ms)
				BeforeProcessingInitializeOnLoad (59ms)
				ProcessInitializeOnLoadAttributes (440ms)
				ProcessInitializeOnLoadMethodAttributes (23ms)
				AfterProcessingInitializeOnLoad (6ms)
				EditorAssembliesLoaded (0ms)
			ExecutionOrderSort2 (0ms)
			AwakeInstancesAfterBackupRestoration (6ms)
Platform modules already initialized, skipping
Refreshing native plugins compatible for Editor in 1.49 ms, found 3 plugins.
Preloading 0 native plugins for Editor in 0.00 ms.
Unloading 3703 Unused Serialized files (Serialized files now loaded: 0)
Unloading 20 unused Assets / (80.1 KB). Loaded Objects now: 4264.
Memory consumption went from 169.1 MB to 169.0 MB.
Total: 2.852400 ms (FindLiveObjects: 0.276600 ms CreateObjectMapping: 0.155900 ms MarkObjects: 2.341500 ms  DeleteObjects: 0.077600 ms)

AssetImportParameters requested are different than current active one (requested -> active):
  custom:video-decoder-ogg-theora: a1e56fd34408186e4bbccfd4996cb3dc -> 
  custom:container-muxer-webm: aa71ff27fc2769a1b78a27578f13a17b -> 
  custom:container-demuxer-webm: 4f35f7cbe854078d1ac9338744f61a02 -> 
  custom:video-encoder-webm-vp8: eb34c28f22e8b96e1ab97ce403110664 -> 
  custom:audio-encoder-webm-vorbis: bf7c407c2cedff20999df2af8eb42d56 -> 
  custom:framework-win-MediaFoundation: 216162199b28c13a410421893ffa2e32 -> 
  custom:container-demuxer-ogg: 62fdf1f143b41e24485cea50d1cbac27 -> 
  custom:video-decoder-webm-vp8: 9c59270c3fd7afecdb556c50c9e8de78 -> 
  custom:audio-decoder-ogg-vorbis: bf7c407c2cedff20999df2af8eb42d56 -> 
========================================================================
Received Import Request.
  Time since last request: 928.712495 seconds.
  path: Assets/Vladislav Tsurikov/Mega World
  artifactKey: Guid(c6486b2d2af732f41bb319cf50396991) Importer(815301076,1909f56bfc062723c751e8b465ee728b)
Start importing Assets/Vladislav Tsurikov/Mega World using Guid(c6486b2d2af732f41bb319cf50396991) Importer(815301076,1909f56bfc062723c751e8b465ee728b)  -> (artifact id: '5e41ee5b5d67ee02876231d654e0266b') in 0.010730 seconds 
========================================================================
Received Import Request.
  Time since last request: 4.157267 seconds.
  path: Assets/Vladislav Tsurikov/Mega World/Resources
  artifactKey: Guid(877a7274cf7208347a673098cb5cee01) Importer(815301076,1909f56bfc062723c751e8b465ee728b)
Start importing Assets/Vladislav Tsurikov/Mega World/Resources using Guid(877a7274cf7208347a673098cb5cee01) Importer(815301076,1909f56bfc062723c751e8b465ee728b)  -> (artifact id: 'b1e07801900fd1b945d792826de7d99b') in 0.001826 seconds 
========================================================================
Received Import Request.
  Time since last request: 1.840542 seconds.
  path: Assets/Vladislav Tsurikov/Mega World/Resources/Polaris Brushes
  artifactKey: Guid(782787fd5ae3fc64a8bc3517c6686371) Importer(815301076,1909f56bfc062723c751e8b465ee728b)
Start importing Assets/Vladislav Tsurikov/Mega World/Resources/Polaris Brushes using Guid(782787fd5ae3fc64a8bc3517c6686371) Importer(815301076,1909f56bfc062723c751e8b465ee728b)  -> (artifact id: '36e684f13f916fa0f1f0eb5ada40caee') in 0.001657 seconds 
========================================================================
Received Import Request.
  Time since last request: 0.060249 seconds.
  path: Assets/Vladislav Tsurikov/Mega World/Resources/Polaris Brushes/BuiltinNoise01.psd
  artifactKey: Guid(eb1ec4d736046ae4088f1c273310018c) Importer(815301076,1909f56bfc062723c751e8b465ee728b)
Start importing Assets/Vladislav Tsurikov/Mega World/Resources/Polaris Brushes/BuiltinNoise01.psd using Guid(eb1ec4d736046ae4088f1c273310018c) Importer(815301076,1909f56bfc062723c751e8b465ee728b)  -> (artifact id: '09cff2a692106a3c64cff31eac89a8ca') in 0.047450 seconds 
========================================================================
Received Import Request.
  Time since last request: 4.126839 seconds.
  path: Assets/Vladislav Tsurikov/Mega World/Resources/Polaris Brushes/BuiltinShape01.psd
  artifactKey: Guid(c571de695a773a94d89d4e191f5ba441) Importer(815301076,1909f56bfc062723c751e8b465ee728b)
Start importing Assets/Vladislav Tsurikov/Mega World/Resources/Polaris Brushes/BuiltinShape01.psd using Guid(c571de695a773a94d89d4e191f5ba441) Importer(815301076,1909f56bfc062723c751e8b465ee728b)  -> (artifact id: 'c80c047698cef8d35dbf7187b0128c62') in 0.015481 seconds 
========================================================================
Received Import Request.
  Time since last request: 0.000022 seconds.
  path: Assets/Vladislav Tsurikov/Mega World/Resources/Polaris Brushes/SampleBrush0.psd
  artifactKey: Guid(6c4342bdf0f9fc4439c93dfaa86b178f) Importer(815301076,1909f56bfc062723c751e8b465ee728b)
Start importing Assets/Vladislav Tsurikov/Mega World/Resources/Polaris Brushes/SampleBrush0.psd using Guid(6c4342bdf0f9fc4439c93dfaa86b178f) Importer(815301076,1909f56bfc062723c751e8b465ee728b)  -> (artifact id: '89dd33119e6443ddd1760e4dcc698c42') in 0.023410 seconds 
========================================================================
Received Import Request.
  Time since last request: 0.000019 seconds.
  path: Assets/Vladislav Tsurikov/Mega World/Resources/Polaris Brushes/BuiltinShape03.psd
  artifactKey: Guid(f200762fc4a54df458eefc5ac767151e) Importer(815301076,1909f56bfc062723c751e8b465ee728b)
Start importing Assets/Vladislav Tsurikov/Mega World/Resources/Polaris Brushes/BuiltinShape03.psd using Guid(f200762fc4a54df458eefc5ac767151e) Importer(815301076,1909f56bfc062723c751e8b465ee728b)  -> (artifact id: '7bad7d918bf46e3cc179bc45ac419c82') in 0.011535 seconds 
========================================================================
Received Import Request.
  Time since last request: 0.000025 seconds.
  path: Assets/Vladislav Tsurikov/Mega World/Resources/Polaris Brushes/BuiltinSmooth01.psd
  artifactKey: Guid(51b169a277cae6046906bc61cddf6410) Importer(815301076,1909f56bfc062723c751e8b465ee728b)
Start importing Assets/Vladislav Tsurikov/Mega World/Resources/Polaris Brushes/BuiltinSmooth01.psd using Guid(51b169a277cae6046906bc61cddf6410) Importer(815301076,1909f56bfc062723c751e8b465ee728b)  -> (artifact id: 'ffc95f0b29b22679cb9b4c39a3d25bcc') in 0.013842 seconds 
========================================================================
Received Import Request.
  Time since last request: 0.000018 seconds.
  path: Assets/Vladislav Tsurikov/Mega World/Resources/Polaris Brushes/BuiltinNoise03.psd
  artifactKey: Guid(6f75925a4a3210c46931b8a92cd20d93) Importer(815301076,1909f56bfc062723c751e8b465ee728b)
Start importing Assets/Vladislav Tsurikov/Mega World/Resources/Polaris Brushes/BuiltinNoise03.psd using Guid(6f75925a4a3210c46931b8a92cd20d93) Importer(815301076,1909f56bfc062723c751e8b465ee728b)  -> (artifact id: '5d434a17aac49238f9ca0ade1c93247f') in 0.011053 seconds 
========================================================================
Received Import Request.
  Time since last request: 91.747168 seconds.
  path: Assets/GrassFlowers/Post-Processing For GrassFlowers.asset
  artifactKey: Guid(150fbd13cfcddb34ebc82b228a769165) Importer(815301076,1909f56bfc062723c751e8b465ee728b)
Start importing Assets/GrassFlowers/Post-Processing For GrassFlowers.asset using Guid(150fbd13cfcddb34ebc82b228a769165) Importer(815301076,1909f56bfc062723c751e8b465ee728b)  -> (artifact id: '47c964b2f79ca6216133463116856ada') in 0.003174 seconds 
========================================================================
Received Prepare
Registering precompiled user dll's ...
Registered in 0.003462 seconds.
Begin MonoManager ReloadAssembly
Symbol file LoadedFromMemory doesn't match image D:\My project (3)\Library\PackageCache\com.unity.visualscripting@1.7.8\Editor\VisualScripting.Core\Dependencies\YamlDotNet\Unity.VisualScripting.YamlDotNet.dll
Symbol file LoadedFromMemory doesn't match image D:\My project (3)\Library\PackageCache\com.unity.visualscripting@1.7.8\Editor\VisualScripting.Core\Dependencies\DotNetZip\Unity.VisualScripting.IonicZip.dll
Native extension for WindowsStandalone target not found
Native extension for WebGL target not found
Refreshing native plugins compatible for Editor in 0.60 ms, found 3 plugins.
Preloading 0 native plugins for Editor in 0.00 ms.
CreateSerializedAsset is not supported while importing out-of-process
UnityEngine.StackTraceUtility:ExtractStackTrace ()
VladislavTsurikov.PhysicsSimulatorEditor.PhysicsSimulatorPath:GetPackage () (at Assets/Vladislav Tsurikov/Physics Simulator Editor/Scripts/PhysicsSimulatorPath.cs:43)
VladislavTsurikov.PhysicsSimulatorEditor.PhysicsSimulatorPath:.cctor () (at Assets/Vladislav Tsurikov/Physics Simulator Editor/Scripts/PhysicsSimulatorPath.cs:25)
System.Runtime.CompilerServices.RuntimeHelpers:RunClassConstructor (System.RuntimeTypeHandle)
UnityEditor.EditorAssemblies:ProcessInitializeOnLoadAttributes (System.Type[])

[Assets/Vladislav Tsurikov/Physics Simulator Editor/Scripts/PhysicsSimulatorPath.cs line 43]

UnityEngine.UnityException: Creating asset at path Assets/Resources/Physics Simulation Settings.asset failed.
  at (wrapper managed-to-native) UnityEditor.AssetDatabase.CreateAsset(UnityEngine.Object,string)
  at VladislavTsurikov.PhysicsSimulatorEditor.PhysicsSimulatorPath.GetPackage () [0x00041] in D:\My project (3)\Assets\Vladislav Tsurikov\Physics Simulator Editor\Scripts\PhysicsSimulatorPath.cs:43 
  at VladislavTsurikov.PhysicsSimulatorEditor.PhysicsSimulatorPath..cctor () [0x00017] in D:\My project (3)\Assets\Vladislav Tsurikov\Physics Simulator Editor\Scripts\PhysicsSimulatorPath.cs:25 
UnityEngine.StackTraceUtility:ExtractStackTrace ()
UnityEngine.DebugLogHandler:LogFormat (UnityEngine.LogType,UnityEngine.Object,string,object[])
UnityEngine.Logger:Log (UnityEngine.LogType,object)
UnityEngine.Debug:LogError (object)
UnityEditor.EditorAssemblies:ProcessInitializeOnLoadAttributes (System.Type[])

CreateSerializedAsset is not supported while importing out-of-process
UnityEngine.StackTraceUtility:ExtractStackTrace ()
VladislavTsurikov.MegaWorldSystem.SprayBrush.SprayBrushToolPath:GetPackage () (at Assets/Vladislav Tsurikov/Mega World/Scripts/Tools System/Tools/Spray Brush Tool/SprayBrushToolPath.cs:44)
VladislavTsurikov.MegaWorldSystem.SprayBrush.SprayBrushToolPath:.cctor () (at Assets/Vladislav Tsurikov/Mega World/Scripts/Tools System/Tools/Spray Brush Tool/SprayBrushToolPath.cs:26)
System.Runtime.CompilerServices.RuntimeHelpers:RunClassConstructor (System.RuntimeTypeHandle)
UnityEditor.EditorAssemblies:ProcessInitializeOnLoadAttributes (System.Type[])

[Assets/Vladislav Tsurikov/Mega World/Scripts/Tools System/Tools/Spray Brush Tool/SprayBrushToolPath.cs line 44]

UnityEngine.UnityException: Creating asset at path Assets/Resources/MegaWorld/Tools Settings/Spray Brush Tool.asset failed.
  at (wrapper managed-to-native) UnityEditor.AssetDatabase.CreateAsset(UnityEngine.Object,string)
  at VladislavTsurikov.MegaWorldSystem.SprayBrush.SprayBrushToolPath.GetPackage () [0x00045] in D:\My project (3)\Assets\Vladislav Tsurikov\Mega World\Scripts\Tools System\Tools\Spray Brush Tool\SprayBrushToolPath.cs:44 
  at VladislavTsurikov.MegaWorldSystem.SprayBrush.SprayBrushToolPath..cctor () [0x00017] in D:\My project (3)\Assets\Vladislav Tsurikov\Mega World\Scripts\Tools System\Tools\Spray Brush Tool\SprayBrushToolPath.cs:26 
UnityEngine.StackTraceUtility:ExtractStackTrace ()
UnityEngine.DebugLogHandler:LogFormat (UnityEngine.LogType,UnityEngine.Object,string,object[])
UnityEngine.Logger:Log (UnityEngine.LogType,object)
UnityEngine.Debug:LogError (object)
UnityEditor.EditorAssemblies:ProcessInitializeOnLoadAttributes (System.Type[])

CreateSerializedAsset is not supported while importing out-of-process
UnityEngine.StackTraceUtility:ExtractStackTrace ()
VladislavTsurikov.MegaWorldSystem.BrushErase.BrushEraseToolPath:GetPackage () (at Assets/Vladislav Tsurikov/Mega World/Scripts/Tools System/Tools/Brush Erase Tool/BrushEraseToolPath.cs:44)
VladislavTsurikov.MegaWorldSystem.BrushErase.BrushEraseToolPath:.cctor () (at Assets/Vladislav Tsurikov/Mega World/Scripts/Tools System/Tools/Brush Erase Tool/BrushEraseToolPath.cs:26)
System.Runtime.CompilerServices.RuntimeHelpers:RunClassConstructor (System.RuntimeTypeHandle)
UnityEditor.EditorAssemblies:ProcessInitializeOnLoadAttributes (System.Type[])

[Assets/Vladislav Tsurikov/Mega World/Scripts/Tools System/Tools/Brush Erase Tool/BrushEraseToolPath.cs line 44]

UnityEngine.UnityException: Creating asset at path Assets/Resources/MegaWorld/Tools Settings/Brush Erase Tool.asset failed.
  at (wrapper managed-to-native) UnityEditor.AssetDatabase.CreateAsset(UnityEngine.Object,string)
  at VladislavTsurikov.MegaWorldSystem.BrushErase.BrushEraseToolPath.GetPackage () [0x00045] in D:\My project (3)\Assets\Vladislav Tsurikov\Mega World\Scripts\Tools System\Tools\Brush Erase Tool\BrushEraseToolPath.cs:44 
  at VladislavTsurikov.MegaWorldSystem.BrushErase.BrushEraseToolPath..cctor () [0x00017] in D:\My project (3)\Assets\Vladislav Tsurikov\Mega World\Scripts\Tools System\Tools\Brush Erase Tool\BrushEraseToolPath.cs:26 
UnityEngine.StackTraceUtility:ExtractStackTrace ()
UnityEngine.DebugLogHandler:LogFormat (UnityEngine.LogType,UnityEngine.Object,string,object[])
UnityEngine.Logger:Log (UnityEngine.LogType,object)
UnityEngine.Debug:LogError (object)
UnityEditor.EditorAssemblies:ProcessInitializeOnLoadAttributes (System.Type[])

CreateSerializedAsset is not supported while importing out-of-process
UnityEngine.StackTraceUtility:ExtractStackTrace ()
VladislavTsurikov.MegaWorldSystem.AdvancedBrush.AdvancedBrushToolPath:GetPackage () (at Assets/Vladislav Tsurikov/Mega World/Scripts/Tools System/Tools/Advanced Brush Tool/AdvancedBrushToolPath.cs:44)
VladislavTsurikov.MegaWorldSystem.AdvancedBrush.AdvancedBrushToolPath:.cctor () (at Assets/Vladislav Tsurikov/Mega World/Scripts/Tools System/Tools/Advanced Brush Tool/AdvancedBrushToolPath.cs:26)
System.Runtime.CompilerServices.RuntimeHelpers:RunClassConstructor (System.RuntimeTypeHandle)
UnityEditor.EditorAssemblies:ProcessInitializeOnLoadAttributes (System.Type[])

[Assets/Vladislav Tsurikov/Mega World/Scripts/Tools System/Tools/Advanced Brush Tool/AdvancedBrushToolPath.cs line 44]

UnityEngine.UnityException: Creating asset at path Assets/Resources/MegaWorld/Tools Settings/Advanced Brush Tool.asset failed.
  at (wrapper managed-to-native) UnityEditor.AssetDatabase.CreateAsset(UnityEngine.Object,string)
  at VladislavTsurikov.MegaWorldSystem.AdvancedBrush.AdvancedBrushToolPath.GetPackage () [0x00045] in D:\My project (3)\Assets\Vladislav Tsurikov\Mega World\Scripts\Tools System\Tools\Advanced Brush Tool\AdvancedBrushToolPath.cs:44 
  at VladislavTsurikov.MegaWorldSystem.AdvancedBrush.AdvancedBrushToolPath..cctor () [0x00017] in D:\My project (3)\Assets\Vladislav Tsurikov\Mega World\Scripts\Tools System\Tools\Advanced Brush Tool\AdvancedBrushToolPath.cs:26 
UnityEngine.StackTraceUtility:ExtractStackTrace ()
UnityEngine.DebugLogHandler:LogFormat (UnityEngine.LogType,UnityEngine.Object,string,object[])
UnityEngine.Logger:Log (UnityEngine.LogType,object)
UnityEngine.Debug:LogError (object)
UnityEditor.EditorAssemblies:ProcessInitializeOnLoadAttributes (System.Type[])

Mono: successfully reloaded assembly
- Completed reload, in  1.193 seconds
Domain Reload Profiling:
	ReloadAssembly (1194ms)
		BeginReloadAssembly (171ms)
			ExecutionOrderSort (0ms)
			DisableScriptedObjects (4ms)
			BackupInstance (0ms)
			ReleaseScriptingObjects (0ms)
			CreateAndSetChildDomain (36ms)
		EndReloadAssembly (937ms)
			LoadAssemblies (162ms)
			RebuildTransferFunctionScriptingTraits (0ms)
			SetupTypeCache (228ms)
			ReleaseScriptCaches (1ms)
			RebuildScriptCaches (34ms)
			SetupLoadedEditorAssemblies (524ms)
				LogAssemblyErrors (0ms)
				InitializePlatformSupportModulesInManaged (11ms)
				SetLoadedEditorAssemblies (0ms)
				RefreshPlugins (1ms)
				BeforeProcessingInitializeOnLoad (64ms)
				ProcessInitializeOnLoadAttributes (416ms)
				ProcessInitializeOnLoadMethodAttributes (25ms)
				AfterProcessingInitializeOnLoad (6ms)
				EditorAssembliesLoaded (0ms)
			ExecutionOrderSort2 (0ms)
			AwakeInstancesAfterBackupRestoration (7ms)
Platform modules already initialized, skipping
Refreshing native plugins compatible for Editor in 1.44 ms, found 3 plugins.
Preloading 0 native plugins for Editor in 0.00 ms.
Unloading 3721 Unused Serialized files (Serialized files now loaded: 0)
Unloading 38 unused Assets / (0.9 MB). Loaded Objects now: 4271.
Memory consumption went from 171.7 MB to 170.8 MB.
Total: 3.507000 ms (FindLiveObjects: 0.269100 ms CreateObjectMapping: 0.174600 ms MarkObjects: 2.726600 ms  DeleteObjects: 0.335900 ms)

AssetImportParameters requested are different than current active one (requested -> active):
  custom:video-decoder-ogg-theora: a1e56fd34408186e4bbccfd4996cb3dc -> 
  custom:container-muxer-webm: aa71ff27fc2769a1b78a27578f13a17b -> 
  custom:container-demuxer-webm: 4f35f7cbe854078d1ac9338744f61a02 -> 
  custom:video-encoder-webm-vp8: eb34c28f22e8b96e1ab97ce403110664 -> 
  custom:audio-encoder-webm-vorbis: bf7c407c2cedff20999df2af8eb42d56 -> 
  custom:framework-win-MediaFoundation: 216162199b28c13a410421893ffa2e32 -> 
  custom:container-demuxer-ogg: 62fdf1f143b41e24485cea50d1cbac27 -> 
  custom:video-decoder-webm-vp8: 9c59270c3fd7afecdb556c50c9e8de78 -> 
  custom:audio-decoder-ogg-vorbis: bf7c407c2cedff20999df2af8eb42d56 -> 
========================================================================
Received Import Request.
  Time since last request: 20.313692 seconds.
  path: Assets/New Terrain.asset
  artifactKey: Guid(84ce9f0fb96f0d84c85331bd7923667c) Importer(815301076,1909f56bfc062723c751e8b465ee728b)
Start importing Assets/New Terrain.asset using Guid(84ce9f0fb96f0d84c85331bd7923667c) Importer(815301076,1909f56bfc062723c751e8b465ee728b)  -> (artifact id: 'aaeb933135e308bb2f74cecf757c045d') in 0.131450 seconds 
========================================================================
Received Import Request.
  Time since last request: 167.091203 seconds.
  path: Assets/Vladislav Tsurikov/Custom GUI/GUISkin/Images/Button/ButtonDisabledActiveDark.png
  artifactKey: Guid(4a60fb2d00d174a4eab6aa42dc7156c8) Importer(815301076,1909f56bfc062723c751e8b465ee728b)
Start importing Assets/Vladislav Tsurikov/Custom GUI/GUISkin/Images/Button/ButtonDisabledActiveDark.png using Guid(4a60fb2d00d174a4eab6aa42dc7156c8) Importer(815301076,1909f56bfc062723c751e8b465ee728b)  -> (artifact id: 'cd4f2c4a781b80f0211f6224d8a1fb5c') in 0.031171 seconds 
========================================================================
Received Import Request.
  Time since last request: 4.182505 seconds.
  path: Assets/Vladislav Tsurikov/Custom GUI/GUISkin/Images/Button/ButtonDisabledHoverLight.png
  artifactKey: Guid(462ff9abd50e2a04aa5d962c05bbf70c) Importer(815301076,1909f56bfc062723c751e8b465ee728b)
Start importing Assets/Vladislav Tsurikov/Custom GUI/GUISkin/Images/Button/ButtonDisabledHoverLight.png using Guid(462ff9abd50e2a04aa5d962c05bbf70c) Importer(815301076,1909f56bfc062723c751e8b465ee728b)  -> (artifact id: '7ccd60dc78df8d549601d9e9698892d9') in 0.011917 seconds 
========================================================================
Received Import Request.
  Time since last request: 0.000034 seconds.
  path: Assets/Vladislav Tsurikov/Custom GUI/GUISkin/Images/Button/ButtonEnabledHoverLight.png
  artifactKey: Guid(1990a0c58c757a244bfe91e65792657a) Importer(815301076,1909f56bfc062723c751e8b465ee728b)
Start importing Assets/Vladislav Tsurikov/Custom GUI/GUISkin/Images/Button/ButtonEnabledHoverLight.png using Guid(1990a0c58c757a244bfe91e65792657a) Importer(815301076,1909f56bfc062723c751e8b465ee728b)  -> (artifact id: '1e2b523a53d03224e3053f1ed0253442') in 0.015644 seconds 
========================================================================
Received Import Request.
  Time since last request: 0.000035 seconds.
  path: Assets/Vladislav Tsurikov/Custom GUI/GUISkin/Images/Button/ButtonEnabledNormalLight.png
  artifactKey: Guid(2d8556c0f9422cf4298f11fc0f633e01) Importer(815301076,1909f56bfc062723c751e8b465ee728b)
Start importing Assets/Vladislav Tsurikov/Custom GUI/GUISkin/Images/Button/ButtonEnabledNormalLight.png using Guid(2d8556c0f9422cf4298f11fc0f633e01) Importer(815301076,1909f56bfc062723c751e8b465ee728b)  -> (artifact id: '5ec3bb1f89ffc112befbf687128bad21') in 0.015996 seconds 
========================================================================
Received Import Request.
  Time since last request: 3.282849 seconds.
  path: Assets/Vladislav Tsurikov/Custom GUI/GUISkin/Images/Foldout/FoldoutDown.png
  artifactKey: Guid(a23fbce17a165bf41b6b2e1ba50d2260) Importer(815301076,1909f56bfc062723c751e8b465ee728b)
Start importing Assets/Vladislav Tsurikov/Custom GUI/GUISkin/Images/Foldout/FoldoutDown.png using Guid(a23fbce17a165bf41b6b2e1ba50d2260) Importer(815301076,1909f56bfc062723c751e8b465ee728b)  -> (artifact id: '38c3ef42c52036bd3cce0afced25d4d9') in 0.014193 seconds 
========================================================================
Received Import Request.
  Time since last request: 0.078085 seconds.
  path: Assets/Vladislav Tsurikov/Custom GUI/GUISkin/Fonts/SourceSansPro-Regular.ttf
  artifactKey: Guid(fa26251e9b9a7d04aa2c8b0dcd8940ce) Importer(815301076,1909f56bfc062723c751e8b465ee728b)
Start importing Assets/Vladislav Tsurikov/Custom GUI/GUISkin/Fonts/SourceSansPro-Regular.ttf using Guid(fa26251e9b9a7d04aa2c8b0dcd8940ce) Importer(815301076,1909f56bfc062723c751e8b465ee728b)  -> (artifact id: '0113b002019b57b5dcb5b53475dddf2c') in 0.059372 seconds 
========================================================================
Received Import Request.
  Time since last request: 2.291745 seconds.
  path: Assets/ADG_Textures/ground_vol1/ground11/ground11_Diffuse.tga
  artifactKey: Guid(c43f9982d7a1d574f8ad78bdc6fa59b6) Importer(815301076,1909f56bfc062723c751e8b465ee728b)
Start importing Assets/ADG_Textures/ground_vol1/ground11/ground11_Diffuse.tga using Guid(c43f9982d7a1d574f8ad78bdc6fa59b6) Importer(815301076,1909f56bfc062723c751e8b465ee728b)  -> (artifact id: '5d15a93592c939d87773f3069c17277b') in 0.022196 seconds 
========================================================================
Received Import Request.
  Time since last request: 0.323618 seconds.
  path: Assets/ADG_Textures/ground_vol1/ground11/ground11_Metallic.tga
  artifactKey: Guid(fdc3ee6e61750944387c2bddc6de10ab) Importer(815301076,1909f56bfc062723c751e8b465ee728b)
Start importing Assets/ADG_Textures/ground_vol1/ground11/ground11_Metallic.tga using Guid(fdc3ee6e61750944387c2bddc6de10ab) Importer(815301076,1909f56bfc062723c751e8b465ee728b)  -> (artifact id: 'c0ec1cd25ac9a129738b2117db4db465') in 0.031432 seconds 
========================================================================
Received Import Request.
  Time since last request: 0.000024 seconds.
  path: Assets/ADG_Textures/ground_vol1/ground12/ground12_Diffuse.tga
  artifactKey: Guid(e5bdfc3501c76e542bf68ff5e1c84f67) Importer(815301076,1909f56bfc062723c751e8b465ee728b)
Start importing Assets/ADG_Textures/ground_vol1/ground12/ground12_Diffuse.tga using Guid(e5bdfc3501c76e542bf68ff5e1c84f67) Importer(815301076,1909f56bfc062723c751e8b465ee728b)  -> (artifact id: 'b2e9bca3294efd48fa206e0efc3a6078') in 0.019035 seconds 
========================================================================
Received Import Request.
  Time since last request: 0.000026 seconds.
  path: Assets/ADG_Textures/ground_vol1/ground13/ground13_Height.tga
  artifactKey: Guid(b7ef56f6ca2ab724e9fcf1949a7a1638) Importer(815301076,1909f56bfc062723c751e8b465ee728b)
Start importing Assets/ADG_Textures/ground_vol1/ground13/ground13_Height.tga using Guid(b7ef56f6ca2ab724e9fcf1949a7a1638) Importer(815301076,1909f56bfc062723c751e8b465ee728b)  -> (artifact id: '4b686f6c17fa856ac09be69cbb44ecc3') in 0.021340 seconds 
========================================================================
Received Import Request.
  Time since last request: 0.000056 seconds.
  path: Assets/ADG_Textures/ground_vol1/ground13/ground13_Ambient_Occlusion.tga
  artifactKey: Guid(2a99c17849836234e94e4e4b040bc253) Importer(815301076,1909f56bfc062723c751e8b465ee728b)
Start importing Assets/ADG_Textures/ground_vol1/ground13/ground13_Ambient_Occlusion.tga using Guid(2a99c17849836234e94e4e4b040bc253) Importer(815301076,1909f56bfc062723c751e8b465ee728b)  -> (artifact id: '073a7340042d5bf3d9a8457a90fd09f6') in 0.017153 seconds 
========================================================================
Received Import Request.
  Time since last request: 0.000035 seconds.
  path: Assets/ADG_Textures/ground_vol1/ground13/ground13_Metallic.tga
  artifactKey: Guid(4d2c3481f7fceba4bb8e65a157391583) Importer(815301076,1909f56bfc062723c751e8b465ee728b)
Start importing Assets/ADG_Textures/ground_vol1/ground13/ground13_Metallic.tga using Guid(4d2c3481f7fceba4bb8e65a157391583) Importer(815301076,1909f56bfc062723c751e8b465ee728b)  -> (artifact id: '4166e38475c65e0757ae71af1c635caa') in 0.027789 seconds 
========================================================================
Received Import Request.
  Time since last request: 0.000050 seconds.
  path: Assets/ADG_Textures/ground_vol1/ground14/ground14_Ambient_Occlusion.tga
  artifactKey: Guid(573c7bc99dcbc0f4ea88b3ac63b42402) Importer(815301076,1909f56bfc062723c751e8b465ee728b)
Start importing Assets/ADG_Textures/ground_vol1/ground14/ground14_Ambient_Occlusion.tga using Guid(573c7bc99dcbc0f4ea88b3ac63b42402) Importer(815301076,1909f56bfc062723c751e8b465ee728b)  -> (artifact id: '1ca5ad55f29e66b08380524051dabac1') in 0.022124 seconds 
========================================================================
Received Import Request.
  Time since last request: 0.000027 seconds.
  path: Assets/Vladislav Tsurikov/Custom GUI/GUISkin/Images/IconButton/IconButtonMinusHover.png
  artifactKey: Guid(1302253895fba554fadddded8720fb48) Importer(815301076,1909f56bfc062723c751e8b465ee728b)
Start importing Assets/Vladislav Tsurikov/Custom GUI/GUISkin/Images/IconButton/IconButtonMinusHover.png using Guid(1302253895fba554fadddded8720fb48) Importer(815301076,1909f56bfc062723c751e8b465ee728b)  -> (artifact id: 'bf53bdd19e1c89ce2f3b2d544913b395') in 0.014344 seconds 
========================================================================
Received Import Request.
  Time since last request: 0.000055 seconds.
  path: Assets/Vladislav Tsurikov/Custom GUI/GUISkin/Images/IconButton/IconButtonCancelNormal.png
  artifactKey: Guid(a433477d0181b334da93ffe13d251eca) Importer(815301076,1909f56bfc062723c751e8b465ee728b)
Start importing Assets/Vladislav Tsurikov/Custom GUI/GUISkin/Images/IconButton/IconButtonCancelNormal.png using Guid(a433477d0181b334da93ffe13d251eca) Importer(815301076,1909f56bfc062723c751e8b465ee728b)  -> (artifact id: 'aaddd7856217b150ca7877c2c8b7cf2d') in 0.010476 seconds 
========================================================================
Received Import Request.
  Time since last request: 0.000071 seconds.
  path: Assets/Vladislav Tsurikov/Custom GUI/GUISkin/Images/IconButton/IconButtonMinusNormal.png
  artifactKey: Guid(470a50e095ee3e549ad9cb63e4ff375d) Importer(815301076,1909f56bfc062723c751e8b465ee728b)
Start importing Assets/Vladislav Tsurikov/Custom GUI/GUISkin/Images/IconButton/IconButtonMinusNormal.png using Guid(470a50e095ee3e549ad9cb63e4ff375d) Importer(815301076,1909f56bfc062723c751e8b465ee728b)  -> (artifact id: '6d91a8e5faa51539a6fab4436ecbef2b') in 0.013924 seconds 
========================================================================
Received Import Request.
  Time since last request: 0.000030 seconds.
  path: Assets/Vladislav Tsurikov/Custom GUI/GUISkin/Images/IconButton/IconButtonMinusActive.png
  artifactKey: Guid(fffad5756a8d1044492c4f340c805542) Importer(815301076,1909f56bfc062723c751e8b465ee728b)
Start importing Assets/Vladislav Tsurikov/Custom GUI/GUISkin/Images/IconButton/IconButtonMinusActive.png using Guid(fffad5756a8d1044492c4f340c805542) Importer(815301076,1909f56bfc062723c751e8b465ee728b)  -> (artifact id: 'ee7fe5bcaea97e93466608e89afd06ff') in 0.014649 seconds 
========================================================================
Received Import Request.
  Time since last request: 0.131180 seconds.
  path: Assets/Vladislav Tsurikov/Custom GUI/GUISkin/Images/IconButton/IconButtonOkHover.png
  artifactKey: Guid(127ae3a8ff3d6d048ba468068890c4c7) Importer(815301076,1909f56bfc062723c751e8b465ee728b)
Start importing Assets/Vladislav Tsurikov/Custom GUI/GUISkin/Images/IconButton/IconButtonOkHover.png using Guid(127ae3a8ff3d6d048ba468068890c4c7) Importer(815301076,1909f56bfc062723c751e8b465ee728b)  -> (artifact id: '6ddf020b64da08ef22bfb4a24c79b04d') in 0.011343 seconds 
========================================================================
Received Import Request.
  Time since last request: 0.000029 seconds.
  path: Assets/Vladislav Tsurikov/Custom GUI/GUISkin/Images/IconButton/IconButtonPlusNormal.png
  artifactKey: Guid(259991233803e3c489cf3e1b1fd2ccf0) Importer(815301076,1909f56bfc062723c751e8b465ee728b)
Start importing Assets/Vladislav Tsurikov/Custom GUI/GUISkin/Images/IconButton/IconButtonPlusNormal.png using Guid(259991233803e3c489cf3e1b1fd2ccf0) Importer(815301076,1909f56bfc062723c751e8b465ee728b)  -> (artifact id: '4a01977014ea03455838e71398b795b5') in 0.013876 seconds 
========================================================================
Received Import Request.
  Time since last request: 0.025867 seconds.
  path: Assets/SimpleCloudSystem by RM/SceneComponents/LABELS/LABEL2.png
  artifactKey: Guid(f0a5a86e1c834df42a6eec3c39ad79e2) Importer(815301076,1909f56bfc062723c751e8b465ee728b)
Start importing Assets/SimpleCloudSystem by RM/SceneComponents/LABELS/LABEL2.png using Guid(f0a5a86e1c834df42a6eec3c39ad79e2) Importer(815301076,1909f56bfc062723c751e8b465ee728b)  -> (artifact id: '70e0d7e63777449761ebdb2760be38f4') in 0.019184 seconds 
========================================================================
Received Import Request.
  Time since last request: 0.000030 seconds.
  path: Assets/GrassFlowers/Demo/DemoGrassFlowers/ReflectionProbe-0.exr
  artifactKey: Guid(ff26dd0d532f43942b51232390841a6d) Importer(815301076,1909f56bfc062723c751e8b465ee728b)
Start importing Assets/GrassFlowers/Demo/DemoGrassFlowers/ReflectionProbe-0.exr using Guid(ff26dd0d532f43942b51232390841a6d) Importer(815301076,1909f56bfc062723c751e8b465ee728b)  -> (artifact id: '0142dbe7887db1eb68661c1646e6e603') in 0.078311 seconds 
========================================================================
Received Import Request.
  Time since last request: 0.229821 seconds.
  path: Assets/SimpleCloudSystem by RM/Clouds/SunnyClouds_Materials/SunnyClouds_Textures/S_Cloud1.png
  artifactKey: Guid(5bc09f2f63b778d4d97a0dd6291f527a) Importer(815301076,1909f56bfc062723c751e8b465ee728b)
Start importing Assets/SimpleCloudSystem by RM/Clouds/SunnyClouds_Materials/SunnyClouds_Textures/S_Cloud1.png using Guid(5bc09f2f63b778d4d97a0dd6291f527a) Importer(815301076,1909f56bfc062723c751e8b465ee728b)  -> (artifact id: '7aa70ed5a8d3a56c2452648ec1208111') in 0.024535 seconds 
========================================================================
Received Import Request.
  Time since last request: 0.000018 seconds.
  path: Assets/SimpleCloudSystem by RM/Clouds/SunnyClouds_Materials/SunnyClouds_Textures/S_Cloud5.png
  artifactKey: Guid(4b65c37b775d88043bf3539e85489253) Importer(815301076,1909f56bfc062723c751e8b465ee728b)
Start importing Assets/SimpleCloudSystem by RM/Clouds/SunnyClouds_Materials/SunnyClouds_Textures/S_Cloud5.png using Guid(4b65c37b775d88043bf3539e85489253) Importer(815301076,1909f56bfc062723c751e8b465ee728b)  -> (artifact id: '9a2fc1e624ad350fc8d747661a2e4cfb') in 0.015088 seconds 
========================================================================
Received Import Request.
  Time since last request: 0.027102 seconds.
  path: Assets/SimpleCloudSystem by RM/Clouds/SunnyClouds_Materials/SunnyClouds_Textures/S_Cloud8.png
  artifactKey: Guid(c079a4ede892cc449b94278faeac84f9) Importer(815301076,1909f56bfc062723c751e8b465ee728b)
Start importing Assets/SimpleCloudSystem by RM/Clouds/SunnyClouds_Materials/SunnyClouds_Textures/S_Cloud8.png using Guid(c079a4ede892cc449b94278faeac84f9) Importer(815301076,1909f56bfc062723c751e8b465ee728b)  -> (artifact id: '185513a60ad435d12194d6d41006d31a') in 0.017422 seconds 
========================================================================
Received Import Request.
  Time since last request: 0.046980 seconds.
  path: Assets/AQUAS-Lite/Textures/Waves_LoRes.png
  artifactKey: Guid(ef5d03cb57f820145b89db1123c104c6) Importer(815301076,1909f56bfc062723c751e8b465ee728b)
Start importing Assets/AQUAS-Lite/Textures/Waves_LoRes.png using Guid(ef5d03cb57f820145b89db1123c104c6) Importer(815301076,1909f56bfc062723c751e8b465ee728b)  -> (artifact id: '7fc9f4b0078a6d7bd8f916c1d573e868') in 0.011734 seconds 
========================================================================
Received Prepare
Registering precompiled user dll's ...
Registered in 0.003491 seconds.
Begin MonoManager ReloadAssembly
Symbol file LoadedFromMemory doesn't match image D:\My project (3)\Library\PackageCache\com.unity.visualscripting@1.7.8\Editor\VisualScripting.Core\Dependencies\YamlDotNet\Unity.VisualScripting.YamlDotNet.dll
Symbol file LoadedFromMemory doesn't match image D:\My project (3)\Library\PackageCache\com.unity.visualscripting@1.7.8\Editor\VisualScripting.Core\Dependencies\DotNetZip\Unity.VisualScripting.IonicZip.dll
Native extension for WindowsStandalone target not found
Native extension for WebGL target not found
Refreshing native plugins compatible for Editor in 1.13 ms, found 3 plugins.
Preloading 0 native plugins for Editor in 0.00 ms.
CreateSerializedAsset is not supported while importing out-of-process
UnityEngine.StackTraceUtility:ExtractStackTrace ()
VladislavTsurikov.PhysicsSimulatorEditor.PhysicsSimulatorPath:GetPackage () (at Assets/Vladislav Tsurikov/Physics Simulator Editor/Scripts/PhysicsSimulatorPath.cs:43)
VladislavTsurikov.PhysicsSimulatorEditor.PhysicsSimulatorPath:.cctor () (at Assets/Vladislav Tsurikov/Physics Simulator Editor/Scripts/PhysicsSimulatorPath.cs:25)
System.Runtime.CompilerServices.RuntimeHelpers:RunClassConstructor (System.RuntimeTypeHandle)
UnityEditor.EditorAssemblies:ProcessInitializeOnLoadAttributes (System.Type[])

[Assets/Vladislav Tsurikov/Physics Simulator Editor/Scripts/PhysicsSimulatorPath.cs line 43]

UnityEngine.UnityException: Creating asset at path Assets/Resources/Physics Simulation Settings.asset failed.
  at (wrapper managed-to-native) UnityEditor.AssetDatabase.CreateAsset(UnityEngine.Object,string)
  at VladislavTsurikov.PhysicsSimulatorEditor.PhysicsSimulatorPath.GetPackage () [0x00041] in D:\My project (3)\Assets\Vladislav Tsurikov\Physics Simulator Editor\Scripts\PhysicsSimulatorPath.cs:43 
  at VladislavTsurikov.PhysicsSimulatorEditor.PhysicsSimulatorPath..cctor () [0x00017] in D:\My project (3)\Assets\Vladislav Tsurikov\Physics Simulator Editor\Scripts\PhysicsSimulatorPath.cs:25 
UnityEngine.StackTraceUtility:ExtractStackTrace ()
UnityEngine.DebugLogHandler:LogFormat (UnityEngine.LogType,UnityEngine.Object,string,object[])
UnityEngine.Logger:Log (UnityEngine.LogType,object)
UnityEngine.Debug:LogError (object)
UnityEditor.EditorAssemblies:ProcessInitializeOnLoadAttributes (System.Type[])

CreateSerializedAsset is not supported while importing out-of-process
UnityEngine.StackTraceUtility:ExtractStackTrace ()
VladislavTsurikov.MegaWorldSystem.SprayBrush.SprayBrushToolPath:GetPackage () (at Assets/Vladislav Tsurikov/Mega World/Scripts/Tools System/Tools/Spray Brush Tool/SprayBrushToolPath.cs:44)
VladislavTsurikov.MegaWorldSystem.SprayBrush.SprayBrushToolPath:.cctor () (at Assets/Vladislav Tsurikov/Mega World/Scripts/Tools System/Tools/Spray Brush Tool/SprayBrushToolPath.cs:26)
System.Runtime.CompilerServices.RuntimeHelpers:RunClassConstructor (System.RuntimeTypeHandle)
UnityEditor.EditorAssemblies:ProcessInitializeOnLoadAttributes (System.Type[])

[Assets/Vladislav Tsurikov/Mega World/Scripts/Tools System/Tools/Spray Brush Tool/SprayBrushToolPath.cs line 44]

UnityEngine.UnityException: Creating asset at path Assets/Resources/MegaWorld/Tools Settings/Spray Brush Tool.asset failed.
  at (wrapper managed-to-native) UnityEditor.AssetDatabase.CreateAsset(UnityEngine.Object,string)
  at VladislavTsurikov.MegaWorldSystem.SprayBrush.SprayBrushToolPath.GetPackage () [0x00045] in D:\My project (3)\Assets\Vladislav Tsurikov\Mega World\Scripts\Tools System\Tools\Spray Brush Tool\SprayBrushToolPath.cs:44 
  at VladislavTsurikov.MegaWorldSystem.SprayBrush.SprayBrushToolPath..cctor () [0x00017] in D:\My project (3)\Assets\Vladislav Tsurikov\Mega World\Scripts\Tools System\Tools\Spray Brush Tool\SprayBrushToolPath.cs:26 
UnityEngine.StackTraceUtility:ExtractStackTrace ()
UnityEngine.DebugLogHandler:LogFormat (UnityEngine.LogType,UnityEngine.Object,string,object[])
UnityEngine.Logger:Log (UnityEngine.LogType,object)
UnityEngine.Debug:LogError (object)
UnityEditor.EditorAssemblies:ProcessInitializeOnLoadAttributes (System.Type[])

CreateSerializedAsset is not supported while importing out-of-process
UnityEngine.StackTraceUtility:ExtractStackTrace ()
VladislavTsurikov.MegaWorldSystem.BrushErase.BrushEraseToolPath:GetPackage () (at Assets/Vladislav Tsurikov/Mega World/Scripts/Tools System/Tools/Brush Erase Tool/BrushEraseToolPath.cs:44)
VladislavTsurikov.MegaWorldSystem.BrushErase.BrushEraseToolPath:.cctor () (at Assets/Vladislav Tsurikov/Mega World/Scripts/Tools System/Tools/Brush Erase Tool/BrushEraseToolPath.cs:26)
System.Runtime.CompilerServices.RuntimeHelpers:RunClassConstructor (System.RuntimeTypeHandle)
UnityEditor.EditorAssemblies:ProcessInitializeOnLoadAttributes (System.Type[])

[Assets/Vladislav Tsurikov/Mega World/Scripts/Tools System/Tools/Brush Erase Tool/BrushEraseToolPath.cs line 44]

UnityEngine.UnityException: Creating asset at path Assets/Resources/MegaWorld/Tools Settings/Brush Erase Tool.asset failed.
  at (wrapper managed-to-native) UnityEditor.AssetDatabase.CreateAsset(UnityEngine.Object,string)
  at VladislavTsurikov.MegaWorldSystem.BrushErase.BrushEraseToolPath.GetPackage () [0x00045] in D:\My project (3)\Assets\Vladislav Tsurikov\Mega World\Scripts\Tools System\Tools\Brush Erase Tool\BrushEraseToolPath.cs:44 
  at VladislavTsurikov.MegaWorldSystem.BrushErase.BrushEraseToolPath..cctor () [0x00017] in D:\My project (3)\Assets\Vladislav Tsurikov\Mega World\Scripts\Tools System\Tools\Brush Erase Tool\BrushEraseToolPath.cs:26 
UnityEngine.StackTraceUtility:ExtractStackTrace ()
UnityEngine.DebugLogHandler:LogFormat (UnityEngine.LogType,UnityEngine.Object,string,object[])
UnityEngine.Logger:Log (UnityEngine.LogType,object)
UnityEngine.Debug:LogError (object)
UnityEditor.EditorAssemblies:ProcessInitializeOnLoadAttributes (System.Type[])

CreateSerializedAsset is not supported while importing out-of-process
UnityEngine.StackTraceUtility:ExtractStackTrace ()
VladislavTsurikov.MegaWorldSystem.AdvancedBrush.AdvancedBrushToolPath:GetPackage () (at Assets/Vladislav Tsurikov/Mega World/Scripts/Tools System/Tools/Advanced Brush Tool/AdvancedBrushToolPath.cs:44)
VladislavTsurikov.MegaWorldSystem.AdvancedBrush.AdvancedBrushToolPath:.cctor () (at Assets/Vladislav Tsurikov/Mega World/Scripts/Tools System/Tools/Advanced Brush Tool/AdvancedBrushToolPath.cs:26)
System.Runtime.CompilerServices.RuntimeHelpers:RunClassConstructor (System.RuntimeTypeHandle)
UnityEditor.EditorAssemblies:ProcessInitializeOnLoadAttributes (System.Type[])

[Assets/Vladislav Tsurikov/Mega World/Scripts/Tools System/Tools/Advanced Brush Tool/AdvancedBrushToolPath.cs line 44]

UnityEngine.UnityException: Creating asset at path Assets/Resources/MegaWorld/Tools Settings/Advanced Brush Tool.asset failed.
  at (wrapper managed-to-native) UnityEditor.AssetDatabase.CreateAsset(UnityEngine.Object,string)
  at VladislavTsurikov.MegaWorldSystem.AdvancedBrush.AdvancedBrushToolPath.GetPackage () [0x00045] in D:\My project (3)\Assets\Vladislav Tsurikov\Mega World\Scripts\Tools System\Tools\Advanced Brush Tool\AdvancedBrushToolPath.cs:44 
  at VladislavTsurikov.MegaWorldSystem.AdvancedBrush.AdvancedBrushToolPath..cctor () [0x00017] in D:\My project (3)\Assets\Vladislav Tsurikov\Mega World\Scripts\Tools System\Tools\Advanced Brush Tool\AdvancedBrushToolPath.cs:26 
UnityEngine.StackTraceUtility:ExtractStackTrace ()
UnityEngine.DebugLogHandler:LogFormat (UnityEngine.LogType,UnityEngine.Object,string,object[])
UnityEngine.Logger:Log (UnityEngine.LogType,object)
UnityEngine.Debug:LogError (object)
UnityEditor.EditorAssemblies:ProcessInitializeOnLoadAttributes (System.Type[])

Mono: successfully reloaded assembly
- Completed reload, in  1.301 seconds
Domain Reload Profiling:
	ReloadAssembly (1301ms)
		BeginReloadAssembly (141ms)
			ExecutionOrderSort (0ms)
			DisableScriptedObjects (4ms)
			BackupInstance (0ms)
			ReleaseScriptingObjects (0ms)
			CreateAndSetChildDomain (42ms)
		EndReloadAssembly (1052ms)
			LoadAssemblies (96ms)
			RebuildTransferFunctionScriptingTraits (0ms)
			SetupTypeCache (278ms)
			ReleaseScriptCaches (1ms)
			RebuildScriptCaches (36ms)
			SetupLoadedEditorAssemblies (606ms)
				LogAssemblyErrors (0ms)
				InitializePlatformSupportModulesInManaged (15ms)
				SetLoadedEditorAssemblies (0ms)
				RefreshPlugins (1ms)
				BeforeProcessingInitializeOnLoad (62ms)
				ProcessInitializeOnLoadAttributes (498ms)
				ProcessInitializeOnLoadMethodAttributes (23ms)
				AfterProcessingInitializeOnLoad (6ms)
				EditorAssembliesLoaded (0ms)
			ExecutionOrderSort2 (0ms)
			AwakeInstancesAfterBackupRestoration (6ms)
Platform modules already initialized, skipping
Refreshing native plugins compatible for Editor in 1.78 ms, found 3 plugins.
Preloading 0 native plugins for Editor in 0.00 ms.
Unloading 3722 Unused Serialized files (Serialized files now loaded: 0)
Unloading 38 unused Assets / (0.9 MB). Loaded Objects now: 4288.
Memory consumption went from 172.0 MB to 171.1 MB.
Total: 3.196600 ms (FindLiveObjects: 0.289600 ms CreateObjectMapping: 0.182000 ms MarkObjects: 2.360300 ms  DeleteObjects: 0.363700 ms)

AssetImportParameters requested are different than current active one (requested -> active):
  custom:video-decoder-ogg-theora: a1e56fd34408186e4bbccfd4996cb3dc -> 
  custom:container-muxer-webm: aa71ff27fc2769a1b78a27578f13a17b -> 
  custom:container-demuxer-webm: 4f35f7cbe854078d1ac9338744f61a02 -> 
  custom:video-encoder-webm-vp8: eb34c28f22e8b96e1ab97ce403110664 -> 
  custom:audio-encoder-webm-vorbis: bf7c407c2cedff20999df2af8eb42d56 -> 
  custom:framework-win-MediaFoundation: 216162199b28c13a410421893ffa2e32 -> 
  custom:container-demuxer-ogg: 62fdf1f143b41e24485cea50d1cbac27 -> 
  custom:video-decoder-webm-vp8: 9c59270c3fd7afecdb556c50c9e8de78 -> 
  custom:audio-decoder-ogg-vorbis: bf7c407c2cedff20999df2af8eb42d56 -> 
========================================================================
Received Import Request.
  Time since last request: 659.039083 seconds.
  path: Assets/Grass And Flowers Pack 1/Small Tree/Small Tree 1.png
  artifactKey: Guid(d534abc8c23e069438fac1a136b52fe9) Importer(815301076,1909f56bfc062723c751e8b465ee728b)
Start importing Assets/Grass And Flowers Pack 1/Small Tree/Small Tree 1.png using Guid(d534abc8c23e069438fac1a136b52fe9) Importer(815301076,1909f56bfc062723c751e8b465ee728b)  -> (artifact id: 'd45f638404d9bc1f3397a2fe6369d33b') in 0.050139 seconds 
========================================================================
Received Import Request.
  Time since last request: 4.209857 seconds.
  path: Assets/Grass And Flowers Pack 1/Small Tree/Small Tree 3.png
  artifactKey: Guid(b6c3b8399b2b3c54cbe32c94e3206a7b) Importer(815301076,1909f56bfc062723c751e8b465ee728b)
Start importing Assets/Grass And Flowers Pack 1/Small Tree/Small Tree 3.png using Guid(b6c3b8399b2b3c54cbe32c94e3206a7b) Importer(815301076,1909f56bfc062723c751e8b465ee728b)  -> (artifact id: '45f9648d26ab02a961f2aef6ea22e60b') in 0.018832 seconds 
Editor requested this worker to shutdown with reason: Scaling down because of idle timeout
AssetImportWorker is now disconnected from the server
Process exiting
Exiting without the bug reporter. Application will terminate with return code 0