Using pre-set license
Built from '2021.3/staging' branch; Version is '2021.3.9f1 (ad3870b89536) revision 11352176'; Using compiler version '192829333'; Build Type 'Release'
OS: 'Windows 11  (10.0.22621) 64bit CoreSingleLanguage' Language: 'en' Physical Memory: 8013 MB
BatchMode: 1, IsHumanControllingUs: 0, StartBugReporterOnCrash: 0, Is64bit: 1, IsPro: 1

COMMAND LINE ARGUMENTS:
C:\Program Files\Unity\Hub\Editor\2021.3.9f1\Editor\Unity.exe
-adb2
-batchMode
-noUpm
-name
AssetImportWorker17
-projectPath
D:/My project (3)
-logFile
Logs/AssetImportWorker17.log
-srvPort
57521
Successfully changed project path to: D:/My project (3)
D:/My project (3)
[UnityMemory] Configuration Parameters - Can be set up in boot.config
    "memorysetup-bucket-allocator-granularity=16"
    "memorysetup-bucket-allocator-bucket-count=8"
    "memorysetup-bucket-allocator-block-size=33554432"
    "memorysetup-bucket-allocator-block-count=8"
    "memorysetup-main-allocator-block-size=16777216"
    "memorysetup-thread-allocator-block-size=16777216"
    "memorysetup-gfx-main-allocator-block-size=16777216"
    "memorysetup-gfx-thread-allocator-block-size=16777216"
    "memorysetup-cache-allocator-block-size=4194304"
    "memorysetup-typetree-allocator-block-size=2097152"
    "memorysetup-profiler-bucket-allocator-granularity=16"
    "memorysetup-profiler-bucket-allocator-bucket-count=8"
    "memorysetup-profiler-bucket-allocator-block-size=33554432"
    "memorysetup-profiler-bucket-allocator-block-count=8"
    "memorysetup-profiler-allocator-block-size=16777216"
    "memorysetup-profiler-editor-allocator-block-size=1048576"
    "memorysetup-temp-allocator-size-main=16777216"
    "memorysetup-job-temp-allocator-block-size=2097152"
    "memorysetup-job-temp-allocator-block-size-background=1048576"
    "memorysetup-job-temp-allocator-reduction-small-platforms=262144"
    "memorysetup-temp-allocator-size-background-worker=32768"
    "memorysetup-temp-allocator-size-job-worker=262144"
    "memorysetup-temp-allocator-size-preload-manager=33554432"
    "memorysetup-temp-allocator-size-nav-mesh-worker=65536"
    "memorysetup-temp-allocator-size-audio-worker=65536"
    "memorysetup-temp-allocator-size-cloud-worker=32768"
    "memorysetup-temp-allocator-size-gi-baking-worker=262144"
    "memorysetup-temp-allocator-size-gfx=262144"
Refreshing native plugins compatible for Editor in 78.98 ms, found 3 plugins.
Preloading 0 native plugins for Editor in 0.00 ms.
Initialize engine version: 2021.3.9f1 (ad3870b89536)
[Subsystems] Discovering subsystems at path C:/Program Files/Unity/Hub/Editor/2021.3.9f1/Editor/Data/Resources/UnitySubsystems
[Subsystems] Discovering subsystems at path D:/My project (3)/Assets
GfxDevice: creating device client; threaded=0; jobified=0
Direct3D:
    Version:  Direct3D 11.0 [level 11.1]
    Renderer: NVIDIA GeForce RTX 3050 Laptop GPU (ID=0x25a2)
    Vendor:   NVIDIA
    VRAM:     3991 MB
    Driver:   31.0.15.1748
Initialize mono
Mono path[0] = 'C:/Program Files/Unity/Hub/Editor/2021.3.9f1/Editor/Data/Managed'
Mono path[1] = 'C:/Program Files/Unity/Hub/Editor/2021.3.9f1/Editor/Data/MonoBleedingEdge/lib/mono/unityjit-win32'
Mono config path = 'C:/Program Files/Unity/Hub/Editor/2021.3.9f1/Editor/Data/MonoBleedingEdge/etc'
Using monoOptions --debugger-agent=transport=dt_socket,embedding=1,server=y,suspend=n,address=127.0.0.1:56884
Begin MonoManager ReloadAssembly
Registering precompiled unity dll's ...
Register platform support module: C:/Program Files/Unity/Hub/Editor/2021.3.9f1/Editor/Data/PlaybackEngines/WebGLSupport/UnityEditor.WebGL.Extensions.dll
Register platform support module: C:/Program Files/Unity/Hub/Editor/2021.3.9f1/Editor/Data/PlaybackEngines/WindowsStandaloneSupport/UnityEditor.WindowsStandalone.Extensions.dll
Registered in 0.004845 seconds.
Native extension for WindowsStandalone target not found
Native extension for WebGL target not found
Refreshing native plugins compatible for Editor in 77.89 ms, found 3 plugins.
Preloading 0 native plugins for Editor in 0.00 ms.
Mono: successfully reloaded assembly
- Completed reload, in  0.542 seconds
Domain Reload Profiling:
	ReloadAssembly (542ms)
		BeginReloadAssembly (63ms)
			ExecutionOrderSort (0ms)
			DisableScriptedObjects (0ms)
			BackupInstance (0ms)
			ReleaseScriptingObjects (0ms)
			CreateAndSetChildDomain (1ms)
		EndReloadAssembly (387ms)
			LoadAssemblies (61ms)
			RebuildTransferFunctionScriptingTraits (0ms)
			SetupTypeCache (90ms)
			ReleaseScriptCaches (0ms)
			RebuildScriptCaches (24ms)
			SetupLoadedEditorAssemblies (231ms)
				LogAssemblyErrors (0ms)
				InitializePlatformSupportModulesInManaged (7ms)
				SetLoadedEditorAssemblies (0ms)
				RefreshPlugins (78ms)
				BeforeProcessingInitializeOnLoad (1ms)
				ProcessInitializeOnLoadAttributes (106ms)
				ProcessInitializeOnLoadMethodAttributes (38ms)
				AfterProcessingInitializeOnLoad (0ms)
				EditorAssembliesLoaded (0ms)
			ExecutionOrderSort2 (0ms)
			AwakeInstancesAfterBackupRestoration (0ms)
Platform modules already initialized, skipping
Registering precompiled user dll's ...
Registered in 0.003511 seconds.
Begin MonoManager ReloadAssembly
Symbol file LoadedFromMemory doesn't match image D:\My project (3)\Library\PackageCache\com.unity.visualscripting@1.7.8\Editor\VisualScripting.Core\Dependencies\YamlDotNet\Unity.VisualScripting.YamlDotNet.dll
Symbol file LoadedFromMemory doesn't match image D:\My project (3)\Library\PackageCache\com.unity.visualscripting@1.7.8\Editor\VisualScripting.Core\Dependencies\DotNetZip\Unity.VisualScripting.IonicZip.dll
Native extension for WindowsStandalone target not found
Native extension for WebGL target not found
Refreshing native plugins compatible for Editor in 92.71 ms, found 3 plugins.
Preloading 0 native plugins for Editor in 0.00 ms.
Mono: successfully reloaded assembly
- Completed reload, in  1.235 seconds
Domain Reload Profiling:
	ReloadAssembly (1236ms)
		BeginReloadAssembly (94ms)
			ExecutionOrderSort (0ms)
			DisableScriptedObjects (5ms)
			BackupInstance (0ms)
			ReleaseScriptingObjects (0ms)
			CreateAndSetChildDomain (16ms)
		EndReloadAssembly (1045ms)
			LoadAssemblies (70ms)
			RebuildTransferFunctionScriptingTraits (0ms)
			SetupTypeCache (229ms)
			ReleaseScriptCaches (1ms)
			RebuildScriptCaches (59ms)
			SetupLoadedEditorAssemblies (641ms)
				LogAssemblyErrors (0ms)
				InitializePlatformSupportModulesInManaged (7ms)
				SetLoadedEditorAssemblies (0ms)
				RefreshPlugins (93ms)
				BeforeProcessingInitializeOnLoad (88ms)
				ProcessInitializeOnLoadAttributes (427ms)
				ProcessInitializeOnLoadMethodAttributes (21ms)
				AfterProcessingInitializeOnLoad (5ms)
				EditorAssembliesLoaded (0ms)
			ExecutionOrderSort2 (0ms)
			AwakeInstancesAfterBackupRestoration (6ms)
Platform modules already initialized, skipping
========================================================================
Worker process is ready to serve import requests
Launched and connected shader compiler UnityShaderCompiler.exe after 0.06 seconds
Refreshing native plugins compatible for Editor in 0.67 ms, found 3 plugins.
Preloading 0 native plugins for Editor in 0.00 ms.
Unloading 3894 Unused Serialized files (Serialized files now loaded: 0)
Unloading 52 unused Assets / (1.5 MB). Loaded Objects now: 4377.
Memory consumption went from 182.6 MB to 181.1 MB.
Total: 3.169500 ms (FindLiveObjects: 0.288000 ms CreateObjectMapping: 0.233400 ms MarkObjects: 2.356400 ms  DeleteObjects: 0.290800 ms)

AssetImportParameters requested are different than current active one (requested -> active):
  custom:video-decoder-ogg-theora: a1e56fd34408186e4bbccfd4996cb3dc -> 
  custom:container-muxer-webm: aa71ff27fc2769a1b78a27578f13a17b -> 
  custom:container-demuxer-webm: 4f35f7cbe854078d1ac9338744f61a02 -> 
  custom:video-encoder-webm-vp8: eb34c28f22e8b96e1ab97ce403110664 -> 
  custom:audio-encoder-webm-vorbis: bf7c407c2cedff20999df2af8eb42d56 -> 
  custom:framework-win-MediaFoundation: 216162199b28c13a410421893ffa2e32 -> 
  custom:container-demuxer-ogg: 62fdf1f143b41e24485cea50d1cbac27 -> 
  custom:video-decoder-webm-vp8: 9c59270c3fd7afecdb556c50c9e8de78 -> 
  custom:audio-decoder-ogg-vorbis: bf7c407c2cedff20999df2af8eb42d56 -> 
========================================================================
Received Import Request.
  Time since last request: 12891.105272 seconds.
  path: Assets/_TerrainAutoUpgrade/layer_GR_Asphalt1_ASGR_Asphalt1_Nd261c09ae55ba1e3.terrainlayer
  artifactKey: Guid(a289ef77b21920544b7eb889593d38ba) Importer(815301076,1909f56bfc062723c751e8b465ee728b)
Start importing Assets/_TerrainAutoUpgrade/layer_GR_Asphalt1_ASGR_Asphalt1_Nd261c09ae55ba1e3.terrainlayer using Guid(a289ef77b21920544b7eb889593d38ba) Importer(815301076,1909f56bfc062723c751e8b465ee728b)  -> (artifact id: 'b88f25c82f33387bb7142c1ad6af3b0f') in 0.082436 seconds 
========================================================================
Received Import Request.
  Time since last request: 16.821890 seconds.
  path: Assets/CloudsToy/Textures/Terrain/Surface/Grass (Meadows2).jpg
  artifactKey: Guid(4eedb15fd8a014129ae94b054187cc82) Importer(815301076,1909f56bfc062723c751e8b465ee728b)
Start importing Assets/CloudsToy/Textures/Terrain/Surface/Grass (Meadows2).jpg using Guid(4eedb15fd8a014129ae94b054187cc82) Importer(815301076,1909f56bfc062723c751e8b465ee728b)  -> (artifact id: '7c8dea82674db524cd92d107c2cc60bc') in 0.042854 seconds 
========================================================================
Received Import Request.
  Time since last request: 4.425638 seconds.
  path: Assets/CloudsToy/Textures/Terrain/Surface/GrassRock.psd
  artifactKey: Guid(440eb36db91ca410f800ff3cfe43572f) Importer(815301076,1909f56bfc062723c751e8b465ee728b)
Start importing Assets/CloudsToy/Textures/Terrain/Surface/GrassRock.psd using Guid(440eb36db91ca410f800ff3cfe43572f) Importer(815301076,1909f56bfc062723c751e8b465ee728b)  -> (artifact id: '05e287d8795e69242cde5a8ef75f1179') in 0.016913 seconds 
========================================================================
Received Import Request.
  Time since last request: 2.856803 seconds.
  path: Assets/CloudsToy/Textures/Trees/leaves9.psd
  artifactKey: Guid(e554781af054b724dabbf33ee6bc0c08) Importer(815301076,1909f56bfc062723c751e8b465ee728b)
Start importing Assets/CloudsToy/Textures/Trees/leaves9.psd using Guid(e554781af054b724dabbf33ee6bc0c08) Importer(815301076,1909f56bfc062723c751e8b465ee728b)  -> (artifact id: 'c0d84cb9a35476b30f50f428cb957dc0') in 0.012968 seconds 
========================================================================
Received Import Request.
  Time since last request: 0.000034 seconds.
  path: Assets/CloudsToy/Textures/Terrain/Surface/MudRockNrm.bmp
  artifactKey: Guid(58a059b07b093a745b47c2191525ddce) Importer(815301076,1909f56bfc062723c751e8b465ee728b)
Start importing Assets/CloudsToy/Textures/Terrain/Surface/MudRockNrm.bmp using Guid(58a059b07b093a745b47c2191525ddce) Importer(815301076,1909f56bfc062723c751e8b465ee728b)  -> (artifact id: '3a08b856a31f84135d2f6e725303888f') in 0.024494 seconds 
========================================================================
Received Import Request.
  Time since last request: 0.018563 seconds.
  path: Assets/CloudsToy/Prefabs/Trees/pine_Textures/normal_specular.png
  artifactKey: Guid(a787b905d0c08e44b86562f6bff2be45) Importer(815301076,1909f56bfc062723c751e8b465ee728b)
Start importing Assets/CloudsToy/Prefabs/Trees/pine_Textures/normal_specular.png using Guid(a787b905d0c08e44b86562f6bff2be45) Importer(815301076,1909f56bfc062723c751e8b465ee728b)  -> (artifact id: 'd0535776b25aaeb9ea3c3c2ced98e719') in 0.015466 seconds 
========================================================================
Received Import Request.
  Time since last request: 0.000139 seconds.
  path: Assets/CloudsToy/Prefabs/Trees/tree_small_1_Textures/normal_specular.png
  artifactKey: Guid(4e3d7f4f823ff6e4db8c260eaf539279) Importer(815301076,1909f56bfc062723c751e8b465ee728b)
Start importing Assets/CloudsToy/Prefabs/Trees/tree_small_1_Textures/normal_specular.png using Guid(4e3d7f4f823ff6e4db8c260eaf539279) Importer(815301076,1909f56bfc062723c751e8b465ee728b)  -> (artifact id: '609001b6c4e2b10a27c2d08ebf780f63') in 0.015518 seconds 
========================================================================
Received Import Request.
  Time since last request: 0.000018 seconds.
  path: Assets/CloudsToy/Textures/Trees/Palm_Leave.psd
  artifactKey: Guid(26c600ddc550dd34e9244d6e82df1945) Importer(815301076,1909f56bfc062723c751e8b465ee728b)
Start importing Assets/CloudsToy/Textures/Trees/Palm_Leave.psd using Guid(26c600ddc550dd34e9244d6e82df1945) Importer(815301076,1909f56bfc062723c751e8b465ee728b)  -> (artifact id: '418c1b4b1334650381bfcaade8be63c2') in 0.016246 seconds 
========================================================================
Received Import Request.
  Time since last request: 0.000044 seconds.
  path: Assets/CloudsToy/Textures/Trees/Palm_bark.jpg
  artifactKey: Guid(85b75bd1f45bfc449a180b9e390686bf) Importer(815301076,1909f56bfc062723c751e8b465ee728b)
Start importing Assets/CloudsToy/Textures/Trees/Palm_bark.jpg using Guid(85b75bd1f45bfc449a180b9e390686bf) Importer(815301076,1909f56bfc062723c751e8b465ee728b)  -> (artifact id: '83b1290e98ae1d8282f77aeb6e5dfcf9') in 0.009743 seconds 
========================================================================
Received Import Request.
  Time since last request: 0.397057 seconds.
  path: Assets/CloudsToy/Textures/Terrain/Surface/Rock (Moss).jpg
  artifactKey: Guid(641982c041fad4d7191e007dba791985) Importer(815301076,1909f56bfc062723c751e8b465ee728b)
Start importing Assets/CloudsToy/Textures/Terrain/Surface/Rock (Moss).jpg using Guid(641982c041fad4d7191e007dba791985) Importer(815301076,1909f56bfc062723c751e8b465ee728b)  -> (artifact id: '5b9b1caa030bcab626b161e40a3d99a3') in 0.011315 seconds 
========================================================================
Received Import Request.
  Time since last request: 0.603629 seconds.
  path: Assets/CloudsToy/Textures/Terrain/Surface/Sand (Beach Wet2).jpg
  artifactKey: Guid(fb09b5570f5544f53848f02aac9c4f9c) Importer(815301076,1909f56bfc062723c751e8b465ee728b)
Start importing Assets/CloudsToy/Textures/Terrain/Surface/Sand (Beach Wet2).jpg using Guid(fb09b5570f5544f53848f02aac9c4f9c) Importer(815301076,1909f56bfc062723c751e8b465ee728b)  -> (artifact id: '97f88920e222e185c15133e4e2fddf70') in 0.012911 seconds 
========================================================================
Received Import Request.
  Time since last request: 0.000019 seconds.
  path: Assets/CloudsToy/Textures/Terrain/Surface/Sand (with pebbles).jpg
  artifactKey: Guid(9d5a367c7b85746008744fb5eb1c92be) Importer(815301076,1909f56bfc062723c751e8b465ee728b)
Start importing Assets/CloudsToy/Textures/Terrain/Surface/Sand (with pebbles).jpg using Guid(9d5a367c7b85746008744fb5eb1c92be) Importer(815301076,1909f56bfc062723c751e8b465ee728b)  -> (artifact id: 'c509cd4f9c21571c1f11001305612806') in 0.013589 seconds 
========================================================================
Received Import Request.
  Time since last request: 0.292034 seconds.
  path: Assets/CloudsToy/Prefabs/Trees/tree_small_1_Textures/shadow.png
  artifactKey: Guid(cd7126cee642f46bba0f32d180564799) Importer(815301076,1909f56bfc062723c751e8b465ee728b)
Start importing Assets/CloudsToy/Prefabs/Trees/tree_small_1_Textures/shadow.png using Guid(cd7126cee642f46bba0f32d180564799) Importer(815301076,1909f56bfc062723c751e8b465ee728b)  -> (artifact id: 'c9031ccfde465a10b99bfef1c366e38e') in 0.013101 seconds 
========================================================================
Received Import Request.
  Time since last request: 0.000019 seconds.
  path: Assets/CloudsToy/Prefabs/Trees/tree_high_2_Textures/shadow.png
  artifactKey: Guid(31e75de6399f34d35abc48ec42241cd9) Importer(815301076,1909f56bfc062723c751e8b465ee728b)
Start importing Assets/CloudsToy/Prefabs/Trees/tree_high_2_Textures/shadow.png using Guid(31e75de6399f34d35abc48ec42241cd9) Importer(815301076,1909f56bfc062723c751e8b465ee728b)  -> (artifact id: 'abf427e543ae985827bf2eaf22290cca') in 0.011622 seconds 
========================================================================
Received Import Request.
  Time since last request: 0.036547 seconds.
  path: Assets/CloudsToy/Prefabs/Trees/Palm Tree_Textures/shadow.png
  artifactKey: Guid(f141fb27004d1fe459981c749ff689a8) Importer(815301076,1909f56bfc062723c751e8b465ee728b)
Start importing Assets/CloudsToy/Prefabs/Trees/Palm Tree_Textures/shadow.png using Guid(f141fb27004d1fe459981c749ff689a8) Importer(815301076,1909f56bfc062723c751e8b465ee728b)  -> (artifact id: '29b5177f4600965712102437649a6fc5') in 0.012201 seconds 
========================================================================
Received Import Request.
  Time since last request: 0.341304 seconds.
  path: Assets/Grass And Flowers Pack 1/Small Tree/Small Tree 7.png
  artifactKey: Guid(bb7fb21294f44974ba010d7559e3efd4) Importer(815301076,1909f56bfc062723c751e8b465ee728b)
Start importing Assets/Grass And Flowers Pack 1/Small Tree/Small Tree 7.png using Guid(bb7fb21294f44974ba010d7559e3efd4) Importer(815301076,1909f56bfc062723c751e8b465ee728b)  -> (artifact id: '291405e681dc00ee5d10e38bdb8bac43') in 0.013248 seconds 
========================================================================
Received Import Request.
  Time since last request: 0.044337 seconds.
  path: Assets/Grass And Flowers Pack 1/Small Tree/Small Tree 9.png
  artifactKey: Guid(756d7c08b0c8b1f4295cd83afc9bd87f) Importer(815301076,1909f56bfc062723c751e8b465ee728b)
Start importing Assets/Grass And Flowers Pack 1/Small Tree/Small Tree 9.png using Guid(756d7c08b0c8b1f4295cd83afc9bd87f) Importer(815301076,1909f56bfc062723c751e8b465ee728b)  -> (artifact id: '7bfb12fb6dea7d045f5f6340cbb642ed') in 0.023214 seconds 
========================================================================
Received Import Request.
  Time since last request: 0.429990 seconds.
  path: Assets/Grass And Flowers Pack 1/Example Scene/Terrain Data.asset
  artifactKey: Guid(eb06af58218e217438a524d2e88e107d) Importer(815301076,1909f56bfc062723c751e8b465ee728b)
Start importing Assets/Grass And Flowers Pack 1/Example Scene/Terrain Data.asset using Guid(eb06af58218e217438a524d2e88e107d) Importer(815301076,1909f56bfc062723c751e8b465ee728b)  -> (artifact id: 'eb834eaa668dc37ce789fad0bfffff40') in 0.252626 seconds 
========================================================================
Received Import Request.
  Time since last request: 0.000056 seconds.
  path: Assets/Grass And Flowers Pack 1/Example Scene/Skyboxes/Textures/Sunny1/Sunny1_left.tif
  artifactKey: Guid(66ebe4da1ef67e64e8aeccb820e409d6) Importer(815301076,1909f56bfc062723c751e8b465ee728b)
Start importing Assets/Grass And Flowers Pack 1/Example Scene/Skyboxes/Textures/Sunny1/Sunny1_left.tif using Guid(66ebe4da1ef67e64e8aeccb820e409d6) Importer(815301076,1909f56bfc062723c751e8b465ee728b)  -> (artifact id: 'a08060593822b0794f6b15e09f47b6f3') in 0.014935 seconds 
========================================================================
Received Import Request.
  Time since last request: 0.221031 seconds.
  path: Assets/CloudsToy/Textures/Skybox/Sunny2/Sunny2_up.tif
  artifactKey: Guid(d1f65ba1b138ee24691d80c48b2522f1) Importer(815301076,1909f56bfc062723c751e8b465ee728b)
Start importing Assets/CloudsToy/Textures/Skybox/Sunny2/Sunny2_up.tif using Guid(d1f65ba1b138ee24691d80c48b2522f1) Importer(815301076,1909f56bfc062723c751e8b465ee728b)  -> (artifact id: '0f8af9eb9214857f2f9668e639f8b9fc') in 0.037788 seconds 
========================================================================
Received Import Request.
  Time since last request: 0.034470 seconds.
  path: Assets/CloudsToy/Prefabs/Trees/tree_small_3_Textures/translucency_gloss.png
  artifactKey: Guid(fd4daf0092708a64cb5fa37f21de6cac) Importer(815301076,1909f56bfc062723c751e8b465ee728b)
Start importing Assets/CloudsToy/Prefabs/Trees/tree_small_3_Textures/translucency_gloss.png using Guid(fd4daf0092708a64cb5fa37f21de6cac) Importer(815301076,1909f56bfc062723c751e8b465ee728b)  -> (artifact id: 'cf9c9f110cdf10f888487c265955a82a') in 0.015240 seconds 
========================================================================
Received Import Request.
  Time since last request: 0.000017 seconds.
  path: Assets/CloudsToy/Prefabs/Trees/tree_small_2_Textures/translucency_gloss.png
  artifactKey: Guid(da3ba80d61be75e49b1d0dd1e68efa02) Importer(815301076,1909f56bfc062723c751e8b465ee728b)
Start importing Assets/CloudsToy/Prefabs/Trees/tree_small_2_Textures/translucency_gloss.png using Guid(da3ba80d61be75e49b1d0dd1e68efa02) Importer(815301076,1909f56bfc062723c751e8b465ee728b)  -> (artifact id: 'b7a2d37989c0b2bd7da3fe758073f11c') in 0.011597 seconds 
========================================================================
Received Import Request.
  Time since last request: 0.329454 seconds.
  path: Assets/CloudsToy/Textures/Terrain/Grass/Weed2.psd
  artifactKey: Guid(cb1bc5bfbd11058b1100de1b44295342) Importer(815301076,1909f56bfc062723c751e8b465ee728b)
Start importing Assets/CloudsToy/Textures/Terrain/Grass/Weed2.psd using Guid(cb1bc5bfbd11058b1100de1b44295342) Importer(815301076,1909f56bfc062723c751e8b465ee728b)  -> (artifact id: 'cc4362d6281102aee5f51d7638ae3153') in 0.014844 seconds 
